{"D:\\test\\renren-fast-vue\\src\\App.vue": {"path":"D:\\test\\renren-fast-vue\\src\\App.vue","statementMap":{"0":{"start":{"line":1,"column":1},"end":{"line":15,"column":4}},"1":{"start":{"line":4,"column":0},"end":{"line":6,"column":3}},"2":{"start":{"line":14,"column":0},"end":{"line":14,"column":21}},"3":{"start":{"line":16,"column":0},"end":{"line":16,"column":70}},"4":{"start":{"line":16,"column":31},"end":{"line":16,"column":70}},"5":{"start":{"line":17,"column":24},"end":{"line":17,"column":100}},"6":{"start":{"line":18,"column":0},"end":{"line":18,"column":179}},"7":{"start":{"line":18,"column":54},"end":{"line":18,"column":58}},"8":{"start":{"line":18,"column":66},"end":{"line":18,"column":84}},"9":{"start":{"line":18,"column":92},"end":{"line":18,"column":108}},"10":{"start":{"line":18,"column":109},"end":{"line":18,"column":178}},"11":{"start":{"line":19,"column":0},"end":{"line":19,"column":37}}},"fnMap":{"0":{"name":"(anonymous_0)","decl":{"start":{"line":1,"column":2},"end":{"line":1,"column":3}},"loc":{"start":{"line":1,"column":12},"end":{"line":15,"column":1}},"line":1},"1":{"name":"render","decl":{"start":{"line":18,"column":35},"end":{"line":18,"column":41}},"loc":{"start":{"line":18,"column":45},"end":{"line":18,"column":179}},"line":18}},"branchMap":{"0":{"loc":{"start":{"line":16,"column":0},"end":{"line":16,"column":70}},"type":"if","locations":[{"start":{"line":16,"column":0},"end":{"line":16,"column":70}},{"start":{"line":16,"column":0},"end":{"line":16,"column":70}}],"line":16},"1":{"loc":{"start":{"line":17,"column":24},"end":{"line":17,"column":100}},"type":"cond-expr","locations":[{"start":{"line":17,"column":62},"end":{"line":17,"column":84}},{"start":{"line":17,"column":86},"end":{"line":17,"column":100}}],"line":17},"2":{"loc":{"start":{"line":18,"column":92},"end":{"line":18,"column":108}},"type":"binary-expr","locations":[{"start":{"line":18,"column":92},"end":{"line":18,"column":104}},{"start":{"line":18,"column":106},"end":{"line":18,"column":108}}],"line":18}},"s":{"0":0,"1":0,"2":0,"3":0,"4":0,"5":0,"6":0,"7":0,"8":0,"9":0,"10":0,"11":0},"f":{"0":0,"1":0},"b":{"0":[0,0],"1":[0,0],"2":[0,0]}}
,"D:\\test\\renren-fast-vue\\src\\api\\index.js": {"path":"D:\\test\\renren-fast-vue\\src\\api\\index.js","statementMap":{"0":{"start":{"line":1,"column":13},"end":{"line":1,"column":75}},"1":{"start":{"line":1,"column":89},"end":{"line":1,"column":116}},"2":{"start":{"line":1,"column":130},"end":{"line":1,"column":162}},"3":{"start":{"line":2,"column":12},"end":{"line":2,"column":37}},"4":{"start":{"line":2,"column":49},"end":{"line":2,"column":79}},"5":{"start":{"line":3,"column":12},"end":{"line":3,"column":37}},"6":{"start":{"line":3,"column":49},"end":{"line":3,"column":79}},"7":{"start":{"line":4,"column":12},"end":{"line":4,"column":37}},"8":{"start":{"line":4,"column":49},"end":{"line":4,"column":79}},"9":{"start":{"line":5,"column":11},"end":{"line":5,"column":35}},"10":{"start":{"line":5,"column":46},"end":{"line":5,"column":75}},"11":{"start":{"line":6,"column":14},"end":{"line":6,"column":41}},"12":{"start":{"line":6,"column":55},"end":{"line":6,"column":87}},"13":{"start":{"line":7,"column":11},"end":{"line":7,"column":35}},"14":{"start":{"line":7,"column":46},"end":{"line":7,"column":75}},"15":{"start":{"line":8,"column":16},"end":{"line":8,"column":45}},"16":{"start":{"line":8,"column":61},"end":{"line":8,"column":95}},"17":{"start":{"line":8,"column":135},"end":{"line":8,"column":351}},"18":{"start":{"line":8,"column":163},"end":{"line":8,"column":174}},"19":{"start":{"line":8,"column":195},"end":{"line":8,"column":197}},"20":{"start":{"line":8,"column":198},"end":{"line":8,"column":315}},"21":{"start":{"line":8,"column":216},"end":{"line":8,"column":314}},"22":{"start":{"line":8,"column":238},"end":{"line":8,"column":313}},"23":{"start":{"line":8,"column":290},"end":{"line":8,"column":313}},"24":{"start":{"line":8,"column":315},"end":{"line":8,"column":336}},"25":{"start":{"line":8,"column":336},"end":{"line":8,"column":350}},"26":{"start":{"line":8,"column":352},"end":{"line":19,"column":2}}},"fnMap":{"0":{"name":"_interopRequireWildcard","decl":{"start":{"line":8,"column":105},"end":{"line":8,"column":128}},"loc":{"start":{"line":8,"column":134},"end":{"line":8,"column":352}},"line":8}},"branchMap":{"0":{"loc":{"start":{"line":8,"column":135},"end":{"line":8,"column":351}},"type":"if","locations":[{"start":{"line":8,"column":135},"end":{"line":8,"column":351}},{"start":{"line":8,"column":135},"end":{"line":8,"column":351}}],"line":8},"1":{"loc":{"start":{"line":8,"column":139},"end":{"line":8,"column":160}},"type":"binary-expr","locations":[{"start":{"line":8,"column":139},"end":{"line":8,"column":142}},{"start":{"line":8,"column":146},"end":{"line":8,"column":160}}],"line":8},"2":{"loc":{"start":{"line":8,"column":198},"end":{"line":8,"column":315}},"type":"if","locations":[{"start":{"line":8,"column":198},"end":{"line":8,"column":315}},{"start":{"line":8,"column":198},"end":{"line":8,"column":315}}],"line":8},"3":{"loc":{"start":{"line":8,"column":238},"end":{"line":8,"column":313}},"type":"if","locations":[{"start":{"line":8,"column":238},"end":{"line":8,"column":313}},{"start":{"line":8,"column":238},"end":{"line":8,"column":313}}],"line":8}},"s":{"0":0,"1":0,"2":0,"3":0,"4":0,"5":0,"6":0,"7":0,"8":0,"9":0,"10":0,"11":0,"12":0,"13":0,"14":0,"15":0,"16":0,"17":0,"18":0,"19":0,"20":0,"21":0,"22":0,"23":0,"24":0,"25":0,"26":0},"f":{"0":0},"b":{"0":[0,0],"1":[0,0],"2":[0,0],"3":[0,0]}}
,"D:\\test\\renren-fast-vue\\src\\api\\request.js": {"path":"D:\\test\\renren-fast-vue\\src\\api\\request.js","statementMap":{"0":{"start":{"line":1,"column":13},"end":{"line":1,"column":75}},"1":{"start":{"line":1,"column":90},"end":{"line":1,"column":130}},"2":{"start":{"line":1,"column":147},"end":{"line":1,"column":179}},"3":{"start":{"line":1,"column":191},"end":{"line":1,"column":205}},"4":{"start":{"line":1,"column":218},"end":{"line":1,"column":246}},"5":{"start":{"line":2,"column":13},"end":{"line":2,"column":29}},"6":{"start":{"line":2,"column":44},"end":{"line":2,"column":74}},"7":{"start":{"line":3,"column":14},"end":{"line":3,"column":33}},"8":{"start":{"line":3,"column":49},"end":{"line":3,"column":80}},"9":{"start":{"line":3,"column":119},"end":{"line":3,"column":173}},"10":{"start":{"line":6,"column":14},"end":{"line":10,"column":58}},"11":{"start":{"line":15,"column":0},"end":{"line":20,"column":3}},"12":{"start":{"line":16,"column":2},"end":{"line":16,"column":62}},"13":{"start":{"line":17,"column":2},"end":{"line":17,"column":16}},"14":{"start":{"line":19,"column":2},"end":{"line":19,"column":41}},"15":{"start":{"line":23,"column":0},"end":{"line":31,"column":3}},"16":{"start":{"line":24,"column":2},"end":{"line":27,"column":3}},"17":{"start":{"line":25,"column":4},"end":{"line":25,"column":41}},"18":{"start":{"line":26,"column":4},"end":{"line":26,"column":45}},"19":{"start":{"line":28,"column":2},"end":{"line":28,"column":18}},"20":{"start":{"line":30,"column":2},"end":{"line":30,"column":41}},"21":{"start":{"line":31,"column":3},"end":{"line":33,"column":8}}},"fnMap":{"0":{"name":"_interopRequireDefault","decl":{"start":{"line":3,"column":90},"end":{"line":3,"column":112}},"loc":{"start":{"line":3,"column":118},"end":{"line":3,"column":174}},"line":3},"1":{"name":"(anonymous_1)","decl":{"start":{"line":15,"column":33},"end":{"line":15,"column":34}},"loc":{"start":{"line":15,"column":51},"end":{"line":18,"column":1}},"line":15},"2":{"name":"(anonymous_2)","decl":{"start":{"line":18,"column":3},"end":{"line":18,"column":4}},"loc":{"start":{"line":18,"column":20},"end":{"line":20,"column":1}},"line":18},"3":{"name":"(anonymous_3)","decl":{"start":{"line":23,"column":34},"end":{"line":23,"column":35}},"loc":{"start":{"line":23,"column":54},"end":{"line":29,"column":1}},"line":23},"4":{"name":"(anonymous_4)","decl":{"start":{"line":29,"column":3},"end":{"line":29,"column":4}},"loc":{"start":{"line":29,"column":20},"end":{"line":31,"column":1}},"line":29}},"branchMap":{"0":{"loc":{"start":{"line":3,"column":126},"end":{"line":3,"column":172}},"type":"cond-expr","locations":[{"start":{"line":3,"column":150},"end":{"line":3,"column":153}},{"start":{"line":3,"column":156},"end":{"line":3,"column":172}}],"line":3},"1":{"loc":{"start":{"line":3,"column":126},"end":{"line":3,"column":147}},"type":"binary-expr","locations":[{"start":{"line":3,"column":126},"end":{"line":3,"column":129}},{"start":{"line":3,"column":133},"end":{"line":3,"column":147}}],"line":3},"2":{"loc":{"start":{"line":24,"column":2},"end":{"line":27,"column":3}},"type":"if","locations":[{"start":{"line":24,"column":2},"end":{"line":27,"column":3}},{"start":{"line":24,"column":2},"end":{"line":27,"column":3}}],"line":24},"3":{"loc":{"start":{"line":24,"column":6},"end":{"line":24,"column":49}},"type":"binary-expr","locations":[{"start":{"line":24,"column":6},"end":{"line":24,"column":19}},{"start":{"line":24,"column":23},"end":{"line":24,"column":49}}],"line":24}},"s":{"0":0,"1":0,"2":0,"3":0,"4":0,"5":0,"6":0,"7":0,"8":0,"9":0,"10":0,"11":0,"12":0,"13":0,"14":0,"15":0,"16":0,"17":0,"18":0,"19":0,"20":0,"21":0},"f":{"0":0,"1":0,"2":0,"3":0,"4":0},"b":{"0":[0,0],"1":[0,0],"2":[0,0],"3":[0,0]}}
,"D:\\test\\renren-fast-vue\\src\\api\\requestParam.js": {"path":"D:\\test\\renren-fast-vue\\src\\api\\requestParam.js","statementMap":{"0":{"start":{"line":1,"column":13},"end":{"line":1,"column":75}},"1":{"start":{"line":1,"column":92},"end":{"line":1,"column":139}},"2":{"start":{"line":1,"column":158},"end":{"line":1,"column":192}},"3":{"start":{"line":1,"column":193},"end":{"line":21,"column":2}},"4":{"start":{"line":13,"column":37},"end":{"line":13,"column":111}},"5":{"start":{"line":13,"column":135},"end":{"line":13,"column":207}},"6":{"start":{"line":13,"column":226},"end":{"line":13,"column":300}},"7":{"start":{"line":15,"column":17},"end":{"line":16,"column":31}},"8":{"start":{"line":18,"column":2},"end":{"line":18,"column":78}},"9":{"start":{"line":19,"column":2},"end":{"line":19,"column":136}},"10":{"start":{"line":20,"column":2},"end":{"line":20,"column":16}},"11":{"start":{"line":21,"column":12},"end":{"line":21,"column":25}},"12":{"start":{"line":21,"column":37},"end":{"line":21,"column":64}},"13":{"start":{"line":21,"column":78},"end":{"line":21,"column":101}},"14":{"start":{"line":21,"column":116},"end":{"line":21,"column":146}},"15":{"start":{"line":21,"column":185},"end":{"line":21,"column":239}}},"fnMap":{"0":{"name":"(anonymous_0)","decl":{"start":{"line":13,"column":0},"end":{"line":13,"column":1}},"loc":{"start":{"line":13,"column":18},"end":{"line":21,"column":1}},"line":13},"1":{"name":"_interopRequireDefault","decl":{"start":{"line":21,"column":156},"end":{"line":21,"column":178}},"loc":{"start":{"line":21,"column":184},"end":{"line":21,"column":240}},"line":21}},"branchMap":{"0":{"loc":{"start":{"line":13,"column":37},"end":{"line":13,"column":111}},"type":"cond-expr","locations":[{"start":{"line":13,"column":90},"end":{"line":13,"column":102}},{"start":{"line":13,"column":105},"end":{"line":13,"column":111}}],"line":13},"1":{"loc":{"start":{"line":13,"column":37},"end":{"line":13,"column":87}},"type":"binary-expr","locations":[{"start":{"line":13,"column":37},"end":{"line":13,"column":57}},{"start":{"line":13,"column":61},"end":{"line":13,"column":87}}],"line":13},"2":{"loc":{"start":{"line":13,"column":135},"end":{"line":13,"column":207}},"type":"cond-expr","locations":[{"start":{"line":13,"column":188},"end":{"line":13,"column":200}},{"start":{"line":13,"column":203},"end":{"line":13,"column":207}}],"line":13},"3":{"loc":{"start":{"line":13,"column":135},"end":{"line":13,"column":185}},"type":"binary-expr","locations":[{"start":{"line":13,"column":135},"end":{"line":13,"column":155}},{"start":{"line":13,"column":159},"end":{"line":13,"column":185}}],"line":13},"4":{"loc":{"start":{"line":13,"column":226},"end":{"line":13,"column":300}},"type":"cond-expr","locations":[{"start":{"line":13,"column":279},"end":{"line":13,"column":291}},{"start":{"line":13,"column":294},"end":{"line":13,"column":300}}],"line":13},"5":{"loc":{"start":{"line":13,"column":226},"end":{"line":13,"column":276}},"type":"binary-expr","locations":[{"start":{"line":13,"column":226},"end":{"line":13,"column":246}},{"start":{"line":13,"column":250},"end":{"line":13,"column":276}}],"line":13},"6":{"loc":{"start":{"line":18,"column":11},"end":{"line":18,"column":77}},"type":"cond-expr","locations":[{"start":{"line":18,"column":30},"end":{"line":18,"column":68}},{"start":{"line":18,"column":71},"end":{"line":18,"column":77}}],"line":18},"7":{"loc":{"start":{"line":19,"column":11},"end":{"line":19,"column":135}},"type":"cond-expr","locations":[{"start":{"line":19,"column":36},"end":{"line":19,"column":126}},{"start":{"line":19,"column":129},"end":{"line":19,"column":135}}],"line":19},"8":{"loc":{"start":{"line":19,"column":36},"end":{"line":19,"column":126}},"type":"cond-expr","locations":[{"start":{"line":19,"column":61},"end":{"line":19,"column":93}},{"start":{"line":19,"column":96},"end":{"line":19,"column":126}}],"line":19},"9":{"loc":{"start":{"line":21,"column":192},"end":{"line":21,"column":238}},"type":"cond-expr","locations":[{"start":{"line":21,"column":216},"end":{"line":21,"column":219}},{"start":{"line":21,"column":222},"end":{"line":21,"column":238}}],"line":21},"10":{"loc":{"start":{"line":21,"column":192},"end":{"line":21,"column":213}},"type":"binary-expr","locations":[{"start":{"line":21,"column":192},"end":{"line":21,"column":195}},{"start":{"line":21,"column":199},"end":{"line":21,"column":213}}],"line":21}},"s":{"0":0,"1":0,"2":0,"3":0,"4":0,"5":0,"6":0,"7":0,"8":0,"9":0,"10":0,"11":0,"12":0,"13":0,"14":0,"15":0},"f":{"0":0,"1":0},"b":{"0":[0,0],"1":[0,0],"2":[0,0],"3":[0,0],"4":[0,0],"5":[0,0],"6":[0,0],"7":[0,0],"8":[0,0],"9":[0,0],"10":[0,0]}}
,"D:\\test\\renren-fast-vue\\src\\api\\requestUrl.js": {"path":"D:\\test\\renren-fast-vue\\src\\api\\requestUrl.js","statementMap":{"0":{"start":{"line":1,"column":13},"end":{"line":1,"column":75}},"1":{"start":{"line":1,"column":75},"end":{"line":8,"column":2}},"2":{"start":{"line":7,"column":2},"end":{"line":7,"column":132}}},"fnMap":{"0":{"name":"(anonymous_0)","decl":{"start":{"line":5,"column":0},"end":{"line":5,"column":1}},"loc":{"start":{"line":5,"column":22},"end":{"line":8,"column":1}},"line":5}},"branchMap":{"0":{"loc":{"start":{"line":7,"column":10},"end":{"line":7,"column":117}},"type":"cond-expr","locations":[{"start":{"line":7,"column":76},"end":{"line":7,"column":88}},{"start":{"line":7,"column":91},"end":{"line":7,"column":117}}],"line":7},"1":{"loc":{"start":{"line":7,"column":10},"end":{"line":7,"column":73}},"type":"binary-expr","locations":[{"start":{"line":7,"column":10},"end":{"line":7,"column":47}},{"start":{"line":7,"column":51},"end":{"line":7,"column":73}}],"line":7}},"s":{"0":0,"1":0,"2":0},"f":{"0":0},"b":{"0":[0,0],"1":[0,0]}}
,"D:\\test\\renren-fast-vue\\src\\api\\modules\\common.js": {"path":"D:\\test\\renren-fast-vue\\src\\api\\modules\\common.js","statementMap":{"0":{"start":{"line":1,"column":13},"end":{"line":1,"column":75}},"1":{"start":{"line":1,"column":75},"end":{"line":6,"column":18}},"2":{"start":{"line":6,"column":18},"end":{"line":11,"column":14}},"3":{"start":{"line":11,"column":14},"end":{"line":20,"column":16}},"4":{"start":{"line":20,"column":31},"end":{"line":20,"column":52}},"5":{"start":{"line":20,"column":69},"end":{"line":20,"column":101}},"6":{"start":{"line":20,"column":120},"end":{"line":20,"column":144}},"7":{"start":{"line":20,"column":164},"end":{"line":20,"column":199}},"8":{"start":{"line":20,"column":220},"end":{"line":20,"column":246}},"9":{"start":{"line":20,"column":268},"end":{"line":20,"column":305}},"10":{"start":{"line":20,"column":344},"end":{"line":20,"column":398}},"11":{"start":{"line":21,"column":24},"end":{"line":21,"column":86}},"12":{"start":{"line":22,"column":24},"end":{"line":22,"column":163}},"13":{"start":{"line":23,"column":19},"end":{"line":24,"column":43}}},"fnMap":{"0":{"name":"_interopRequireDefault","decl":{"start":{"line":20,"column":315},"end":{"line":20,"column":337}},"loc":{"start":{"line":20,"column":343},"end":{"line":20,"column":399}},"line":20},"1":{"name":"captcha","decl":{"start":{"line":21,"column":9},"end":{"line":21,"column":16}},"loc":{"start":{"line":21,"column":23},"end":{"line":21,"column":87}},"line":21},"2":{"name":"login","decl":{"start":{"line":22,"column":9},"end":{"line":22,"column":14}},"loc":{"start":{"line":22,"column":23},"end":{"line":22,"column":164}},"line":22},"3":{"name":"logout","decl":{"start":{"line":23,"column":9},"end":{"line":23,"column":15}},"loc":{"start":{"line":23,"column":18},"end":{"line":26,"column":1}},"line":23}},"branchMap":{"0":{"loc":{"start":{"line":20,"column":351},"end":{"line":20,"column":397}},"type":"cond-expr","locations":[{"start":{"line":20,"column":375},"end":{"line":20,"column":378}},{"start":{"line":20,"column":381},"end":{"line":20,"column":397}}],"line":20},"1":{"loc":{"start":{"line":20,"column":351},"end":{"line":20,"column":372}},"type":"binary-expr","locations":[{"start":{"line":20,"column":351},"end":{"line":20,"column":354}},{"start":{"line":20,"column":358},"end":{"line":20,"column":372}}],"line":20}},"s":{"0":0,"1":0,"2":0,"3":0,"4":0,"5":0,"6":0,"7":0,"8":0,"9":0,"10":0,"11":0,"12":0,"13":0},"f":{"0":0,"1":0,"2":0,"3":0},"b":{"0":[0,0],"1":[0,0]}}
,"D:\\test\\renren-fast-vue\\src\\api\\modules\\config.js": {"path":"D:\\test\\renren-fast-vue\\src\\api\\modules\\config.js","statementMap":{"0":{"start":{"line":1,"column":13},"end":{"line":1,"column":75}},"1":{"start":{"line":1,"column":75},"end":{"line":7,"column":12}},"2":{"start":{"line":7,"column":12},"end":{"line":16,"column":12}},"3":{"start":{"line":16,"column":12},"end":{"line":25,"column":10}},"4":{"start":{"line":25,"column":10},"end":{"line":34,"column":16}},"5":{"start":{"line":34,"column":16},"end":{"line":43,"column":10}},"6":{"start":{"line":43,"column":25},"end":{"line":43,"column":46}},"7":{"start":{"line":43,"column":63},"end":{"line":43,"column":95}},"8":{"start":{"line":43,"column":114},"end":{"line":43,"column":138}},"9":{"start":{"line":43,"column":158},"end":{"line":43,"column":193}},"10":{"start":{"line":43,"column":214},"end":{"line":43,"column":240}},"11":{"start":{"line":43,"column":262},"end":{"line":43,"column":299}},"12":{"start":{"line":43,"column":317},"end":{"line":43,"column":344}},"13":{"start":{"line":43,"column":363},"end":{"line":43,"column":397}},"14":{"start":{"line":43,"column":436},"end":{"line":43,"column":490}},"15":{"start":{"line":44,"column":23},"end":{"line":44,"column":176}},"16":{"start":{"line":45,"column":19},"end":{"line":45,"column":217}},"17":{"start":{"line":46,"column":22},"end":{"line":46,"column":167}},"18":{"start":{"line":47,"column":25},"end":{"line":47,"column":172}},"19":{"start":{"line":48,"column":22},"end":{"line":48,"column":184}}},"fnMap":{"0":{"name":"_interopRequireDefault","decl":{"start":{"line":43,"column":407},"end":{"line":43,"column":429}},"loc":{"start":{"line":43,"column":435},"end":{"line":43,"column":491}},"line":43},"1":{"name":"list","decl":{"start":{"line":44,"column":9},"end":{"line":44,"column":13}},"loc":{"start":{"line":44,"column":22},"end":{"line":44,"column":177}},"line":44},"2":{"name":"info","decl":{"start":{"line":45,"column":9},"end":{"line":45,"column":13}},"loc":{"start":{"line":45,"column":18},"end":{"line":45,"column":218}},"line":45},"3":{"name":"add","decl":{"start":{"line":46,"column":9},"end":{"line":46,"column":12}},"loc":{"start":{"line":46,"column":21},"end":{"line":46,"column":168}},"line":46},"4":{"name":"update","decl":{"start":{"line":47,"column":9},"end":{"line":47,"column":15}},"loc":{"start":{"line":47,"column":24},"end":{"line":47,"column":173}},"line":47},"5":{"name":"del","decl":{"start":{"line":48,"column":9},"end":{"line":48,"column":12}},"loc":{"start":{"line":48,"column":21},"end":{"line":49,"column":1}},"line":48}},"branchMap":{"0":{"loc":{"start":{"line":43,"column":443},"end":{"line":43,"column":489}},"type":"cond-expr","locations":[{"start":{"line":43,"column":467},"end":{"line":43,"column":470}},{"start":{"line":43,"column":473},"end":{"line":43,"column":489}}],"line":43},"1":{"loc":{"start":{"line":43,"column":443},"end":{"line":43,"column":464}},"type":"binary-expr","locations":[{"start":{"line":43,"column":443},"end":{"line":43,"column":446}},{"start":{"line":43,"column":450},"end":{"line":43,"column":464}}],"line":43},"2":{"loc":{"start":{"line":45,"column":104},"end":{"line":45,"column":148}},"type":"cond-expr","locations":[{"start":{"line":45,"column":135},"end":{"line":45,"column":143}},{"start":{"line":45,"column":146},"end":{"line":45,"column":148}}],"line":45}},"s":{"0":0,"1":0,"2":0,"3":0,"4":0,"5":0,"6":0,"7":0,"8":0,"9":0,"10":0,"11":0,"12":0,"13":0,"14":0,"15":0,"16":0,"17":0,"18":0,"19":0},"f":{"0":0,"1":0,"2":0,"3":0,"4":0,"5":0},"b":{"0":[0,0],"1":[0,0],"2":[0,0]}}
,"D:\\test\\renren-fast-vue\\src\\api\\modules\\log.js": {"path":"D:\\test\\renren-fast-vue\\src\\api\\modules\\log.js","statementMap":{"0":{"start":{"line":1,"column":13},"end":{"line":1,"column":75}},"1":{"start":{"line":1,"column":75},"end":{"line":7,"column":12}},"2":{"start":{"line":7,"column":12},"end":{"line":16,"column":28}},"3":{"start":{"line":16,"column":28},"end":{"line":25,"column":28}},"4":{"start":{"line":25,"column":43},"end":{"line":25,"column":64}},"5":{"start":{"line":25,"column":81},"end":{"line":25,"column":113}},"6":{"start":{"line":25,"column":132},"end":{"line":25,"column":156}},"7":{"start":{"line":25,"column":176},"end":{"line":25,"column":211}},"8":{"start":{"line":25,"column":232},"end":{"line":25,"column":258}},"9":{"start":{"line":25,"column":280},"end":{"line":25,"column":317}},"10":{"start":{"line":25,"column":335},"end":{"line":25,"column":362}},"11":{"start":{"line":25,"column":381},"end":{"line":25,"column":415}},"12":{"start":{"line":25,"column":454},"end":{"line":25,"column":508}},"13":{"start":{"line":26,"column":23},"end":{"line":26,"column":173}},"14":{"start":{"line":27,"column":31},"end":{"line":27,"column":189}},"15":{"start":{"line":28,"column":27},"end":{"line":29,"column":54}}},"fnMap":{"0":{"name":"_interopRequireDefault","decl":{"start":{"line":25,"column":425},"end":{"line":25,"column":447}},"loc":{"start":{"line":25,"column":453},"end":{"line":25,"column":509}},"line":25},"1":{"name":"list","decl":{"start":{"line":26,"column":9},"end":{"line":26,"column":13}},"loc":{"start":{"line":26,"column":22},"end":{"line":26,"column":174}},"line":26},"2":{"name":"scheduleList","decl":{"start":{"line":27,"column":9},"end":{"line":27,"column":21}},"loc":{"start":{"line":27,"column":30},"end":{"line":27,"column":190}},"line":27},"3":{"name":"scheduleInfo","decl":{"start":{"line":28,"column":9},"end":{"line":28,"column":21}},"loc":{"start":{"line":28,"column":26},"end":{"line":31,"column":1}},"line":28}},"branchMap":{"0":{"loc":{"start":{"line":25,"column":461},"end":{"line":25,"column":507}},"type":"cond-expr","locations":[{"start":{"line":25,"column":485},"end":{"line":25,"column":488}},{"start":{"line":25,"column":491},"end":{"line":25,"column":507}}],"line":25},"1":{"loc":{"start":{"line":25,"column":461},"end":{"line":25,"column":482}},"type":"binary-expr","locations":[{"start":{"line":25,"column":461},"end":{"line":25,"column":464}},{"start":{"line":25,"column":468},"end":{"line":25,"column":482}}],"line":25},"2":{"loc":{"start":{"line":28,"column":117},"end":{"line":28,"column":161}},"type":"cond-expr","locations":[{"start":{"line":28,"column":148},"end":{"line":28,"column":156}},{"start":{"line":28,"column":159},"end":{"line":28,"column":161}}],"line":28}},"s":{"0":0,"1":0,"2":0,"3":0,"4":0,"5":0,"6":0,"7":0,"8":0,"9":0,"10":0,"11":0,"12":0,"13":0,"14":0,"15":0},"f":{"0":0,"1":0,"2":0,"3":0},"b":{"0":[0,0],"1":[0,0],"2":[0,0]}}
,"D:\\test\\renren-fast-vue\\src\\api\\modules\\menu.js": {"path":"D:\\test\\renren-fast-vue\\src\\api\\modules\\menu.js","statementMap":{"0":{"start":{"line":1,"column":13},"end":{"line":1,"column":75}},"1":{"start":{"line":1,"column":75},"end":{"line":7,"column":10}},"2":{"start":{"line":7,"column":10},"end":{"line":16,"column":12}},"3":{"start":{"line":16,"column":12},"end":{"line":25,"column":16}},"4":{"start":{"line":25,"column":16},"end":{"line":34,"column":12}},"5":{"start":{"line":34,"column":12},"end":{"line":43,"column":10}},"6":{"start":{"line":43,"column":10},"end":{"line":52,"column":16}},"7":{"start":{"line":52,"column":16},"end":{"line":61,"column":10}},"8":{"start":{"line":61,"column":25},"end":{"line":61,"column":46}},"9":{"start":{"line":61,"column":63},"end":{"line":61,"column":95}},"10":{"start":{"line":61,"column":114},"end":{"line":61,"column":138}},"11":{"start":{"line":61,"column":158},"end":{"line":61,"column":193}},"12":{"start":{"line":61,"column":214},"end":{"line":61,"column":240}},"13":{"start":{"line":61,"column":262},"end":{"line":61,"column":299}},"14":{"start":{"line":61,"column":317},"end":{"line":61,"column":344}},"15":{"start":{"line":61,"column":363},"end":{"line":61,"column":397}},"16":{"start":{"line":61,"column":436},"end":{"line":61,"column":490}},"17":{"start":{"line":62,"column":16},"end":{"line":62,"column":162}},"18":{"start":{"line":63,"column":17},"end":{"line":63,"column":164}},"19":{"start":{"line":64,"column":19},"end":{"line":64,"column":168}},"20":{"start":{"line":65,"column":19},"end":{"line":65,"column":215}},"21":{"start":{"line":66,"column":22},"end":{"line":66,"column":165}},"22":{"start":{"line":67,"column":25},"end":{"line":67,"column":170}},"23":{"start":{"line":68,"column":18},"end":{"line":68,"column":206}}},"fnMap":{"0":{"name":"_interopRequireDefault","decl":{"start":{"line":61,"column":407},"end":{"line":61,"column":429}},"loc":{"start":{"line":61,"column":435},"end":{"line":61,"column":491}},"line":61},"1":{"name":"nav","decl":{"start":{"line":62,"column":9},"end":{"line":62,"column":12}},"loc":{"start":{"line":62,"column":15},"end":{"line":62,"column":163}},"line":62},"2":{"name":"list","decl":{"start":{"line":63,"column":9},"end":{"line":63,"column":13}},"loc":{"start":{"line":63,"column":16},"end":{"line":63,"column":165}},"line":63},"3":{"name":"select","decl":{"start":{"line":64,"column":9},"end":{"line":64,"column":15}},"loc":{"start":{"line":64,"column":18},"end":{"line":64,"column":169}},"line":64},"4":{"name":"info","decl":{"start":{"line":65,"column":9},"end":{"line":65,"column":13}},"loc":{"start":{"line":65,"column":18},"end":{"line":65,"column":216}},"line":65},"5":{"name":"add","decl":{"start":{"line":66,"column":9},"end":{"line":66,"column":12}},"loc":{"start":{"line":66,"column":21},"end":{"line":66,"column":166}},"line":66},"6":{"name":"update","decl":{"start":{"line":67,"column":9},"end":{"line":67,"column":15}},"loc":{"start":{"line":67,"column":24},"end":{"line":67,"column":171}},"line":67},"7":{"name":"del","decl":{"start":{"line":68,"column":9},"end":{"line":68,"column":12}},"loc":{"start":{"line":68,"column":17},"end":{"line":68,"column":207}},"line":68}},"branchMap":{"0":{"loc":{"start":{"line":61,"column":443},"end":{"line":61,"column":489}},"type":"cond-expr","locations":[{"start":{"line":61,"column":467},"end":{"line":61,"column":470}},{"start":{"line":61,"column":473},"end":{"line":61,"column":489}}],"line":61},"1":{"loc":{"start":{"line":61,"column":443},"end":{"line":61,"column":464}},"type":"binary-expr","locations":[{"start":{"line":61,"column":443},"end":{"line":61,"column":446}},{"start":{"line":61,"column":450},"end":{"line":61,"column":464}}],"line":61},"2":{"loc":{"start":{"line":65,"column":102},"end":{"line":65,"column":146}},"type":"cond-expr","locations":[{"start":{"line":65,"column":133},"end":{"line":65,"column":141}},{"start":{"line":65,"column":144},"end":{"line":65,"column":146}}],"line":65},"3":{"loc":{"start":{"line":68,"column":103},"end":{"line":68,"column":147}},"type":"cond-expr","locations":[{"start":{"line":68,"column":134},"end":{"line":68,"column":142}},{"start":{"line":68,"column":145},"end":{"line":68,"column":147}}],"line":68}},"s":{"0":0,"1":0,"2":0,"3":0,"4":0,"5":0,"6":0,"7":0,"8":0,"9":0,"10":0,"11":0,"12":0,"13":0,"14":0,"15":0,"16":0,"17":0,"18":0,"19":0,"20":0,"21":0,"22":0,"23":0},"f":{"0":0,"1":0,"2":0,"3":0,"4":0,"5":0,"6":0,"7":0},"b":{"0":[0,0],"1":[0,0],"2":[0,0],"3":[0,0]}}
,"D:\\test\\renren-fast-vue\\src\\api\\modules\\oss.js": {"path":"D:\\test\\renren-fast-vue\\src\\api\\modules\\oss.js","statementMap":{"0":{"start":{"line":1,"column":13},"end":{"line":1,"column":75}},"1":{"start":{"line":1,"column":75},"end":{"line":6,"column":12}},"2":{"start":{"line":6,"column":12},"end":{"line":15,"column":16}},"3":{"start":{"line":15,"column":16},"end":{"line":24,"column":22}},"4":{"start":{"line":24,"column":22},"end":{"line":33,"column":16}},"5":{"start":{"line":33,"column":16},"end":{"line":38,"column":10}},"6":{"start":{"line":38,"column":25},"end":{"line":38,"column":46}},"7":{"start":{"line":38,"column":63},"end":{"line":38,"column":95}},"8":{"start":{"line":38,"column":114},"end":{"line":38,"column":138}},"9":{"start":{"line":38,"column":158},"end":{"line":38,"column":193}},"10":{"start":{"line":38,"column":214},"end":{"line":38,"column":240}},"11":{"start":{"line":38,"column":262},"end":{"line":38,"column":299}},"12":{"start":{"line":38,"column":338},"end":{"line":38,"column":392}},"13":{"start":{"line":39,"column":23},"end":{"line":39,"column":173}},"14":{"start":{"line":40,"column":19},"end":{"line":40,"column":167}},"15":{"start":{"line":41,"column":28},"end":{"line":41,"column":176}},"16":{"start":{"line":42,"column":24},"end":{"line":42,"column":91}},"17":{"start":{"line":43,"column":22},"end":{"line":43,"column":181}}},"fnMap":{"0":{"name":"_interopRequireDefault","decl":{"start":{"line":38,"column":309},"end":{"line":38,"column":331}},"loc":{"start":{"line":38,"column":337},"end":{"line":38,"column":393}},"line":38},"1":{"name":"list","decl":{"start":{"line":39,"column":9},"end":{"line":39,"column":13}},"loc":{"start":{"line":39,"column":22},"end":{"line":39,"column":174}},"line":39},"2":{"name":"config","decl":{"start":{"line":40,"column":9},"end":{"line":40,"column":15}},"loc":{"start":{"line":40,"column":18},"end":{"line":40,"column":168}},"line":40},"3":{"name":"addConfig","decl":{"start":{"line":41,"column":9},"end":{"line":41,"column":18}},"loc":{"start":{"line":41,"column":27},"end":{"line":41,"column":177}},"line":41},"4":{"name":"upload","decl":{"start":{"line":42,"column":9},"end":{"line":42,"column":15}},"loc":{"start":{"line":42,"column":23},"end":{"line":42,"column":92}},"line":42},"5":{"name":"del","decl":{"start":{"line":43,"column":9},"end":{"line":43,"column":12}},"loc":{"start":{"line":43,"column":21},"end":{"line":44,"column":1}},"line":43}},"branchMap":{"0":{"loc":{"start":{"line":38,"column":345},"end":{"line":38,"column":391}},"type":"cond-expr","locations":[{"start":{"line":38,"column":369},"end":{"line":38,"column":372}},{"start":{"line":38,"column":375},"end":{"line":38,"column":391}}],"line":38},"1":{"loc":{"start":{"line":38,"column":345},"end":{"line":38,"column":366}},"type":"binary-expr","locations":[{"start":{"line":38,"column":345},"end":{"line":38,"column":348}},{"start":{"line":38,"column":352},"end":{"line":38,"column":366}}],"line":38}},"s":{"0":0,"1":0,"2":0,"3":0,"4":0,"5":0,"6":0,"7":0,"8":0,"9":0,"10":0,"11":0,"12":0,"13":0,"14":0,"15":0,"16":0,"17":0},"f":{"0":0,"1":0,"2":0,"3":0,"4":0,"5":0},"b":{"0":[0,0],"1":[0,0]}}
,"D:\\test\\renren-fast-vue\\src\\api\\modules\\role.js": {"path":"D:\\test\\renren-fast-vue\\src\\api\\modules\\role.js","statementMap":{"0":{"start":{"line":1,"column":13},"end":{"line":1,"column":75}},"1":{"start":{"line":1,"column":75},"end":{"line":7,"column":12}},"2":{"start":{"line":7,"column":12},"end":{"line":16,"column":16}},"3":{"start":{"line":16,"column":16},"end":{"line":25,"column":12}},"4":{"start":{"line":25,"column":12},"end":{"line":34,"column":10}},"5":{"start":{"line":34,"column":10},"end":{"line":43,"column":16}},"6":{"start":{"line":43,"column":16},"end":{"line":52,"column":10}},"7":{"start":{"line":52,"column":25},"end":{"line":52,"column":46}},"8":{"start":{"line":52,"column":63},"end":{"line":52,"column":95}},"9":{"start":{"line":52,"column":114},"end":{"line":52,"column":138}},"10":{"start":{"line":52,"column":158},"end":{"line":52,"column":193}},"11":{"start":{"line":52,"column":214},"end":{"line":52,"column":240}},"12":{"start":{"line":52,"column":262},"end":{"line":52,"column":299}},"13":{"start":{"line":52,"column":317},"end":{"line":52,"column":344}},"14":{"start":{"line":52,"column":363},"end":{"line":52,"column":397}},"15":{"start":{"line":52,"column":436},"end":{"line":52,"column":490}},"16":{"start":{"line":53,"column":23},"end":{"line":53,"column":174}},"17":{"start":{"line":54,"column":19},"end":{"line":54,"column":168}},"18":{"start":{"line":55,"column":19},"end":{"line":55,"column":215}},"19":{"start":{"line":56,"column":22},"end":{"line":56,"column":165}},"20":{"start":{"line":57,"column":25},"end":{"line":57,"column":170}},"21":{"start":{"line":58,"column":22},"end":{"line":58,"column":182}}},"fnMap":{"0":{"name":"_interopRequireDefault","decl":{"start":{"line":52,"column":407},"end":{"line":52,"column":429}},"loc":{"start":{"line":52,"column":435},"end":{"line":52,"column":491}},"line":52},"1":{"name":"list","decl":{"start":{"line":53,"column":9},"end":{"line":53,"column":13}},"loc":{"start":{"line":53,"column":22},"end":{"line":53,"column":175}},"line":53},"2":{"name":"select","decl":{"start":{"line":54,"column":9},"end":{"line":54,"column":15}},"loc":{"start":{"line":54,"column":18},"end":{"line":54,"column":169}},"line":54},"3":{"name":"info","decl":{"start":{"line":55,"column":9},"end":{"line":55,"column":13}},"loc":{"start":{"line":55,"column":18},"end":{"line":55,"column":216}},"line":55},"4":{"name":"add","decl":{"start":{"line":56,"column":9},"end":{"line":56,"column":12}},"loc":{"start":{"line":56,"column":21},"end":{"line":56,"column":166}},"line":56},"5":{"name":"update","decl":{"start":{"line":57,"column":9},"end":{"line":57,"column":15}},"loc":{"start":{"line":57,"column":24},"end":{"line":57,"column":171}},"line":57},"6":{"name":"del","decl":{"start":{"line":58,"column":9},"end":{"line":58,"column":12}},"loc":{"start":{"line":58,"column":21},"end":{"line":58,"column":183}},"line":58}},"branchMap":{"0":{"loc":{"start":{"line":52,"column":443},"end":{"line":52,"column":489}},"type":"cond-expr","locations":[{"start":{"line":52,"column":467},"end":{"line":52,"column":470}},{"start":{"line":52,"column":473},"end":{"line":52,"column":489}}],"line":52},"1":{"loc":{"start":{"line":52,"column":443},"end":{"line":52,"column":464}},"type":"binary-expr","locations":[{"start":{"line":52,"column":443},"end":{"line":52,"column":446}},{"start":{"line":52,"column":450},"end":{"line":52,"column":464}}],"line":52},"2":{"loc":{"start":{"line":55,"column":102},"end":{"line":55,"column":146}},"type":"cond-expr","locations":[{"start":{"line":55,"column":133},"end":{"line":55,"column":141}},{"start":{"line":55,"column":144},"end":{"line":55,"column":146}}],"line":55}},"s":{"0":0,"1":0,"2":0,"3":0,"4":0,"5":0,"6":0,"7":0,"8":0,"9":0,"10":0,"11":0,"12":0,"13":0,"14":0,"15":0,"16":0,"17":0,"18":0,"19":0,"20":0,"21":0},"f":{"0":0,"1":0,"2":0,"3":0,"4":0,"5":0,"6":0},"b":{"0":[0,0],"1":[0,0],"2":[0,0]}}
,"D:\\test\\renren-fast-vue\\src\\api\\modules\\schedule.js": {"path":"D:\\test\\renren-fast-vue\\src\\api\\modules\\schedule.js","statementMap":{"0":{"start":{"line":1,"column":13},"end":{"line":1,"column":75}},"1":{"start":{"line":1,"column":75},"end":{"line":7,"column":12}},"2":{"start":{"line":7,"column":12},"end":{"line":16,"column":12}},"3":{"start":{"line":16,"column":12},"end":{"line":25,"column":10}},"4":{"start":{"line":25,"column":10},"end":{"line":34,"column":16}},"5":{"start":{"line":34,"column":16},"end":{"line":43,"column":10}},"6":{"start":{"line":43,"column":10},"end":{"line":52,"column":10}},"7":{"start":{"line":52,"column":10},"end":{"line":61,"column":14}},"8":{"start":{"line":61,"column":14},"end":{"line":70,"column":16}},"9":{"start":{"line":70,"column":31},"end":{"line":70,"column":52}},"10":{"start":{"line":70,"column":69},"end":{"line":70,"column":101}},"11":{"start":{"line":70,"column":120},"end":{"line":70,"column":144}},"12":{"start":{"line":70,"column":164},"end":{"line":70,"column":199}},"13":{"start":{"line":70,"column":220},"end":{"line":70,"column":246}},"14":{"start":{"line":70,"column":268},"end":{"line":70,"column":305}},"15":{"start":{"line":70,"column":323},"end":{"line":70,"column":350}},"16":{"start":{"line":70,"column":369},"end":{"line":70,"column":403}},"17":{"start":{"line":70,"column":442},"end":{"line":70,"column":496}},"18":{"start":{"line":71,"column":23},"end":{"line":71,"column":178}},"19":{"start":{"line":72,"column":19},"end":{"line":72,"column":219}},"20":{"start":{"line":73,"column":22},"end":{"line":73,"column":169}},"21":{"start":{"line":74,"column":25},"end":{"line":74,"column":174}},"22":{"start":{"line":75,"column":22},"end":{"line":75,"column":186}},"23":{"start":{"line":76,"column":22},"end":{"line":76,"column":183}},"24":{"start":{"line":77,"column":24},"end":{"line":77,"column":187}},"25":{"start":{"line":78,"column":25},"end":{"line":78,"column":189}}},"fnMap":{"0":{"name":"_interopRequireDefault","decl":{"start":{"line":70,"column":413},"end":{"line":70,"column":435}},"loc":{"start":{"line":70,"column":441},"end":{"line":70,"column":497}},"line":70},"1":{"name":"list","decl":{"start":{"line":71,"column":9},"end":{"line":71,"column":13}},"loc":{"start":{"line":71,"column":22},"end":{"line":71,"column":179}},"line":71},"2":{"name":"info","decl":{"start":{"line":72,"column":9},"end":{"line":72,"column":13}},"loc":{"start":{"line":72,"column":18},"end":{"line":72,"column":220}},"line":72},"3":{"name":"add","decl":{"start":{"line":73,"column":9},"end":{"line":73,"column":12}},"loc":{"start":{"line":73,"column":21},"end":{"line":73,"column":170}},"line":73},"4":{"name":"update","decl":{"start":{"line":74,"column":9},"end":{"line":74,"column":15}},"loc":{"start":{"line":74,"column":24},"end":{"line":74,"column":175}},"line":74},"5":{"name":"del","decl":{"start":{"line":75,"column":9},"end":{"line":75,"column":12}},"loc":{"start":{"line":75,"column":21},"end":{"line":75,"column":187}},"line":75},"6":{"name":"run","decl":{"start":{"line":76,"column":9},"end":{"line":76,"column":12}},"loc":{"start":{"line":76,"column":21},"end":{"line":76,"column":184}},"line":76},"7":{"name":"pause","decl":{"start":{"line":77,"column":9},"end":{"line":77,"column":14}},"loc":{"start":{"line":77,"column":23},"end":{"line":77,"column":188}},"line":77},"8":{"name":"resume","decl":{"start":{"line":78,"column":9},"end":{"line":78,"column":15}},"loc":{"start":{"line":78,"column":24},"end":{"line":78,"column":190}},"line":78}},"branchMap":{"0":{"loc":{"start":{"line":70,"column":449},"end":{"line":70,"column":495}},"type":"cond-expr","locations":[{"start":{"line":70,"column":473},"end":{"line":70,"column":476}},{"start":{"line":70,"column":479},"end":{"line":70,"column":495}}],"line":70},"1":{"loc":{"start":{"line":70,"column":449},"end":{"line":70,"column":470}},"type":"binary-expr","locations":[{"start":{"line":70,"column":449},"end":{"line":70,"column":452}},{"start":{"line":70,"column":456},"end":{"line":70,"column":470}}],"line":70},"2":{"loc":{"start":{"line":72,"column":106},"end":{"line":72,"column":150}},"type":"cond-expr","locations":[{"start":{"line":72,"column":137},"end":{"line":72,"column":145}},{"start":{"line":72,"column":148},"end":{"line":72,"column":150}}],"line":72}},"s":{"0":0,"1":0,"2":0,"3":0,"4":0,"5":0,"6":0,"7":0,"8":0,"9":0,"10":0,"11":0,"12":0,"13":0,"14":0,"15":0,"16":0,"17":0,"18":0,"19":0,"20":0,"21":0,"22":0,"23":0,"24":0,"25":0},"f":{"0":0,"1":0,"2":0,"3":0,"4":0,"5":0,"6":0,"7":0,"8":0},"b":{"0":[0,0],"1":[0,0],"2":[0,0]}}
,"D:\\test\\renren-fast-vue\\src\\api\\modules\\user.js": {"path":"D:\\test\\renren-fast-vue\\src\\api\\modules\\user.js","statementMap":{"0":{"start":{"line":1,"column":13},"end":{"line":1,"column":75}},"1":{"start":{"line":1,"column":75},"end":{"line":7,"column":12}},"2":{"start":{"line":7,"column":12},"end":{"line":16,"column":12}},"3":{"start":{"line":16,"column":12},"end":{"line":25,"column":32}},"4":{"start":{"line":25,"column":32},"end":{"line":34,"column":10}},"5":{"start":{"line":34,"column":10},"end":{"line":43,"column":16}},"6":{"start":{"line":43,"column":16},"end":{"line":52,"column":10}},"7":{"start":{"line":52,"column":25},"end":{"line":52,"column":46}},"8":{"start":{"line":52,"column":63},"end":{"line":52,"column":95}},"9":{"start":{"line":52,"column":114},"end":{"line":52,"column":138}},"10":{"start":{"line":52,"column":158},"end":{"line":52,"column":193}},"11":{"start":{"line":52,"column":214},"end":{"line":52,"column":240}},"12":{"start":{"line":52,"column":262},"end":{"line":52,"column":299}},"13":{"start":{"line":52,"column":317},"end":{"line":52,"column":344}},"14":{"start":{"line":52,"column":363},"end":{"line":52,"column":397}},"15":{"start":{"line":52,"column":436},"end":{"line":52,"column":490}},"16":{"start":{"line":53,"column":23},"end":{"line":53,"column":174}},"17":{"start":{"line":54,"column":19},"end":{"line":54,"column":215}},"18":{"start":{"line":55,"column":33},"end":{"line":55,"column":180}},"19":{"start":{"line":56,"column":22},"end":{"line":56,"column":165}},"20":{"start":{"line":57,"column":25},"end":{"line":57,"column":170}},"21":{"start":{"line":58,"column":22},"end":{"line":58,"column":182}}},"fnMap":{"0":{"name":"_interopRequireDefault","decl":{"start":{"line":52,"column":407},"end":{"line":52,"column":429}},"loc":{"start":{"line":52,"column":435},"end":{"line":52,"column":491}},"line":52},"1":{"name":"list","decl":{"start":{"line":53,"column":9},"end":{"line":53,"column":13}},"loc":{"start":{"line":53,"column":22},"end":{"line":53,"column":175}},"line":53},"2":{"name":"info","decl":{"start":{"line":54,"column":9},"end":{"line":54,"column":13}},"loc":{"start":{"line":54,"column":18},"end":{"line":54,"column":216}},"line":54},"3":{"name":"updatePassword","decl":{"start":{"line":55,"column":9},"end":{"line":55,"column":23}},"loc":{"start":{"line":55,"column":32},"end":{"line":55,"column":181}},"line":55},"4":{"name":"add","decl":{"start":{"line":56,"column":9},"end":{"line":56,"column":12}},"loc":{"start":{"line":56,"column":21},"end":{"line":56,"column":166}},"line":56},"5":{"name":"update","decl":{"start":{"line":57,"column":9},"end":{"line":57,"column":15}},"loc":{"start":{"line":57,"column":24},"end":{"line":57,"column":171}},"line":57},"6":{"name":"del","decl":{"start":{"line":58,"column":9},"end":{"line":58,"column":12}},"loc":{"start":{"line":58,"column":21},"end":{"line":58,"column":183}},"line":58}},"branchMap":{"0":{"loc":{"start":{"line":52,"column":443},"end":{"line":52,"column":489}},"type":"cond-expr","locations":[{"start":{"line":52,"column":467},"end":{"line":52,"column":470}},{"start":{"line":52,"column":473},"end":{"line":52,"column":489}}],"line":52},"1":{"loc":{"start":{"line":52,"column":443},"end":{"line":52,"column":464}},"type":"binary-expr","locations":[{"start":{"line":52,"column":443},"end":{"line":52,"column":446}},{"start":{"line":52,"column":450},"end":{"line":52,"column":464}}],"line":52},"2":{"loc":{"start":{"line":54,"column":102},"end":{"line":54,"column":146}},"type":"cond-expr","locations":[{"start":{"line":54,"column":133},"end":{"line":54,"column":141}},{"start":{"line":54,"column":144},"end":{"line":54,"column":146}}],"line":54}},"s":{"0":0,"1":0,"2":0,"3":0,"4":0,"5":0,"6":0,"7":0,"8":0,"9":0,"10":0,"11":0,"12":0,"13":0,"14":0,"15":0,"16":0,"17":0,"18":0,"19":0,"20":0,"21":0},"f":{"0":0,"1":0,"2":0,"3":0,"4":0,"5":0,"6":0},"b":{"0":[0,0],"1":[0,0],"2":[0,0]}}
,"D:\\test\\renren-fast-vue\\src\\components\\icon-svg\\index.vue": {"path":"D:\\test\\renren-fast-vue\\src\\components\\icon-svg\\index.vue","statementMap":{"0":{"start":{"line":1,"column":1},"end":{"line":44,"column":4}},"1":{"start":{"line":4,"column":0},"end":{"line":6,"column":3}},"2":{"start":{"line":18,"column":0},"end":{"line":43,"column":2}},"3":{"start":{"line":37,"column":6},"end":{"line":37,"column":34}},"4":{"start":{"line":40,"column":6},"end":{"line":40,"column":124}},"5":{"start":{"line":45,"column":0},"end":{"line":45,"column":70}},"6":{"start":{"line":45,"column":31},"end":{"line":45,"column":70}},"7":{"start":{"line":46,"column":24},"end":{"line":46,"column":100}},"8":{"start":{"line":47,"column":0},"end":{"line":47,"column":265}},"9":{"start":{"line":47,"column":54},"end":{"line":47,"column":58}},"10":{"start":{"line":47,"column":66},"end":{"line":47,"column":84}},"11":{"start":{"line":47,"column":92},"end":{"line":47,"column":108}},"12":{"start":{"line":47,"column":109},"end":{"line":47,"column":264}},"13":{"start":{"line":48,"column":0},"end":{"line":48,"column":37}}},"fnMap":{"0":{"name":"(anonymous_0)","decl":{"start":{"line":1,"column":2},"end":{"line":1,"column":3}},"loc":{"start":{"line":1,"column":12},"end":{"line":44,"column":1}},"line":1},"1":{"name":"getName","decl":{"start":{"line":36,"column":22},"end":{"line":36,"column":29}},"loc":{"start":{"line":36,"column":32},"end":{"line":38,"column":5}},"line":36},"2":{"name":"getClassName","decl":{"start":{"line":39,"column":27},"end":{"line":39,"column":39}},"loc":{"start":{"line":39,"column":42},"end":{"line":41,"column":5}},"line":39},"3":{"name":"render","decl":{"start":{"line":47,"column":35},"end":{"line":47,"column":41}},"loc":{"start":{"line":47,"column":45},"end":{"line":47,"column":265}},"line":47}},"branchMap":{"0":{"loc":{"start":{"line":40,"column":52},"end":{"line":40,"column":122}},"type":"cond-expr","locations":[{"start":{"line":40,"column":98},"end":{"line":40,"column":117}},{"start":{"line":40,"column":120},"end":{"line":40,"column":122}}],"line":40},"1":{"loc":{"start":{"line":40,"column":52},"end":{"line":40,"column":95}},"type":"binary-expr","locations":[{"start":{"line":40,"column":52},"end":{"line":40,"column":66}},{"start":{"line":40,"column":70},"end":{"line":40,"column":95}}],"line":40},"2":{"loc":{"start":{"line":45,"column":0},"end":{"line":45,"column":70}},"type":"if","locations":[{"start":{"line":45,"column":0},"end":{"line":45,"column":70}},{"start":{"line":45,"column":0},"end":{"line":45,"column":70}}],"line":45},"3":{"loc":{"start":{"line":46,"column":24},"end":{"line":46,"column":100}},"type":"cond-expr","locations":[{"start":{"line":46,"column":62},"end":{"line":46,"column":84}},{"start":{"line":46,"column":86},"end":{"line":46,"column":100}}],"line":46},"4":{"loc":{"start":{"line":47,"column":92},"end":{"line":47,"column":108}},"type":"binary-expr","locations":[{"start":{"line":47,"column":92},"end":{"line":47,"column":104}},{"start":{"line":47,"column":106},"end":{"line":47,"column":108}}],"line":47}},"s":{"0":0,"1":0,"2":0,"3":0,"4":0,"5":0,"6":0,"7":0,"8":0,"9":0,"10":0,"11":0,"12":0,"13":0},"f":{"0":0,"1":0,"2":0,"3":0},"b":{"0":[0,0],"1":[0,0],"2":[0,0],"3":[0,0],"4":[0,0]}}
,"D:\\test\\renren-fast-vue\\src\\components\\sub-menu-nav\\index.vue": {"path":"D:\\test\\renren-fast-vue\\src\\components\\sub-menu-nav\\index.vue","statementMap":{"0":{"start":{"line":1,"column":1},"end":{"line":61,"column":4}},"1":{"start":{"line":4,"column":0},"end":{"line":6,"column":3}},"2":{"start":{"line":8,"column":18},"end":{"line":8,"column":44}},"3":{"start":{"line":10,"column":19},"end":{"line":10,"column":54}},"4":{"start":{"line":12,"column":13},"end":{"line":12,"column":31}},"5":{"start":{"line":14,"column":39},"end":{"line":14,"column":93}},"6":{"start":{"line":42,"column":0},"end":{"line":60,"column":2}},"7":{"start":{"line":54,"column":22},"end":{"line":54,"column":56}},"8":{"start":{"line":55,"column":6},"end":{"line":57,"column":7}},"9":{"start":{"line":56,"column":8},"end":{"line":56,"column":47}},"10":{"start":{"line":62,"column":0},"end":{"line":62,"column":70}},"11":{"start":{"line":62,"column":31},"end":{"line":62,"column":70}},"12":{"start":{"line":63,"column":24},"end":{"line":63,"column":100}},"13":{"start":{"line":64,"column":0},"end":{"line":64,"column":925}},"14":{"start":{"line":64,"column":54},"end":{"line":64,"column":58}},"15":{"start":{"line":64,"column":66},"end":{"line":64,"column":84}},"16":{"start":{"line":64,"column":92},"end":{"line":64,"column":108}},"17":{"start":{"line":64,"column":109},"end":{"line":64,"column":924}},"18":{"start":{"line":64,"column":527},"end":{"line":64,"column":594}},"19":{"start":{"line":64,"column":724},"end":{"line":64,"column":760}},"20":{"start":{"line":65,"column":0},"end":{"line":65,"column":37}}},"fnMap":{"0":{"name":"(anonymous_0)","decl":{"start":{"line":1,"column":2},"end":{"line":1,"column":3}},"loc":{"start":{"line":1,"column":12},"end":{"line":61,"column":1}},"line":1},"1":{"name":"_interopRequireDefault","decl":{"start":{"line":14,"column":9},"end":{"line":14,"column":31}},"loc":{"start":{"line":14,"column":37},"end":{"line":14,"column":95}},"line":14},"2":{"name":"gotoRouteHandle","decl":{"start":{"line":53,"column":30},"end":{"line":53,"column":45}},"loc":{"start":{"line":53,"column":51},"end":{"line":58,"column":5}},"line":53},"3":{"name":"render","decl":{"start":{"line":64,"column":35},"end":{"line":64,"column":41}},"loc":{"start":{"line":64,"column":45},"end":{"line":64,"column":925}},"line":64},"4":{"name":"(anonymous_4)","decl":{"start":{"line":64,"column":512},"end":{"line":64,"column":513}},"loc":{"start":{"line":64,"column":526},"end":{"line":64,"column":595}},"line":64},"5":{"name":"(anonymous_5)","decl":{"start":{"line":64,"column":707},"end":{"line":64,"column":708}},"loc":{"start":{"line":64,"column":723},"end":{"line":64,"column":761}},"line":64}},"branchMap":{"0":{"loc":{"start":{"line":14,"column":46},"end":{"line":14,"column":92}},"type":"cond-expr","locations":[{"start":{"line":14,"column":70},"end":{"line":14,"column":73}},{"start":{"line":14,"column":76},"end":{"line":14,"column":92}}],"line":14},"1":{"loc":{"start":{"line":14,"column":46},"end":{"line":14,"column":67}},"type":"binary-expr","locations":[{"start":{"line":14,"column":46},"end":{"line":14,"column":49}},{"start":{"line":14,"column":53},"end":{"line":14,"column":67}}],"line":14},"2":{"loc":{"start":{"line":55,"column":6},"end":{"line":57,"column":7}},"type":"if","locations":[{"start":{"line":55,"column":6},"end":{"line":57,"column":7}},{"start":{"line":55,"column":6},"end":{"line":57,"column":7}}],"line":55},"3":{"loc":{"start":{"line":62,"column":0},"end":{"line":62,"column":70}},"type":"if","locations":[{"start":{"line":62,"column":0},"end":{"line":62,"column":70}},{"start":{"line":62,"column":0},"end":{"line":62,"column":70}}],"line":62},"4":{"loc":{"start":{"line":63,"column":24},"end":{"line":63,"column":100}},"type":"cond-expr","locations":[{"start":{"line":63,"column":62},"end":{"line":63,"column":84}},{"start":{"line":63,"column":86},"end":{"line":63,"column":100}}],"line":63},"5":{"loc":{"start":{"line":64,"column":92},"end":{"line":64,"column":108}},"type":"binary-expr","locations":[{"start":{"line":64,"column":92},"end":{"line":64,"column":104}},{"start":{"line":64,"column":106},"end":{"line":64,"column":108}}],"line":64},"6":{"loc":{"start":{"line":64,"column":116},"end":{"line":64,"column":924}},"type":"cond-expr","locations":[{"start":{"line":64,"column":167},"end":{"line":64,"column":600}},{"start":{"line":64,"column":601},"end":{"line":64,"column":924}}],"line":64},"7":{"loc":{"start":{"line":64,"column":117},"end":{"line":64,"column":165}},"type":"binary-expr","locations":[{"start":{"line":64,"column":117},"end":{"line":64,"column":133}},{"start":{"line":64,"column":137},"end":{"line":64,"column":165}}],"line":64},"8":{"loc":{"start":{"line":64,"column":356},"end":{"line":64,"column":410}},"type":"cond-expr","locations":[{"start":{"line":64,"column":375},"end":{"line":64,"column":391}},{"start":{"line":64,"column":394},"end":{"line":64,"column":410}}],"line":64},"9":{"loc":{"start":{"line":64,"column":807},"end":{"line":64,"column":861}},"type":"cond-expr","locations":[{"start":{"line":64,"column":826},"end":{"line":64,"column":842}},{"start":{"line":64,"column":845},"end":{"line":64,"column":861}}],"line":64}},"s":{"0":0,"1":0,"2":0,"3":0,"4":0,"5":0,"6":0,"7":0,"8":0,"9":0,"10":0,"11":0,"12":0,"13":0,"14":0,"15":0,"16":0,"17":0,"18":0,"19":0,"20":0},"f":{"0":0,"1":0,"2":0,"3":0,"4":0,"5":0},"b":{"0":[0,0],"1":[0,0],"2":[0,0],"3":[0,0],"4":[0,0],"5":[0,0],"6":[0,0],"7":[0,0],"8":[0,0],"9":[0,0]}}
,"D:\\test\\renren-fast-vue\\src\\components\\table-tree-column\\index.vue": {"path":"D:\\test\\renren-fast-vue\\src\\components\\table-tree-column\\index.vue","statementMap":{"0":{"start":{"line":1,"column":1},"end":{"line":97,"column":4}},"1":{"start":{"line":4,"column":0},"end":{"line":6,"column":3}},"2":{"start":{"line":8,"column":15},"end":{"line":8,"column":40}},"3":{"start":{"line":10,"column":16},"end":{"line":10,"column":48}},"4":{"start":{"line":12,"column":39},"end":{"line":12,"column":93}},"5":{"start":{"line":14,"column":0},"end":{"line":86,"column":2}},"6":{"start":{"line":39,"column":6},"end":{"line":39,"column":94}},"7":{"start":{"line":42,"column":6},"end":{"line":42,"column":79}},"8":{"start":{"line":45,"column":6},"end":{"line":45,"column":73}},"9":{"start":{"line":48,"column":6},"end":{"line":48,"column":99}},"10":{"start":{"line":53,"column":18},"end":{"line":53,"column":22}},"11":{"start":{"line":55,"column":6},"end":{"line":67,"column":7}},"12":{"start":{"line":56,"column":19},"end":{"line":56,"column":58}},"13":{"start":{"line":57,"column":8},"end":{"line":57,"column":55}},"14":{"start":{"line":58,"column":8},"end":{"line":62,"column":9}},"15":{"start":{"line":59,"column":10},"end":{"line":59,"column":83}},"16":{"start":{"line":61,"column":10},"end":{"line":61,"column":63}},"17":{"start":{"line":63,"column":8},"end":{"line":63,"column":51}},"18":{"start":{"line":64,"column":8},"end":{"line":66,"column":11}},"19":{"start":{"line":65,"column":10},"end":{"line":65,"column":35}},"20":{"start":{"line":72,"column":22},"end":{"line":72,"column":78}},"21":{"start":{"line":73,"column":6},"end":{"line":75,"column":7}},"22":{"start":{"line":74,"column":8},"end":{"line":74,"column":20}},"23":{"start":{"line":76,"column":16},"end":{"line":76,"column":18}},"24":{"start":{"line":77,"column":6},"end":{"line":82,"column":7}},"25":{"start":{"line":78,"column":8},"end":{"line":81,"column":9}},"26":{"start":{"line":79,"column":10},"end":{"line":79,"column":55}},"27":{"start":{"line":80,"column":10},"end":{"line":80,"column":14}},"28":{"start":{"line":83,"column":6},"end":{"line":83,"column":45}},"29":{"start":{"line":98,"column":0},"end":{"line":98,"column":70}},"30":{"start":{"line":98,"column":31},"end":{"line":98,"column":70}},"31":{"start":{"line":99,"column":24},"end":{"line":99,"column":100}},"32":{"start":{"line":100,"column":0},"end":{"line":100,"column":554}},"33":{"start":{"line":100,"column":54},"end":{"line":100,"column":58}},"34":{"start":{"line":100,"column":66},"end":{"line":100,"column":84}},"35":{"start":{"line":100,"column":92},"end":{"line":100,"column":108}},"36":{"start":{"line":100,"column":109},"end":{"line":100,"column":553}},"37":{"start":{"line":100,"column":223},"end":{"line":100,"column":511}},"38":{"start":{"line":100,"column":306},"end":{"line":100,"column":330}},"39":{"start":{"line":100,"column":330},"end":{"line":100,"column":371}},"40":{"start":{"line":101,"column":0},"end":{"line":101,"column":37}}},"fnMap":{"0":{"name":"(anonymous_0)","decl":{"start":{"line":1,"column":2},"end":{"line":1,"column":3}},"loc":{"start":{"line":1,"column":12},"end":{"line":97,"column":1}},"line":1},"1":{"name":"_interopRequireDefault","decl":{"start":{"line":12,"column":9},"end":{"line":12,"column":31}},"loc":{"start":{"line":12,"column":37},"end":{"line":12,"column":95}},"line":12},"2":{"name":"childStyles","decl":{"start":{"line":38,"column":26},"end":{"line":38,"column":37}},"loc":{"start":{"line":38,"column":43},"end":{"line":40,"column":5}},"line":38},"3":{"name":"iconClasses","decl":{"start":{"line":41,"column":26},"end":{"line":41,"column":37}},"loc":{"start":{"line":41,"column":43},"end":{"line":43,"column":5}},"line":41},"4":{"name":"iconStyles","decl":{"start":{"line":44,"column":25},"end":{"line":44,"column":35}},"loc":{"start":{"line":44,"column":41},"end":{"line":46,"column":5}},"line":44},"5":{"name":"hasChild","decl":{"start":{"line":47,"column":23},"end":{"line":47,"column":31}},"loc":{"start":{"line":47,"column":37},"end":{"line":49,"column":5}},"line":47},"6":{"name":"toggleHandle","decl":{"start":{"line":52,"column":27},"end":{"line":52,"column":39}},"loc":{"start":{"line":52,"column":52},"end":{"line":68,"column":5}},"line":52},"7":{"name":"(anonymous_7)","decl":{"start":{"line":64,"column":23},"end":{"line":64,"column":24}},"loc":{"start":{"line":64,"column":35},"end":{"line":66,"column":9}},"line":64},"8":{"name":"removeChildNode","decl":{"start":{"line":71,"column":30},"end":{"line":71,"column":45}},"loc":{"start":{"line":71,"column":62},"end":{"line":84,"column":5}},"line":71},"9":{"name":"render","decl":{"start":{"line":100,"column":35},"end":{"line":100,"column":41}},"loc":{"start":{"line":100,"column":45},"end":{"line":100,"column":554}},"line":100},"10":{"name":"(anonymous_10)","decl":{"start":{"line":100,"column":207},"end":{"line":100,"column":208}},"loc":{"start":{"line":100,"column":222},"end":{"line":100,"column":512}},"line":100},"11":{"name":"(anonymous_11)","decl":{"start":{"line":100,"column":289},"end":{"line":100,"column":290}},"loc":{"start":{"line":100,"column":305},"end":{"line":100,"column":372}},"line":100}},"branchMap":{"0":{"loc":{"start":{"line":12,"column":46},"end":{"line":12,"column":92}},"type":"cond-expr","locations":[{"start":{"line":12,"column":70},"end":{"line":12,"column":73}},{"start":{"line":12,"column":76},"end":{"line":12,"column":92}}],"line":12},"1":{"loc":{"start":{"line":12,"column":46},"end":{"line":12,"column":67}},"type":"binary-expr","locations":[{"start":{"line":12,"column":46},"end":{"line":12,"column":49}},{"start":{"line":12,"column":53},"end":{"line":12,"column":67}}],"line":12},"2":{"loc":{"start":{"line":39,"column":32},"end":{"line":39,"column":83}},"type":"cond-expr","locations":[{"start":{"line":39,"column":57},"end":{"line":39,"column":79}},{"start":{"line":39,"column":82},"end":{"line":39,"column":83}}],"line":39},"3":{"loc":{"start":{"line":42,"column":14},"end":{"line":42,"column":77}},"type":"cond-expr","locations":[{"start":{"line":42,"column":31},"end":{"line":42,"column":52}},{"start":{"line":42,"column":55},"end":{"line":42,"column":77}}],"line":42},"4":{"loc":{"start":{"line":45,"column":29},"end":{"line":45,"column":70}},"type":"cond-expr","locations":[{"start":{"line":45,"column":50},"end":{"line":45,"column":59}},{"start":{"line":45,"column":62},"end":{"line":45,"column":70}}],"line":45},"5":{"loc":{"start":{"line":48,"column":13},"end":{"line":48,"column":98}},"type":"binary-expr","locations":[{"start":{"line":48,"column":13},"end":{"line":48,"column":55}},{"start":{"line":48,"column":59},"end":{"line":48,"column":89}},{"start":{"line":48,"column":93},"end":{"line":48,"column":98}}],"line":48},"6":{"loc":{"start":{"line":55,"column":6},"end":{"line":67,"column":7}},"type":"if","locations":[{"start":{"line":55,"column":6},"end":{"line":67,"column":7}},{"start":{"line":55,"column":6},"end":{"line":67,"column":7}}],"line":55},"7":{"loc":{"start":{"line":58,"column":8},"end":{"line":62,"column":9}},"type":"if","locations":[{"start":{"line":58,"column":8},"end":{"line":62,"column":9}},{"start":{"line":58,"column":8},"end":{"line":62,"column":9}}],"line":58},"8":{"loc":{"start":{"line":72,"column":22},"end":{"line":72,"column":78}},"type":"cond-expr","locations":[{"start":{"line":72,"column":57},"end":{"line":72,"column":65}},{"start":{"line":72,"column":68},"end":{"line":72,"column":78}}],"line":72},"9":{"loc":{"start":{"line":73,"column":6},"end":{"line":75,"column":7}},"type":"if","locations":[{"start":{"line":73,"column":6},"end":{"line":75,"column":7}},{"start":{"line":73,"column":6},"end":{"line":75,"column":7}}],"line":73},"10":{"loc":{"start":{"line":78,"column":8},"end":{"line":81,"column":9}},"type":"if","locations":[{"start":{"line":78,"column":8},"end":{"line":81,"column":9}},{"start":{"line":78,"column":8},"end":{"line":81,"column":9}}],"line":78},"11":{"loc":{"start":{"line":78,"column":12},"end":{"line":78,"column":112}},"type":"binary-expr","locations":[{"start":{"line":78,"column":12},"end":{"line":78,"column":61}},{"start":{"line":78,"column":65},"end":{"line":78,"column":112}}],"line":78},"12":{"loc":{"start":{"line":98,"column":0},"end":{"line":98,"column":70}},"type":"if","locations":[{"start":{"line":98,"column":0},"end":{"line":98,"column":70}},{"start":{"line":98,"column":0},"end":{"line":98,"column":70}}],"line":98},"13":{"loc":{"start":{"line":99,"column":24},"end":{"line":99,"column":100}},"type":"cond-expr","locations":[{"start":{"line":99,"column":62},"end":{"line":99,"column":84}},{"start":{"line":99,"column":86},"end":{"line":99,"column":100}}],"line":99},"14":{"loc":{"start":{"line":100,"column":92},"end":{"line":100,"column":108}},"type":"binary-expr","locations":[{"start":{"line":100,"column":92},"end":{"line":100,"column":104}},{"start":{"line":100,"column":106},"end":{"line":100,"column":108}}],"line":100}},"s":{"0":0,"1":0,"2":0,"3":0,"4":0,"5":0,"6":0,"7":0,"8":0,"9":0,"10":0,"11":0,"12":0,"13":0,"14":0,"15":0,"16":0,"17":0,"18":0,"19":0,"20":0,"21":0,"22":0,"23":0,"24":0,"25":0,"26":0,"27":0,"28":0,"29":0,"30":0,"31":0,"32":0,"33":0,"34":0,"35":0,"36":0,"37":0,"38":0,"39":0,"40":0},"f":{"0":0,"1":0,"2":0,"3":0,"4":0,"5":0,"6":0,"7":0,"8":0,"9":0,"10":0,"11":0},"b":{"0":[0,0],"1":[0,0],"2":[0,0],"3":[0,0],"4":[0,0],"5":[0,0,0],"6":[0,0],"7":[0,0],"8":[0,0],"9":[0,0],"10":[0,0],"11":[0,0],"12":[0,0],"13":[0,0],"14":[0,0]}}
,"D:\\test\\renren-fast-vue\\src\\element-ui\\index.js": {"path":"D:\\test\\renren-fast-vue\\src\\element-ui\\index.js","statementMap":{"0":{"start":{"line":1,"column":28},"end":{"line":1,"column":77}},"1":{"start":{"line":1,"column":94},"end":{"line":1,"column":126}},"2":{"start":{"line":1,"column":143},"end":{"line":1,"column":176}},"3":{"start":{"line":1,"column":193},"end":{"line":1,"column":226}},"4":{"start":{"line":1,"column":245},"end":{"line":1,"column":298}},"5":{"start":{"line":1,"column":318},"end":{"line":1,"column":353}},"6":{"start":{"line":1,"column":373},"end":{"line":1,"column":410}},"7":{"start":{"line":1,"column":430},"end":{"line":1,"column":466}},"8":{"start":{"line":1,"column":482},"end":{"line":1,"column":531}},"9":{"start":{"line":1,"column":548},"end":{"line":1,"column":580}},"10":{"start":{"line":1,"column":597},"end":{"line":1,"column":630}},"11":{"start":{"line":1,"column":647},"end":{"line":1,"column":680}},"12":{"start":{"line":1,"column":693},"end":{"line":1,"column":739}},"13":{"start":{"line":1,"column":753},"end":{"line":1,"column":782}},"14":{"start":{"line":1,"column":796},"end":{"line":1,"column":826}},"15":{"start":{"line":1,"column":840},"end":{"line":1,"column":870}},"16":{"start":{"line":1,"column":885},"end":{"line":1,"column":933}},"17":{"start":{"line":1,"column":949},"end":{"line":1,"column":980}},"18":{"start":{"line":1,"column":996},"end":{"line":1,"column":1028}},"19":{"start":{"line":1,"column":1044},"end":{"line":1,"column":1076}},"20":{"start":{"line":1,"column":1088},"end":{"line":1,"column":1133}},"21":{"start":{"line":1,"column":1146},"end":{"line":1,"column":1174}},"22":{"start":{"line":1,"column":1187},"end":{"line":1,"column":1216}},"23":{"start":{"line":1,"column":1229},"end":{"line":1,"column":1258}},"24":{"start":{"line":1,"column":1270},"end":{"line":1,"column":1315}},"25":{"start":{"line":1,"column":1328},"end":{"line":1,"column":1356}},"26":{"start":{"line":1,"column":1369},"end":{"line":1,"column":1398}},"27":{"start":{"line":1,"column":1411},"end":{"line":1,"column":1440}},"28":{"start":{"line":1,"column":1453},"end":{"line":1,"column":1499}},"29":{"start":{"line":1,"column":1513},"end":{"line":1,"column":1542}},"30":{"start":{"line":1,"column":1556},"end":{"line":1,"column":1586}},"31":{"start":{"line":1,"column":1600},"end":{"line":1,"column":1630}},"32":{"start":{"line":1,"column":1642},"end":{"line":1,"column":1687}},"33":{"start":{"line":1,"column":1700},"end":{"line":1,"column":1728}},"34":{"start":{"line":1,"column":1741},"end":{"line":1,"column":1770}},"35":{"start":{"line":1,"column":1783},"end":{"line":1,"column":1812}},"36":{"start":{"line":1,"column":1828},"end":{"line":1,"column":1878}},"37":{"start":{"line":1,"column":1895},"end":{"line":1,"column":1927}},"38":{"start":{"line":1,"column":1944},"end":{"line":1,"column":1978}},"39":{"start":{"line":1,"column":1995},"end":{"line":1,"column":2028}},"40":{"start":{"line":1,"column":2041},"end":{"line":1,"column":2087}},"41":{"start":{"line":1,"column":2101},"end":{"line":1,"column":2130}},"42":{"start":{"line":1,"column":2144},"end":{"line":1,"column":2174}},"43":{"start":{"line":1,"column":2188},"end":{"line":1,"column":2218}},"44":{"start":{"line":1,"column":2235},"end":{"line":1,"column":2286}},"45":{"start":{"line":1,"column":2304},"end":{"line":1,"column":2337}},"46":{"start":{"line":1,"column":2355},"end":{"line":1,"column":2390}},"47":{"start":{"line":1,"column":2408},"end":{"line":1,"column":2442}},"48":{"start":{"line":1,"column":2455},"end":{"line":1,"column":2501}},"49":{"start":{"line":1,"column":2515},"end":{"line":1,"column":2544}},"50":{"start":{"line":1,"column":2558},"end":{"line":1,"column":2588}},"51":{"start":{"line":1,"column":2602},"end":{"line":1,"column":2632}},"52":{"start":{"line":1,"column":2648},"end":{"line":1,"column":2697}},"53":{"start":{"line":1,"column":2714},"end":{"line":1,"column":2746}},"54":{"start":{"line":1,"column":2763},"end":{"line":1,"column":2796}},"55":{"start":{"line":1,"column":2813},"end":{"line":1,"column":2846}},"56":{"start":{"line":1,"column":2862},"end":{"line":1,"column":2911}},"57":{"start":{"line":1,"column":2928},"end":{"line":1,"column":2960}},"58":{"start":{"line":1,"column":2977},"end":{"line":1,"column":3010}},"59":{"start":{"line":1,"column":3027},"end":{"line":1,"column":3060}},"60":{"start":{"line":1,"column":3080},"end":{"line":1,"column":3134}},"61":{"start":{"line":1,"column":3155},"end":{"line":1,"column":3191}},"62":{"start":{"line":1,"column":3212},"end":{"line":1,"column":3250}},"63":{"start":{"line":1,"column":3271},"end":{"line":1,"column":3308}},"64":{"start":{"line":1,"column":3322},"end":{"line":1,"column":3369}},"65":{"start":{"line":1,"column":3384},"end":{"line":1,"column":3414}},"66":{"start":{"line":1,"column":3429},"end":{"line":1,"column":3460}},"67":{"start":{"line":1,"column":3475},"end":{"line":1,"column":3506}},"68":{"start":{"line":1,"column":3521},"end":{"line":1,"column":3569}},"69":{"start":{"line":1,"column":3585},"end":{"line":1,"column":3616}},"70":{"start":{"line":1,"column":3632},"end":{"line":1,"column":3664}},"71":{"start":{"line":1,"column":3680},"end":{"line":1,"column":3712}},"72":{"start":{"line":1,"column":3734},"end":{"line":1,"column":3790}},"73":{"start":{"line":1,"column":3813},"end":{"line":1,"column":3851}},"74":{"start":{"line":1,"column":3874},"end":{"line":1,"column":3914}},"75":{"start":{"line":1,"column":3937},"end":{"line":1,"column":3976}},"76":{"start":{"line":1,"column":3993},"end":{"line":1,"column":4043}},"77":{"start":{"line":1,"column":4061},"end":{"line":1,"column":4094}},"78":{"start":{"line":1,"column":4112},"end":{"line":1,"column":4146}},"79":{"start":{"line":1,"column":4164},"end":{"line":1,"column":4198}},"80":{"start":{"line":1,"column":4217},"end":{"line":1,"column":4270}},"81":{"start":{"line":1,"column":4290},"end":{"line":1,"column":4325}},"82":{"start":{"line":1,"column":4345},"end":{"line":1,"column":4382}},"83":{"start":{"line":1,"column":4402},"end":{"line":1,"column":4438}},"84":{"start":{"line":1,"column":4452},"end":{"line":1,"column":4499}},"85":{"start":{"line":1,"column":4514},"end":{"line":1,"column":4544}},"86":{"start":{"line":1,"column":4559},"end":{"line":1,"column":4590}},"87":{"start":{"line":1,"column":4605},"end":{"line":1,"column":4636}},"88":{"start":{"line":1,"column":4656},"end":{"line":1,"column":4710}},"89":{"start":{"line":1,"column":4731},"end":{"line":1,"column":4767}},"90":{"start":{"line":1,"column":4788},"end":{"line":1,"column":4826}},"91":{"start":{"line":1,"column":4847},"end":{"line":1,"column":4884}},"92":{"start":{"line":1,"column":4898},"end":{"line":1,"column":4945}},"93":{"start":{"line":1,"column":4960},"end":{"line":1,"column":4990}},"94":{"start":{"line":1,"column":5005},"end":{"line":1,"column":5036}},"95":{"start":{"line":1,"column":5051},"end":{"line":1,"column":5082}},"96":{"start":{"line":1,"column":5104},"end":{"line":1,"column":5161}},"97":{"start":{"line":1,"column":5184},"end":{"line":1,"column":5222}},"98":{"start":{"line":1,"column":5245},"end":{"line":1,"column":5286}},"99":{"start":{"line":1,"column":5309},"end":{"line":1,"column":5348}},"100":{"start":{"line":1,"column":5365},"end":{"line":1,"column":5416}},"101":{"start":{"line":1,"column":5434},"end":{"line":1,"column":5467}},"102":{"start":{"line":1,"column":5485},"end":{"line":1,"column":5520}},"103":{"start":{"line":1,"column":5538},"end":{"line":1,"column":5572}},"104":{"start":{"line":1,"column":5588},"end":{"line":1,"column":5637}},"105":{"start":{"line":1,"column":5654},"end":{"line":1,"column":5686}},"106":{"start":{"line":1,"column":5703},"end":{"line":1,"column":5736}},"107":{"start":{"line":1,"column":5753},"end":{"line":1,"column":5786}},"108":{"start":{"line":1,"column":5799},"end":{"line":1,"column":5845}},"109":{"start":{"line":1,"column":5859},"end":{"line":1,"column":5888}},"110":{"start":{"line":1,"column":5902},"end":{"line":1,"column":5932}},"111":{"start":{"line":1,"column":5946},"end":{"line":1,"column":5976}},"112":{"start":{"line":1,"column":5997},"end":{"line":1,"column":6052}},"113":{"start":{"line":1,"column":6074},"end":{"line":1,"column":6111}},"114":{"start":{"line":1,"column":6133},"end":{"line":1,"column":6172}},"115":{"start":{"line":1,"column":6194},"end":{"line":1,"column":6232}},"116":{"start":{"line":1,"column":6253},"end":{"line":1,"column":6308}},"117":{"start":{"line":1,"column":6330},"end":{"line":1,"column":6367}},"118":{"start":{"line":1,"column":6389},"end":{"line":1,"column":6428}},"119":{"start":{"line":1,"column":6450},"end":{"line":1,"column":6488}},"120":{"start":{"line":1,"column":6505},"end":{"line":1,"column":6555}},"121":{"start":{"line":1,"column":6573},"end":{"line":1,"column":6606}},"122":{"start":{"line":1,"column":6624},"end":{"line":1,"column":6658}},"123":{"start":{"line":1,"column":6676},"end":{"line":1,"column":6710}},"124":{"start":{"line":1,"column":6725},"end":{"line":1,"column":6773}},"125":{"start":{"line":1,"column":6789},"end":{"line":1,"column":6820}},"126":{"start":{"line":1,"column":6836},"end":{"line":1,"column":6868}},"127":{"start":{"line":1,"column":6884},"end":{"line":1,"column":6916}},"128":{"start":{"line":1,"column":6935},"end":{"line":1,"column":6987}},"129":{"start":{"line":1,"column":7007},"end":{"line":1,"column":7042}},"130":{"start":{"line":1,"column":7055},"end":{"line":1,"column":7101}},"131":{"start":{"line":1,"column":7115},"end":{"line":1,"column":7144}},"132":{"start":{"line":1,"column":7164},"end":{"line":1,"column":7200}},"133":{"start":{"line":1,"column":7220},"end":{"line":1,"column":7256}},"134":{"start":{"line":10,"column":11},"end":{"line":10,"column":25}},"135":{"start":{"line":10,"column":38},"end":{"line":10,"column":66}},"136":{"start":{"line":10,"column":105},"end":{"line":10,"column":159}},"137":{"start":{"line":81,"column":0},"end":{"line":81,"column":40}},"138":{"start":{"line":89,"column":44},"end":{"line":89,"column":80}},"139":{"start":{"line":90,"column":0},"end":{"line":90,"column":38}},"140":{"start":{"line":90,"column":38},"end":{"line":90,"column":80}},"141":{"start":{"line":90,"column":80},"end":{"line":90,"column":122}},"142":{"start":{"line":90,"column":122},"end":{"line":90,"column":156}},"143":{"start":{"line":90,"column":156},"end":{"line":90,"column":193}},"144":{"start":{"line":90,"column":193},"end":{"line":90,"column":231}},"145":{"start":{"line":90,"column":231},"end":{"line":90,"column":274}},"146":{"start":{"line":91,"column":0},"end":{"line":91,"column":35}},"147":{"start":{"line":92,"column":0},"end":{"line":92,"column":41}},"148":{"start":{"line":93,"column":0},"end":{"line":93,"column":35}},"149":{"start":{"line":94,"column":0},"end":{"line":94,"column":40}},"150":{"start":{"line":96,"column":0},"end":{"line":96,"column":38}},"151":{"start":{"line":98,"column":0},"end":{"line":98,"column":43}},"152":{"start":{"line":103,"column":0},"end":{"line":103,"column":36}},"153":{"start":{"line":105,"column":0},"end":{"line":105,"column":35}},"154":{"start":{"line":106,"column":0},"end":{"line":106,"column":41}},"155":{"start":{"line":110,"column":0},"end":{"line":110,"column":37}},"156":{"start":{"line":111,"column":0},"end":{"line":111,"column":37}},"157":{"start":{"line":114,"column":0},"end":{"line":114,"column":34}},"158":{"start":{"line":115,"column":0},"end":{"line":115,"column":38}},"159":{"start":{"line":116,"column":0},"end":{"line":116,"column":34}},"160":{"start":{"line":117,"column":0},"end":{"line":117,"column":37}},"161":{"start":{"line":118,"column":0},"end":{"line":118,"column":33}},"162":{"start":{"line":119,"column":0},"end":{"line":119,"column":34}},"163":{"start":{"line":123,"column":0},"end":{"line":123,"column":33}},"164":{"start":{"line":124,"column":0},"end":{"line":124,"column":33}},"165":{"start":{"line":125,"column":0},"end":{"line":125,"column":36}},"166":{"start":{"line":128,"column":0},"end":{"line":128,"column":34}},"167":{"start":{"line":145,"column":0},"end":{"line":145,"column":47}},"168":{"start":{"line":147,"column":0},"end":{"line":147,"column":61}},"169":{"start":{"line":148,"column":0},"end":{"line":148,"column":55}},"170":{"start":{"line":149,"column":0},"end":{"line":149,"column":60}},"171":{"start":{"line":150,"column":0},"end":{"line":150,"column":64}},"172":{"start":{"line":151,"column":0},"end":{"line":151,"column":62}},"173":{"start":{"line":153,"column":0},"end":{"line":153,"column":53}}},"fnMap":{"0":{"name":"_interopRequireDefault","decl":{"start":{"line":10,"column":76},"end":{"line":10,"column":98}},"loc":{"start":{"line":10,"column":104},"end":{"line":10,"column":160}},"line":10}},"branchMap":{"0":{"loc":{"start":{"line":10,"column":112},"end":{"line":10,"column":158}},"type":"cond-expr","locations":[{"start":{"line":10,"column":136},"end":{"line":10,"column":139}},{"start":{"line":10,"column":142},"end":{"line":10,"column":158}}],"line":10},"1":{"loc":{"start":{"line":10,"column":112},"end":{"line":10,"column":133}},"type":"binary-expr","locations":[{"start":{"line":10,"column":112},"end":{"line":10,"column":115}},{"start":{"line":10,"column":119},"end":{"line":10,"column":133}}],"line":10}},"s":{"0":0,"1":0,"2":0,"3":0,"4":0,"5":0,"6":0,"7":0,"8":0,"9":0,"10":0,"11":0,"12":0,"13":0,"14":0,"15":0,"16":0,"17":0,"18":0,"19":0,"20":0,"21":0,"22":0,"23":0,"24":0,"25":0,"26":0,"27":0,"28":0,"29":0,"30":0,"31":0,"32":0,"33":0,"34":0,"35":0,"36":0,"37":0,"38":0,"39":0,"40":0,"41":0,"42":0,"43":0,"44":0,"45":0,"46":0,"47":0,"48":0,"49":0,"50":0,"51":0,"52":0,"53":0,"54":0,"55":0,"56":0,"57":0,"58":0,"59":0,"60":0,"61":0,"62":0,"63":0,"64":0,"65":0,"66":0,"67":0,"68":0,"69":0,"70":0,"71":0,"72":0,"73":0,"74":0,"75":0,"76":0,"77":0,"78":0,"79":0,"80":0,"81":0,"82":0,"83":0,"84":0,"85":0,"86":0,"87":0,"88":0,"89":0,"90":0,"91":0,"92":0,"93":0,"94":0,"95":0,"96":0,"97":0,"98":0,"99":0,"100":0,"101":0,"102":0,"103":0,"104":0,"105":0,"106":0,"107":0,"108":0,"109":0,"110":0,"111":0,"112":0,"113":0,"114":0,"115":0,"116":0,"117":0,"118":0,"119":0,"120":0,"121":0,"122":0,"123":0,"124":0,"125":0,"126":0,"127":0,"128":0,"129":0,"130":0,"131":0,"132":0,"133":0,"134":0,"135":0,"136":0,"137":0,"138":0,"139":0,"140":0,"141":0,"142":0,"143":0,"144":0,"145":0,"146":0,"147":0,"148":0,"149":0,"150":0,"151":0,"152":0,"153":0,"154":0,"155":0,"156":0,"157":0,"158":0,"159":0,"160":0,"161":0,"162":0,"163":0,"164":0,"165":0,"166":0,"167":0,"168":0,"169":0,"170":0,"171":0,"172":0,"173":0},"f":{"0":0},"b":{"0":[0,0],"1":[0,0]}}
,"D:\\test\\renren-fast-vue\\src\\filters\\index.js": {"path":"D:\\test\\renren-fast-vue\\src\\filters\\index.js","statementMap":{},"fnMap":{},"branchMap":{},"s":{},"f":{},"b":{}}
,"D:\\test\\renren-fast-vue\\src\\iconfont\\iconfont.js": {"path":"D:\\test\\renren-fast-vue\\src\\iconfont\\iconfont.js","statementMap":{"0":{"start":{"line":1,"column":13},"end":{"line":1,"column":20710}},"1":{"start":{"line":1,"column":49},"end":{"line":1,"column":18886}},"2":{"start":{"line":1,"column":18900},"end":{"line":1,"column":19005}},"3":{"start":{"line":1,"column":18927},"end":{"line":1,"column":18966}},"4":{"start":{"line":1,"column":18967},"end":{"line":1,"column":19002}},"5":{"start":{"line":1,"column":19028},"end":{"line":1,"column":19065}},"6":{"start":{"line":1,"column":19078},"end":{"line":1,"column":19826}},"7":{"start":{"line":1,"column":19098},"end":{"line":1,"column":19458}},"8":{"start":{"line":1,"column":19130},"end":{"line":1,"column":19395}},"9":{"start":{"line":1,"column":19204},"end":{"line":1,"column":19222}},"10":{"start":{"line":1,"column":19243},"end":{"line":1,"column":19332}},"11":{"start":{"line":1,"column":19262},"end":{"line":1,"column":19326}},"12":{"start":{"line":1,"column":19326},"end":{"line":1,"column":19331}},"13":{"start":{"line":1,"column":19333},"end":{"line":1,"column":19394}},"14":{"start":{"line":1,"column":19402},"end":{"line":1,"column":19458}},"15":{"start":{"line":1,"column":19429},"end":{"line":1,"column":19457}},"16":{"start":{"line":1,"column":19499},"end":{"line":1,"column":19509}},"17":{"start":{"line":1,"column":19517},"end":{"line":1,"column":19522}},"18":{"start":{"line":1,"column":19530},"end":{"line":1,"column":19578}},"19":{"start":{"line":1,"column":19547},"end":{"line":1,"column":19577}},"20":{"start":{"line":1,"column":19559},"end":{"line":1,"column":19571}},"21":{"start":{"line":1,"column":19571},"end":{"line":1,"column":19576}},"22":{"start":{"line":1,"column":19593},"end":{"line":1,"column":19706}},"23":{"start":{"line":1,"column":19613},"end":{"line":1,"column":19698}},"24":{"start":{"line":1,"column":19618},"end":{"line":1,"column":19653}},"25":{"start":{"line":1,"column":19666},"end":{"line":1,"column":19690}},"26":{"start":{"line":1,"column":19690},"end":{"line":1,"column":19697}},"27":{"start":{"line":1,"column":19698},"end":{"line":1,"column":19705}},"28":{"start":{"line":1,"column":19707},"end":{"line":1,"column":19717}},"29":{"start":{"line":1,"column":19717},"end":{"line":1,"column":19824}},"30":{"start":{"line":1,"column":19753},"end":{"line":1,"column":19822}},"31":{"start":{"line":1,"column":19786},"end":{"line":1,"column":19814}},"32":{"start":{"line":1,"column":19814},"end":{"line":1,"column":19821}},"33":{"start":{"line":1,"column":19840},"end":{"line":1,"column":19913}},"34":{"start":{"line":1,"column":19869},"end":{"line":1,"column":19912}},"35":{"start":{"line":1,"column":19928},"end":{"line":1,"column":20045}},"36":{"start":{"line":1,"column":19958},"end":{"line":1,"column":20044}},"37":{"start":{"line":1,"column":19982},"end":{"line":1,"column":20012}},"38":{"start":{"line":1,"column":20020},"end":{"line":1,"column":20043}},"39":{"start":{"line":1,"column":20081},"end":{"line":1,"column":20117}},"40":{"start":{"line":1,"column":20117},"end":{"line":1,"column":20143}},"41
[...]
"column":52},"end":{"line":123,"column":61}},{"start":{"line":123,"column":64},"end":{"line":123,"column":66}}],"line":123},"11":{"loc":{"start":{"line":123,"column":26},"end":{"line":123,"column":49}},"type":"binary-expr","locations":[{"start":{"line":123,"column":26},"end":{"line":123,"column":30}},{"start":{"line":123,"column":34},"end":{"line":123,"column":49}}],"line":123},"12":{"loc":{"start":{"line":130,"column":8},"end":{"line":143,"column":9}},"type":"if","locations":[{"start":{"line":130,"column":8},"end":{"line":143,"column":9}},{"start":{"line":130,"column":8},"end":{"line":143,"column":9}}],"line":130},"13":{"loc":{"start":{"line":134,"column":12},"end":{"line":141,"column":13}},"type":"if","locations":[{"start":{"line":134,"column":12},"end":{"line":141,"column":13}},{"start":{"line":134,"column":12},"end":{"line":141,"column":13}}],"line":134},"14":{"loc":{"start":{"line":134,"column":16},"end":{"line":134,"column":39}},"type":"binary-expr","locations":[{"start":{"line":134,"column":16},"end":{"line":134,"column":20}},{"start":{"line":134,"column":24},"end":{"line":134,"column":39}}],"line":134},"15":{"loc":{"start":{"line":152,"column":8},"end":{"line":181,"column":9}},"type":"if","locations":[{"start":{"line":152,"column":8},"end":{"line":181,"column":9}},{"start":{"line":152,"column":8},"end":{"line":181,"column":9}}],"line":152},"16":{"loc":{"start":{"line":154,"column":22},"end":{"line":154,"column":53}},"type":"binary-expr","locations":[{"start":{"line":154,"column":22},"end":{"line":154,"column":40}},{"start":{"line":154,"column":44},"end":{"line":154,"column":53}}],"line":154},"17":{"loc":{"start":{"line":163,"column":21},"end":{"line":163,"column":109}},"type":"cond-expr","locations":[{"start":{"line":163,"column":43},"end":{"line":163,"column":73}},{"start":{"line":163,"column":76},"end":{"line":163,"column":109}}],"line":163},"18":{"loc":{"start":{"line":167,"column":12},"end":{"line":179,"column":13}},"type":"if","locations":[{"start":{"line":167,"column":12},"end":{"line":179,"column":13}},{"start":{"line":167,"column":12},"end":{"line":179,"column":13}}],"line":167},"19":{"loc":{"start":{"line":167,"column":16},"end":{"line":167,"column":39}},"type":"binary-expr","locations":[{"start":{"line":167,"column":16},"end":{"line":167,"column":20}},{"start":{"line":167,"column":24},"end":{"line":167,"column":39}}],"line":167},"20":{"loc":{"start":{"line":187,"column":0},"end":{"line":187,"column":70}},"type":"if","locations":[{"start":{"line":187,"column":0},"end":{"line":187,"column":70}},{"start":{"line":187,"column":0},"end":{"line":187,"column":70}}],"line":187},"21":{"loc":{"start":{"line":188,"column":24},"end":{"line":188,"column":100}},"type":"cond-expr","locations":[{"start":{"line":188,"column":62},"end":{"line":188,"column":84}},{"start":{"line":188,"column":86},"end":{"line":188,"column":100}}],"line":188},"22":{"loc":{"start":{"line":189,"column":92},"end":{"line":189,"column":108}},"type":"binary-expr","locations":[{"start":{"line":189,"column":92},"end":{"line":189,"column":104}},{"start":{"line":189,"column":106},"end":{"line":189,"column":108}}],"line":189},"23":{"loc":{"start":{"line":189,"column":147},"end":{"line":189,"column":177}},"type":"cond-expr","locations":[{"start":{"line":189,"column":166},"end":{"line":189,"column":170}},{"start":{"line":189,"column":173},"end":{"line":189,"column":177}}],"line":189},"24":{"loc":{"start":{"line":189,"column":426},"end":{"line":189,"column":513}},"type":"if","locations":[{"start":{"line":189,"column":426},"end":{"line":189,"column":513}},{"start":{"line":189,"column":426},"end":{"line":189,"column":513}}],"line":189},"25":{"loc":{"start":{"line":189,"column":429},"end":{"line":189,"column":496}},"type":"binary-expr","locations":[{"start":{"line":189,"column":429},"end":{"line":189,"column":450}},{"start":{"line":189,"column":452},"end":{"line":189,"column":496}}],"line":189}},"s":{"0":0,"1":0,"2":0,"3":0,"4":0,"5":0,"6":0,"7":0,"8":0,"9":0,"10":0,"11":0,"12":0,"13":0,"14":0,"15":0,"16":0,"17":0,"18":0,"19":0,"20":0,"21":0,"22":0,"23":0,"24":0,"25":0,"26":0,"27":0,"28":0,"29":0,"30":0,"31":0,"32":0,"33":0,"34":0,"35":0,"36":0,"37":0,"38":0,"39":0,"40":0,"41":0,"42":0,"43":0,"44":0,"45":0,"46":0,"47":0,"48":0,"49":0,"50":0,"51":0,"52":0,"53":0,"54":0,"55":0,"56":0,"57":0,"58":0,"59":0,"60":0,"61":0,"62":0,"63":0,"64":0,"65":0,"66":0,"67":0,"68":0,"69":0,"70":0,"71":0,"72":0,"73":0,"74":0,"75":0,"76":0,"77":0,"78":0,"79":0},"f":{"0":0,"1":0,"2":0,"3":0,"4":0,"5":0,"6":0,"7":0,"8":0,"9":0,"10":0,"11":0,"12":0,"13":0,"14":0,"15":0,"16":0,"17":0,"18":0,"19":0,"20":0,"21":0,"22":0,"23":0,"24":0,"25":0,"26":0,"27":0,"28":0,"29":0},"b":{"0":[0,0],"1":[0,0],"2":[0,0],"3":[0,0],"4":[0,0],"5":[0,0],"6":[0,0],"7":[0,0],"8":[0,0],"9":[0,0],"10":[0,0],"11":[0,0],"12":[0,0],"13":[0,0],"14":[0,0],"15":[0,0],"16":[0,0],"17":[0,0],"18":[0,0],"19":[0,0],"20":[0,0],"21":[0,0],"22":[0,0],"23":[0,0],"24":[0,0],"25":[0,0]}}
,"D:\\test\\renren-fast-vue\\src\\views\\user\\index.vue": {"path":"D:\\test\\renren-fast-vue\\src\\views\\user\\index.vue","statementMap":{"0":{"start":{"line":1,"column":1},"end":{"line":219,"column":4}},"1":{"start":{"line":4,"column":0},"end":{"line":6,"column":3}},"2":{"start":{"line":8,"column":11},"end":{"line":8,"column":27}},"3":{"start":{"line":10,"column":12},"end":{"line":10,"column":40}},"4":{"start":{"line":12,"column":19},"end":{"line":12,"column":45}},"5":{"start":{"line":14,"column":20},"end":{"line":14,"column":56}},"6":{"start":{"line":16,"column":39},"end":{"line":16,"column":93}},"7":{"start":{"line":111,"column":0},"end":{"line":218,"column":2}},"8":{"start":{"line":113,"column":4},"end":{"line":124,"column":6}},"9":{"start":{"line":131,"column":4},"end":{"line":131,"column":23}},"10":{"start":{"line":137,"column":18},"end":{"line":137,"column":22}},"11":{"start":{"line":139,"column":6},"end":{"line":139,"column":34}},"12":{"start":{"line":140,"column":19},"end":{"line":144,"column":7}},"13":{"start":{"line":145,"column":6},"end":{"line":156,"column":9}},"14":{"start":{"line":146,"column":19},"end":{"line":146,"column":28}},"15":{"start":{"line":148,"column":8},"end":{"line":154,"column":9}},"16":{"start":{"line":149,"column":10},"end":{"line":149,"column":42}},"17":{"start":{"line":150,"column":10},"end":{"line":150,"column":49}},"18":{"start":{"line":152,"column":10},"end":{"line":152,"column":30}},"19":{"start":{"line":153,"column":10},"end":{"line":153,"column":30}},"20":{"start":{"line":155,"column":8},"end":{"line":155,"column":38}},"21":{"start":{"line":161,"column":6},"end":{"line":161,"column":26}},"22":{"start":{"line":162,"column":6},"end":{"line":162,"column":25}},"23":{"start":{"line":163,"column":6},"end":{"line":163,"column":25}},"24":{"start":{"line":168,"column":6},"end":{"line":168,"column":27}},"25":{"start":{"line":169,"column":6},"end":{"line":169,"column":25}},"26":{"start":{"line":174,"column":6},"end":{"line":174,"column":36}},"27":{"start":{"line":179,"column":19},"end":{"line":179,"column":23}},"28":{"start":{"line":181,"column":6},"end":{"line":181,"column":37}},"29":{"start":{"line":182,"column":6},"end":{"line":184,"column":9}},"30":{"start":{"line":183,"column":8},"end":{"line":183,"column":42}},"31":{"start":{"line":189,"column":19},"end":{"line":189,"column":23}},"32":{"start":{"line":191,"column":20},"end":{"line":193,"column":8}},"33":{"start":{"line":192,"column":8},"end":{"line":192,"column":27}},"34":{"start":{"line":194,"column":6},"end":{"line":215,"column":9}},"35":{"start":{"line":199,"column":8},"end":{"line":214,"column":11}},"36":{"start":{"line":200,"column":21},"end":{"line":200,"column":31}},"37":{"start":{"line":202,"column":10},"end":{"line":213,"column":11}},"38":{"start":{"line":203,"column":12},"end":{"line":210,"column":15}},"39":{"start":{"line":208,"column":16},"end":{"line":208,"column":37}},"40":{"start":{"line":212,"column":12},"end":{"line":212,"column":44}},"41":{"start":{"line":220,"column":0},"end":{"line":220,"column":70}},"42":{"start":{"line":220,"column":31},"end":{"line":220,"column":70}},"43":{"start":{"line":221,"column":24},"end":{"line":221,"column":100}},"44":{"start":{"line":222,"column":0},"end":{"line":222,"column":3337}},"45":{"start":{"line":222,"column":54},"end":{"line":222,"column":58}},"46":{"start":{"line":222,"column":66},"end":{"line":222,"column":84}},"47":{"start":{"line":222,"column":92},"end":{"line":222,"column":108}},"48":{"start":{"line":222,"column":109},"end":{"line":222,"column":3336}},"49":{"start":{"line":222,"column":243},"end":{"line":222,"column":330}},"50":{"start":{"line":222,"column":316},"end":{"line":222,"column":328}},"51":{"start":{"line":222,"column":330},"end":{"line":222,"column":347}},"52":{"start":{"line":222,"column":491},"end":{"line":222,"column":530}},"53":{"start":{"line":222,"column":646},"end":{"line":222,"column":663}},"54":{"start":{"line":222,"column":795},"end":{"line":222,"column":818}},"55":{"start":{"line":222,"column":1006},"end":{"line":222,"column":1024}},"56":{"start":{"line":222,"column":2061},"end":{"line":222,"column":2216}},"57":{"start":{"line":222,"column":2537},"end":{"line":222,"column":2916}},"58":{"start":{"line":222,"column":2659},"end":{"line":222,"column":2698}},"59":{"start":{"line":222,"column":2853},"end":{"line":222,"column":2887}},"60":{"start":{"line":223,"column":0},"end":{"line":223,"column":37}}},"fnMap":{"0":{"name":"(anonymous_0)","decl":{"start":{"line":1,"column":2},"end":{"line":1,"column":3}},"loc":{"start":{"line":1,"column":12},"end":{"line":219,"column":1}},"line":1},"1":{"name":"_interopRequireDefault","decl":{"start":{"line":16,"column":9},"end":{"line":16,"column":31}},"loc":{"start":{"line":16,"column":37},"end":{"line":16,"column":95}},"line":16},"2":{"name":"data","decl":{"start":{"line":112,"column":17},"end":{"line":112,"column":21}},"loc":{"start":{"line":112,"column":24},"end":{"line":125,"column":3}},"line":112},"3":{"name":"activated","decl":{"start":{"line":130,"column":22},"end":{"line":130,"column":31}},"loc":{"start":{"line":130,"column":34},"end":{"line":132,"column":3}},"line":130},"4":{"name":"getDataList","decl":{"start":{"line":136,"column":26},"end":{"line":136,"column":37}},"loc":{"start":{"line":136,"column":40},"end":{"line":157,"column":5}},"line":136},"5":{"name":"(anonymous_5)","decl":{"start":{"line":145,"column":43},"end":{"line":145,"column":44}},"loc":{"start":{"line":145,"column":59},"end":{"line":156,"column":7}},"line":145},"6":{"name":"sizeChangeHandle","decl":{"start":{"line":160,"column":31},"end":{"line":160,"column":47}},"loc":{"start":{"line":160,"column":53},"end":{"line":164,"column":5}},"line":160},"7":{"name":"currentChangeHandle","decl":{"start":{"line":167,"column":34},"end":{"line":167,"column":53}},"loc":{"start":{"line":167,"column":59},"end":{"line":170,"column":5}},"line":167},"8":{"name":"selectionChangeHandle","decl":{"start":{"line":173,"column":36},"end":{"line":173,"column":57}},"loc":{"start":{"line":173,"column":63},"end":{"line":175,"column":5}},"line":173},"9":{"name":"addOrUpdateHandle","decl":{"start":{"line":178,"column":32},"end":{"line":178,"column":49}},"loc":{"start":{"line":178,"column":54},"end":{"line":185,"column":5}},"line":178},"10":{"name":"(anonymous_10)","decl":{"start":{"line":182,"column":21},"end":{"line":182,"column":22}},"loc":{"start":{"line":182,"column":33},"end":{"line":184,"column":7}},"line":182},"11":{"name":"deleteHandle","decl":{"start":{"line":188,"column":27},"end":{"line":188,"column":39}},"loc":{"start":{"line":188,"column":44},"end":{"line":216,"column":5}},"line":188},"12":{"name":"(anonymous_12)","decl":{"start":{"line":191,"column":60},"end":{"line":191,"column":61}},"loc":{"start":{"line":191,"column":76},"end":{"line":193,"column":7}},"line":191},"13":{"name":"(anonymous_13)","decl":{"start":{"line":198,"column":14},"end":{"line":198,"column":15}},"loc":{"start":{"line":198,"column":26},"end":{"line":215,"column":7}},"line":198},"14":{"name":"(anonymous_14)","decl":{"start":{"line":199,"column":45},"end":{"line":199,"column":46}},"loc":{"start":{"line":199,"column":62},"end":{"line":214,"column":9}},"line":199},"15":{"name":"onClose","decl":{"start":{"line":207,"column":32},"end":{"line":207,"column":39}},"loc":{"start":{"line":207,"column":42},"end":{"line":209,"column":15}},"line":207},"16":{"name":"render","decl":{"start":{"line":222,"column":35},"end":{"line":222,"column":41}},"loc":{"start":{"line":222,"column":45},"end":{"line":222,"column":3337}},"line":222},"17":{"name":"(anonymous_17)","decl":{"start":{"line":222,"column":226},"end":{"line":222,"column":227}},"loc":{"start":{"line":222,"column":242},"end":{"line":222,"column":348}},"line":222},"18":{"name":"(anonymous_18)","decl":{"start":{"line":222,"column":475},"end":{"line":222,"column":476}},"loc":{"start":{"line":222,"column":490},"end":{"line":222,"column":531}},"line":222},"19":{"name":"(anonymous_19)","decl":{"start":{"line":222,"column":629},"end":{"line":222,"column":630}},"loc":{"start":{"line":222,"column":645},"end":{"line":222,"column":664}},"line":222},"20":{"name":"(anonymous_20)","decl":{"start":{"line":222,"column":778},"end":{"line":222,"column":779}},"loc":{"start":{"line":222,"column":794},"end":{"line":222,"column":819}},"line":222},"21":{"name":"(anonymous_21)","decl":{"start":{"line":222,"column":989},"end":{"line":222,"column":990}},"loc":{"start":{"line":222,"column":1005},"end":{"line":222,"column":1025}},"line":222},"22":{"name":"(anonymous_22)","decl":{"start":{"line":222,"column":2045},"end":{"line":222,"column":2046}},"loc":{"start":{"line":222,"column":2060},"end":{"line":222,"column":2217}},"line":222},"23":{"name":"(anonymous_23)","decl":{"start":{"line":222,"column":2521},"end":{"line":222,"column":2522}},"loc":{"start":{"line":222,"column":2536},"end":{"line":222,"column":2917}},"line":222},"24":{"name":"(anonymous_24)","decl":{"start":{"line":222,"column":2642},"end":{"line":222,"column":2643}},"loc":{"start":{"line":222,"column":2658},"end":{"line":222,"column":2699}},"line":222},"25":{"name":"(anonymous_25)","decl":{"start":{"line":222,"column":2836},"end":{"line":222,"column":2837}},"loc":{"start":{"line":222,"column":2852},"end":{"line":222,"column":2888}},"line":222}},"branchMap":{"0":{"loc":{"start":{"line":16,"column":46},"end":{"line":16,"column":92}},"type":"cond-expr","locations":[{"start":{"line":16,"column":70},"end":{"line":16,"column":73}},{"start":{"line":16,"column":76},"end":{"line":16,"column":92}}],"line":16},"1":{"loc":{"start":{"line":16,"column":46},"end":{"line":16,"column":67}},"type":"binary-expr","locations":[{"start":{"line":16,"column":46},"end":{"line":16,"column":49}},{"start":{"line":16,"column":53},"end":{"line":16,"column":67}}],"line":16},"2":{"loc":{"start":{"line":148,"column":8},"end":{"line":154,"column":9}},"type":"if","locations":[{"start":{"line":148,"column":8},"end":{"line":154,"column":9}},{"start":{"line":148,"column":8},"end":{"line":154,"column":9}}],"line":148},"3":{"loc":{"start":{"line":148,"column":12},"end":{"line":148,"column":35}},"type":"binary-expr","locations":[{"start":{"line":148,"column":12},"end":{"line":148,"column":16}},{"start":{"line":148,"column":20},"end":{"line":148,"column":35}}],"line":148},"4":{"loc":{"start":{"line":191,"column":20},"end":{"line":193,"column":8}},"type":"cond-expr","locations":[{"start":{"line":191,"column":25},"end":{"line":191,"column":29}},{"start":{"line":191,"column":32},"end":{"line":193,"column":8}}],"line":191},"5":{"loc":{"start":{"line":194,"column":87},"end":{"line":194,"column":105}},"type":"cond-expr","locations":[{"start":{"line":194,"column":92},"end":{"line":194,"column":96}},{"start":{"line":194,"column":99},"end":{"line":194,"column":105}}],"line":194},"6":{"loc":{"start":{"line":202,"column":10},"end":{"line":213,"column":11}},"type":"if","locations":[{"start":{"line":202,"column":10},"end":{"line":213,"column":11}},{"start":{"line":202,"column":10},"end":{"line":213,"column":11}}],"line":202},"7":{"loc":{"start":{"line":202,"column":14},"end":{"line":202,"column":37}},"type":"binary-expr","locations":[{"start":{"line":202,"column":14},"end":{"line":202,"column":18}},{"start":{"line":202,"column":22},"end":{"line":202,"column":37}}],"line":202},"8":{"loc":{"start":{"line":220,"column":0},"end":{"line":220,"column":70}},"type":"if","locations":[{"start":{"line":220,"column":0},"end":{"line":220,"column":70}},{"start":{"line":220,"column":0},"end":{"line":220,"column":70}}],"line":220},"9":{"loc":{"start":{"line":221,"column":24},"end":{"line":221,"column":100}},"type":"cond-expr","locations":[{"start":{"line":221,"column":62},"end":{"line":221,"column":84}},{"start":{"line":221,"column":86},"end":{"line":221,"column":100}}],"line":221},"10":{"loc":{"start":{"line":222,"column":92},"end":{"line":222,"column":108}},"type":"binary-expr","locations":[{"start":{"line":222,"column":92},"end":{"line":222,"column":104}},{"start":{"line":222,"column":106},"end":{"line":222,"column":108}}],"line":222},"11":{"loc":{"start":{"line":222,"column":243},"end":{"line":222,"column":330}},"type":"if","locations":[{"start":{"line":222,"column":243},"end":{"line":222,"column":330}},{"start":{"line":222,"column":243},"end":{"line":222,"column":330}}],"line":222},"12":{"loc":{"start":{"line":222,"column":246},"end":{"line":222,"column":313}},"type":"binary-expr","locations":[{"start":{"line":222,"column":246},"end":{"line":222,"column":267}},{"start":{"line":222,"column":269},"end":{"line":222,"column":313}}],"line":222},"13":{"loc":{"start":{"line":222,"column":695},"end":{"line":222,"column":846}},"type":"cond-expr","locations":[{"start":{"line":222,"column":725},"end":{"line":222,"column":837}},{"start":{"line":222,"column":838},"end":{"line":222,"column":846}}],"line":222},"14":{"loc":{"start":{"line":222,"column":859},"end":{"line":222,"column":1054}},"type":"cond-expr","locations":[{"start":{"line":222,"column":891},"end":{"line":222,"column":1045}},{"start":{"line":222,"column":1046},"end":{"line":222,"column":1054}}],"line":222},"15":{"loc":{"start":{"line":222,"column":2069},"end":{"line":222,"column":2215}},"type":"cond-expr","locations":[{"start":{"line":222,"column":2094},"end":{"line":222,"column":2162}},{"start":{"line":222,"column":2163},"end":{"line":222,"column":2215}}],"line":222},"16":{"loc":{"start":{"line":222,"column":2545},"end":{"line":222,"column":2726}},"type":"cond-expr","locations":[{"start":{"line":222,"column":2577},"end":{"line":222,"column":2717}},{"start":{"line":222,"column":2718},"end":{"line":222,"column":2726}}],"line":222},"17":{"loc":{"start":{"line":222,"column":2739},"end":{"line":222,"column":2915}},"type":"cond-expr","locations":[{"start":{"line":222,"column":2771},"end":{"line":222,"column":2906}},{"start":{"line":222,"column":2907},"end":{"line":222,"column":2915}}],"line":222},"18":{"loc":{"start":{"line":222,"column":3220},"end":{"line":222,"column":3332}},"type":"cond-expr","locations":[{"start":{"line":222,"column":3245},"end":{"line":222,"column":3323}},{"start":{"line":222,"column":3324},"end":{"line":222,"column":3332}}],"line":222}},"s":{"0":0,"1":0,"2":0,"3":0,"4":0,"5":0,"6":0,"7":0,"8":0,"9":0,"10":0,"11":0,"12":0,"13":0,"14":0,"15":0,"16":0,"17":0,"18":0,"19":0,"20":0,"21":0,"22":0,"23":0,"24":0,"25":0,"26":0,"27":0,"28":0,"29":0,"30":0,"31":0,"32":0,"33":0,"34":0,"35":0,"36":0,"37":0,"38":0,"39":0,"40":0,"41":0,"42":0,"43":0,"44":0,"45":0,"46":0,"47":0,"48":0,"49":0,"50":0,"51":0,"52":0,"53":0,"54":0,"55":0,"56":0,"57":0,"58":0,"59":0,"60":0},"f":{"0":0,"1":0,"2":0,"3":0,"4":0,"5":0,"6":0,"7":0,"8":0,"9":0,"10":0,"11":0,"12":0,"13":0,"14":0,"15":0,"16":0,"17":0,"18":0,"19":0,"20":0,"21":0,"22":0,"23":0,"24":0,"25":0},"b":{"0":[0,0],"1":[0,0],"2":[0,0],"3":[0,0],"4":[0,0],"5":[0,0],"6":[0,0],"7":[0,0],"8":[0,0],"9":[0,0],"10":[0,0],"11":[0,0],"12":[0,0],"13":[0,0],"14":[0,0],"15":[0,0],"16":[0,0],"17":[0,0],"18":[0,0]}}
}
