TN:
SF:D:\test\renren-fast-vue\src\App.vue
FN:1,(anonymous_0)
FN:18,render
FNF:2
FNH:0
FNDA:0,(anonymous_0)
FNDA:0,render
DA:1,0
DA:4,0
DA:14,0
DA:16,0
DA:17,0
DA:18,0
DA:19,0
LF:7
LH:0
BRDA:16,0,0,0
BRDA:16,0,1,0
BRDA:17,1,0,0
BRDA:17,1,1,0
BRDA:18,2,0,0
BRDA:18,2,1,0
BRF:6
BRH:0
end_of_record
TN:
SF:D:\test\renren-fast-vue\src\api\index.js
FN:8,_interopRequireWildcard
FNF:1
FNH:0
FNDA:0,_interopRequireWildcard
DA:1,0
DA:2,0
DA:3,0
DA:4,0
DA:5,0
DA:6,0
DA:7,0
DA:8,0
LF:8
LH:0
BRDA:8,0,0,0
BRDA:8,0,1,0
BRDA:8,1,0,0
BRDA:8,1,1,0
BRDA:8,2,0,0
BRDA:8,2,1,0
BRDA:8,3,0,0
BRDA:8,3,1,0
BRF:8
BRH:0
end_of_record
TN:
SF:D:\test\renren-fast-vue\src\api\request.js
FN:3,_interopRequireDefault
FN:15,(anonymous_1)
FN:18,(anonymous_2)
FN:23,(anonymous_3)
FN:29,(anonymous_4)
FNF:5
FNH:0
FNDA:0,_interopRequireDefault
FNDA:0,(anonymous_1)
FNDA:0,(anonymous_2)
FNDA:0,(anonymous_3)
FNDA:0,(anonymous_4)
DA:1,0
DA:2,0
DA:3,0
DA:6,0
DA:15,0
DA:16,0
DA:17,0
DA:19,0
DA:23,0
DA:24,0
DA:25,0
DA:26,0
DA:28,0
DA:30,0
DA:31,0
LF:15
LH:0
BRDA:3,0,0,0
BRDA:3,0,1,0
BRDA:3,1,0,0
BRDA:3,1,1,0
BRDA:24,2,0,0
BRDA:24,2,1,0
BRDA:24,3,0,0
BRDA:24,3,1,0
BRF:8
BRH:0
end_of_record
TN:
SF:D:\test\renren-fast-vue\src\api\requestParam.js
FN:13,(anonymous_0)
FN:21,_interopRequireDefault
FNF:2
FNH:0
FNDA:0,(anonymous_0)
FNDA:0,_interopRequireDefault
DA:1,0
DA:13,0
DA:15,0
DA:18,0
DA:19,0
DA:20,0
DA:21,0
LF:7
LH:0
BRDA:13,0,0,0
BRDA:13,0,1,0
BRDA:13,1,0,0
BRDA:13,1,1,0
BRDA:13,2,0,0
BRDA:13,2,1,0
BRDA:13,3,0,0
BRDA:13,3,1,0
BRDA:13,4,0,0
BRDA:13,4,1,0
BRDA:13,5,0,0
BRDA:13,5,1,0
BRDA:18,6,0,0
BRDA:18,6,1,0
BRDA:19,7,0,0
BRDA:19,7,1,0
BRDA:19,8,0,0
BRDA:19,8,1,0
BRDA:21,9,0,0
BRDA:21,9,1,0
BRDA:21,10,0,0
BRDA:21,10,1,0
BRF:22
BRH:0
end_of_record
TN:
SF:D:\test\renren-fast-vue\src\api\requestUrl.js
FN:5,(anonymous_0)
FNF:1
FNH:0
FNDA:0,(anonymous_0)
DA:1,0
DA:7,0
LF:2
LH:0
BRDA:7,0,0,0
BRDA:7,0,1,0
BRDA:7,1,0,0
BRDA:7,1,1,0
BRF:4
BRH:0
end_of_record
TN:
SF:D:\test\renren-fast-vue\src\api\modules\common.js
FN:20,_interopRequireDefault
FN:21,captcha
FN:22,login
FN:23,logout
FNF:4
FNH:0
FNDA:0,_interopRequireDefault
FNDA:0,captcha
FNDA:0,login
FNDA:0,logout
DA:1,0
DA:6,0
DA:11,0
DA:20,0
DA:21,0
DA:22,0
DA:23,0
LF:7
LH:0
BRDA:20,0,0,0
BRDA:20,0,1,0
BRDA:20,1,0,0
BRDA:20,1,1,0
BRF:4
BRH:0
end_of_record
TN:
SF:D:\test\renren-fast-vue\src\api\modules\config.js
FN:43,_interopRequireDefault
FN:44,list
FN:45,info
FN:46,add
FN:47,update
FN:48,del
FNF:6
FNH:0
FNDA:0,_interopRequireDefault
FNDA:0,list
FNDA:0,info
FNDA:0,add
FNDA:0,update
FNDA:0,del
DA:1,0
DA:7,0
DA:16,0
DA:25,0
DA:34,0
DA:43,0
DA:44,0
DA:45,0
DA:46,0
DA:47,0
DA:48,0
LF:11
LH:0
BRDA:43,0,0,0
BRDA:43,0,1,0
BRDA:43,1,0,0
BRDA:43,1,1,0
BRDA:45,2,0,0
BRDA:45,2,1,0
BRF:6
BRH:0
end_of_record
TN:
SF:D:\test\renren-fast-vue\src\api\modules\log.js
FN:25,_interopRequireDefault
FN:26,list
FN:27,scheduleList
FN:28,scheduleInfo
FNF:4
FNH:0
FNDA:0,_interopRequireDefault
FNDA:0,list
FNDA:0,scheduleList
FNDA:0,scheduleInfo
DA:1,0
DA:7,0
DA:16,0
DA:25,0
DA:26,0
DA:27,0
DA:28,0
LF:7
LH:0
BRDA:25,0,0,0
BRDA:25,0,1,0
BRDA:25,1,0,0
BRDA:25,1,1,0
BRDA:28,2,0,0
BRDA:28,2,1,0
BRF:6
BRH:0
end_of_record
TN:
SF:D:\test\renren-fast-vue\src\api\modules\menu.js
FN:61,_interopRequireDefault
FN:62,nav
FN:63,list
FN:64,select
FN:65,info
FN:66,add
FN:67,update
FN:68,del
FNF:8
FNH:0
FNDA:0,_interopRequireDefault
FNDA:0,nav
FNDA:0,list
FNDA:0,select
FNDA:0,info
FNDA:0,add
FNDA:0,update
FNDA:0,del
DA:1,0
DA:7,0
DA:16,0
DA:25,0
DA:34,0
DA:43,0
DA:52,0
DA:61,0
DA:62,0
DA:63,0
DA:64,0
DA:65,0
DA:66,0
DA:67,0
DA:68,0
LF:15
LH:0
BRDA:61,0,0,0
BRDA:61,0,1,0
BRDA:61,1,0,0
BRDA:61,1,1,0
BRDA:65,2,0,0
BRDA:65,2,1,0
BRDA:68,3,0,0
BRDA:68,3,1,0
BRF:8
BRH:0
end_of_record
TN:
SF:D:\test\renren-fast-vue\src\api\modules\oss.js
FN:38,_interopRequireDefault
FN:39,list
FN:40,config
FN:41,addConfig
FN:42,upload
FN:43,del
FNF:6
FNH:0
FNDA:0,_interopRequireDefault
FNDA:0,list
FNDA:0,config
FNDA:0,addConfig
FNDA:0,upload
FNDA:0,del
DA:1,0
DA:6,0
DA:15,0
DA:24,0
DA:33,0
DA:38,0
DA:39,0
DA:40,0
DA:41,0
DA:42,0
DA:43,0
LF:11
LH:0
BRDA:38,0,0,0
BRDA:38,0,1,0
BRDA:38,1,0,0
BRDA:38,1,1,0
BRF:4
BRH:0
end_of_record
TN:
SF:D:\test\renren-fast-vue\src\api\modules\role.js
FN:52,_interopRequireDefault
FN:53,list
FN:54,select
FN:55,info
FN:56,add
FN:57,update
FN:58,del
FNF:7
FNH:0
FNDA:0,_interopRequireDefault
FNDA:0,list
FNDA:0,select
FNDA:0,info
FNDA:0,add
FNDA:0,update
FNDA:0,del
DA:1,0
DA:7,0
DA:16,0
DA:25,0
DA:34,0
DA:43,0
DA:52,0
DA:53,0
DA:54,0
DA:55,0
DA:56,0
DA:57,0
DA:58,0
LF:13
LH:0
BRDA:52,0,0,0
BRDA:52,0,1,0
BRDA:52,1,0,0
BRDA:52,1,1,0
BRDA:55,2,0,0
BRDA:55,2,1,0
BRF:6
BRH:0
end_of_record
TN:
SF:D:\test\renren-fast-vue\src\api\modules\schedule.js
FN:70,_interopRequireDefault
FN:71,list
FN:72,info
FN:73,add
FN:74,update
FN:75,del
FN:76,run
FN:77,pause
FN:78,resume
FNF:9
FNH:0
FNDA:0,_interopRequireDefault
FNDA:0,list
FNDA:0,info
FNDA:0,add
FNDA:0,update
FNDA:0,del
FNDA:0,run
FNDA:0,pause
FNDA:0,resume
DA:1,0
DA:7,0
DA:16,0
DA:25,0
DA:34,0
DA:43,0
DA:52,0
DA:61,0
DA:70,0
DA:71,0
DA:72,0
DA:73,0
DA:74,0
DA:75,0
DA:76,0
DA:77,0
DA:78,0
LF:17
LH:0
BRDA:70,0,0,0
BRDA:70,0,1,0
BRDA:70,1,0,0
BRDA:70,1,1,0
BRDA:72,2,0,0
BRDA:72,2,1,0
BRF:6
BRH:0
end_of_record
TN:
SF:D:\test\renren-fast-vue\src\api\modules\user.js
FN:52,_interopRequireDefault
FN:53,list
FN:54,info
FN:55,updatePassword
FN:56,add
FN:57,update
FN:58,del
FNF:7
FNH:0
FNDA:0,_interopRequireDefault
FNDA:0,list
FNDA:0,info
FNDA:0,updatePassword
FNDA:0,add
FNDA:0,update
FNDA:0,del
DA:1,0
DA:7,0
DA:16,0
DA:25,0
DA:34,0
DA:43,0
DA:52,0
DA:53,0
DA:54,0
DA:55,0
DA:56,0
DA:57,0
DA:58,0
LF:13
LH:0
BRDA:52,0,0,0
BRDA:52,0,1,0
BRDA:52,1,0,0
BRDA:52,1,1,0
BRDA:54,2,0,0
BRDA:54,2,1,0
BRF:6
BRH:0
end_of_record
TN:
SF:D:\test\renren-fast-vue\src\components\icon-svg\index.vue
FN:1,(anonymous_0)
FN:36,getName
FN:39,getClassName
FN:47,render
FNF:4
FNH:0
FNDA:0,(anonymous_0)
FNDA:0,getName
FNDA:0,getClassName
FNDA:0,render
DA:1,0
DA:4,0
DA:18,0
DA:37,0
DA:40,0
DA:45,0
DA:46,0
DA:47,0
DA:48,0
LF:9
LH:0
BRDA:40,0,0,0
BRDA:40,0,1,0
BRDA:40,1,0,0
BRDA:40,1,1,0
BRDA:45,2,0,0
BRDA:45,2,1,0
BRDA:46,3,0,0
BRDA:46,3,1,0
BRDA:47,4,0,0
BRDA:47,4,1,0
BRF:10
BRH:0
end_of_record
TN:
SF:D:\test\renren-fast-vue\src\components\sub-menu-nav\index.vue
FN:1,(anonymous_0)
FN:14,_interopRequireDefault
FN:53,gotoRouteHandle
FN:64,render
FN:64,(anonymous_4)
FN:64,(anonymous_5)
FNF:6
FNH:0
FNDA:0,(anonymous_0)
FNDA:0,_interopRequireDefault
FNDA:0,gotoRouteHandle
FNDA:0,render
FNDA:0,(anonymous_4)
FNDA:0,(anonymous_5)
DA:1,0
DA:4,0
DA:8,0
DA:10,0
DA:12,0
DA:14,0
DA:42,0
DA:54,0
DA:55,0
DA:56,0
DA:62,0
DA:63,0
DA:64,0
DA:65,0
LF:14
LH:0
BRDA:14,0,0,0
BRDA:14,0,1,0
BRDA:14,1,0,0
BRDA:14,1,1,0
BRDA:55,2,0,0
BRDA:55,2,1,0
BRDA:62,3,0,0
BRDA:62,3,1,0
BRDA:63,4,0,0
BRDA:63,4,1,0
BRDA:64,5,0,0
BRDA:64,5,1,0
BRDA:64,6,0,0
BRDA:64,6,1,0
BRDA:64,7,0,0
BRDA:64,7,1,0
BRDA:64,8,0,0
BRDA:64,8,1,0
BRDA:64,9,0,0
BRDA:64,9,1,0
BRF:20
BRH:0
end_of_record
TN:
SF:D:\test\renren-fast-vue\src\components\table-tree-column\index.vue
FN:1,(anonymous_0)
FN:12,_interopRequireDefault
FN:38,childStyles
FN:41,iconClasses
FN:44,iconStyles
FN:47,hasChild
FN:52,toggleHandle
FN:64,(anonymous_7)
FN:71,removeChildNode
FN:100,render
FN:100,(anonymous_10)
FN:100,(anonymous_11)
FNF:12
FNH:0
FNDA:0,(anonymous_0)
FNDA:0,_interopRequireDefault
FNDA:0,childStyles
FNDA:0,iconClasses
FNDA:0,iconStyles
FNDA:0,hasChild
FNDA:0,toggleHandle
FNDA:0,(anonymous_7)
FNDA:0,removeChildNode
FNDA:0,render
FNDA:0,(anonymous_10)
FNDA:0,(anonymous_11)
DA:1,0
DA:4,0
DA:8,0
DA:10,0
DA:12,0
DA:14,0
DA:39,0
DA:42,0
DA:45,0
DA:48,0
DA:53,0
DA:55,0
DA:56,0
DA:57,0
DA:58,0
DA:59,0
DA:61,0
DA:63,0
DA:64,0
DA:65,0
DA:72,0
DA:73,0
DA:74,0
DA:76,0
DA:77,0
DA:78,0
DA:79,0
DA:80,0
DA:83,0
DA:98,0
DA:99,0
DA:100,0
DA:101,0
LF:33
LH:0
BRDA:12,0,0,0
BRDA:12,0,1,0
BRDA:12,1,0,0
BRDA:12,1,1,0
BRDA:39,2,0,0
BRDA:39,2,1,0
BRDA:42,3,0,0
BRDA:42,3,1,0
BRDA:45,4,0,0
BRDA:45,4,1,0
BRDA:48,5,0,0
BRDA:48,5,1,0
BRDA:48,5,2,0
BRDA:55,6,0,0
BRDA:55,6,1,0
BRDA:58,7,0,0
BRDA:58,7,1,0
BRDA:72,8,0,0
BRDA:72,8,1,0
BRDA:73,9,0,0
BRDA:73,9,1,0
BRDA:78,10,0,0
BRDA:78,10,1,0
BRDA:78,11,0,0
BRDA:78,11,1,0
BRDA:98,12,0,0
BRDA:98,12,1,0
BRDA:99,13,0,0
BRDA:99,13,1,0
BRDA:100,14,0,0
BRDA:100,14,1,0
BRF:31
BRH:0
end_of_record
TN:
SF:D:\test\renren-fast-vue\src\element-ui\index.js
FN:10,_interopRequireDefault
FNF:1
FNH:0
FNDA:0,_interopRequireDefault
DA:1,0
DA:10,0
DA:81,0
DA:89,0
DA:90,0
DA:91,0
DA:92,0
DA:93,0
DA:94,0
DA:96,0
DA:98,0
DA:103,0
DA:105,0
DA:106,0
DA:110,0
DA:111,0
DA:114,0
DA:115,0
DA:116,0
DA:117,0
DA:118,0
DA:119,0
DA:123,0
DA:124,0
DA:125,0
DA:128,0
DA:145,0
DA:147,0
DA:148,0
DA:149,0
DA:150,0
DA:151,0
DA:153,0
LF:33
LH:0
BRDA:10,0,0,0
BRDA:10,0,1,0
BRDA:10,1,0,0
BRDA:10,1,1,0
BRF:4
BRH:0
end_of_record
TN:
SF:D:\test\renren-fast-vue\src\filters\index.js
FNF:0
FNH:0
LF:0
LH:0
BRF:0
BRH:0
end_of_record
TN:
SF:D:\test\renren-fast-vue\src\iconfont\iconfont.js
FN:1,(anonymous_0)
FN:1,(anonymous_1)
FN:1,ready
FN:1,loadFn
FN:1,IEContentLoaded
FN:1,init
FN:1,polling
FN:1,(anonymous_7)
FN:1,before
FN:1,prepend
FN:1,appendSvg
FNF:11
FNH:0
FNDA:0,(anonymous_0)
FNDA:0,(anonymous_1)
FNDA:0,ready
FNDA:0,loadFn
FNDA:0,IEContentLoaded
FNDA:0,init
FNDA:0,polling
FNDA:0,(anonymous_7)
FNDA:0,before
FNDA:0,prepend
FNDA:0,appendSvg
DA:1,0
LF:1
LH:0
BRDA:1,0,0,0
BRDA:1,0,1,0
BRDA:1,1,0,0
BRDA:1,1,1,0
BRDA:1,2,0,0
BRDA:1,2,1,0
BRDA:1,3,0,0
BRDA:1,3,1,0
BRDA:1,4,0,0
BRDA:1,4,1,0
BRDA:1,5,0,0
BRDA:1,5,1,0
BRDA:1,6,0,0
BRDA:1,6,1,0
BRDA:1,7,0,0
BRDA:1,7,1,0
BRDA:1,8,0,0
BRDA:1,8,1,0
BRDA:1,9,0,0
BRDA:1,9,1,0
BRF:20
BRH:0
end_of_record
TN:
SF:D:\test\renren-fast-vue\src\iconfont\index.js
FN:11,_interopRequireDefault
FNF:1
FNH:0
FNDA:0,_interopRequireDefault
DA:9,0
DA:10,0
DA:11,0
DA:13,0
LF:4
LH:0
BRDA:11,0,0,0
BRDA:11,0,1,0
BRDA:11,1,0,0
BRDA:11,1,1,0
BRF:4
BRH:0
end_of_record
TN:
SF:D:\test\renren-fast-vue\src\mock\index.js
FN:2,_interopRequireDefault
FN:5,addModule
FNF:2
FNH:0
FNDA:0,_interopRequireDefault
FNDA:0,addModule
DA:1,0
DA:2,0
DA:5,0
DA:6,0
DA:7,0
DA:8,0
DA:12,0
LF:7
LH:0
BRDA:2,0,0,0
BRDA:2,0,1,0
BRDA:2,1,0,0
BRDA:2,1,1,0
BRF:4
BRH:0
end_of_record
TN:
SF:D:\test\renren-fast-vue\src\mock\modules\common.js
FN:4,_interopRequireDefault
FN:5,login
FNF:2
FNH:0
FNDA:0,_interopRequireDefault
FNDA:0,login
DA:1,0
DA:4,0
DA:5,0
LF:3
LH:0
BRDA:4,0,0,0
BRDA:4,0,1,0
BRDA:4,1,0,0
BRDA:4,1,1,0
BRF:4
BRH:0
end_of_record
TN:
SF:D:\test\renren-fast-vue\src\router\import-development.js
FN:1,(anonymous_0)
FNF:1
FNH:0
FNDA:0,(anonymous_0)
DA:1,0
LF:1
LH:0
BRF:0
BRH:0
end_of_record
TN:
SF:D:\test\renren-fast-vue\src\router\import-production.js
FN:1,_interopRequireDefault
FN:1,(anonymous_1)
FN:1,(anonymous_2)
FN:1,(anonymous_3)
FNF:4
FNH:0
FNDA:0,_interopRequireDefault
FNDA:0,(anonymous_1)
FNDA:0,(anonymous_2)
FNDA:0,(anonymous_3)
DA:1,0
LF:1
LH:0
BRDA:1,0,0,0
BRDA:1,0,1,0
BRDA:1,1,0,0
BRDA:1,1,1,0
BRF:4
BRH:0
end_of_record
TN:
SF:D:\test\renren-fast-vue\src\store\actions.js
FNF:0
FNH:0
LF:0
LH:0
BRF:0
BRH:0
end_of_record
TN:
SF:D:\test\renren-fast-vue\src\store\getters.js
FNF:0
FNH:0
LF:0
LH:0
BRF:0
BRH:0
end_of_record
TN:
SF:D:\test\renren-fast-vue\src\store\index.js
FN:6,_interopRequireWildcard
FN:6,_interopRequireDefault
FNF:2
FNH:0
FNDA:0,_interopRequireWildcard
FNDA:0,_interopRequireDefault
DA:1,0
DA:2,0
DA:3,0
DA:4,0
DA:5,0
DA:6,0
DA:8,0
DA:10,0
DA:19,0
LF:9
LH:0
BRDA:6,0,0,0
BRDA:6,0,1,0
BRDA:6,1,0,0
BRDA:6,1,1,0
BRDA:6,2,0,0
BRDA:6,2,1,0
BRDA:6,3,0,0
BRDA:6,3,1,0
BRDA:6,4,0,0
BRDA:6,4,1,0
BRDA:6,5,0,0
BRDA:6,5,1,0
BRF:12
BRH:0
end_of_record
TN:
SF:D:\test\renren-fast-vue\src\store\mutation-types.js
FNF:0
FNH:0
DA:1,0
DA:2,0
DA:3,0
DA:4,0
DA:5,0
DA:6,0
DA:7,0
DA:8,0
DA:10,0
DA:11,0
LF:10
LH:0
BRF:0
BRH:0
end_of_record
TN:
SF:D:\test\renren-fast-vue\src\store\mutations.js
FN:1,_interopRequireWildcard
FN:1,_interopRequireDefault
FN:4,(anonymous_2)
FN:8,(anonymous_3)
FN:12,(anonymous_4)
FN:16,(anonymous_5)
FN:20,(anonymous_6)
FN:24,(anonymous_7)
FN:28,(anonymous_8)
FNF:9
FNH:0
FNDA:0,_interopRequireWildcard
FNDA:0,_interopRequireDefault
FNDA:0,(anonymous_2)
FNDA:0,(anonymous_3)
FNDA:0,(anonymous_4)
FNDA:0,(anonymous_5)
FNDA:0,(anonymous_6)
FNDA:0,(anonymous_7)
FNDA:0,(anonymous_8)
DA:1,0
DA:4,0
DA:5,0
DA:8,0
DA:9,0
DA:13,0
DA:17,0
DA:21,0
DA:25,0
DA:28,0
DA:29,0
LF:11
LH:0
BRDA:1,0,0,0
BRDA:1,0,1,0
BRDA:1,1,0,0
BRDA:1,1,1,0
BRDA:1,2,0,0
BRDA:1,2,1,0
BRDA:1,3,0,0
BRDA:1,3,1,0
BRDA:1,4,0,0
BRDA:1,4,1,0
BRDA:1,5,0,0
BRDA:1,5,1,0
BRF:12
BRH:0
end_of_record
TN:
SF:D:\test\renren-fast-vue\src\store\modules\user.js
FN:1,_interopRequireWildcard
FN:1,_interopRequireDefault
FN:15,(anonymous_2)
FN:18,(anonymous_3)
FNF:4
FNH:0
FNDA:0,_interopRequireWildcard
FNDA:0,_interopRequireDefault
FNDA:0,(anonymous_2)
FNDA:0,(anonymous_3)
DA:1,0
DA:3,0
DA:8,0
DA:11,0
DA:14,0
DA:15,0
DA:16,0
DA:18,0
DA:19,0
DA:20,0
LF:10
LH:0
BRDA:1,0,0,0
BRDA:1,0,1,0
BRDA:1,1,0,0
BRDA:1,1,1,0
BRDA:1,2,0,0
BRDA:1,2,1,0
BRDA:1,3,0,0
BRDA:1,3,1,0
BRDA:1,4,0,0
BRDA:1,4,1,0
BRDA:1,5,0,0
BRDA:1,5,1,0
BRF:12
BRH:0
end_of_record
TN:
SF:D:\test\renren-fast-vue\src\utils\index.js
FN:61,isAuth
FN:64,getRouteNameByUrl
FN:69,treeDataTranslate
FN:72,getStringLength
FN:74,getUUID
FN:74,(anonymous_5)
FNF:6
FNH:0
FNDA:0,isAuth
FNDA:0,getRouteNameByUrl
FNDA:0,treeDataTranslate
FNDA:0,getStringLength
FNDA:0,getUUID
FNDA:0,(anonymous_5)
DA:1,0
DA:5,0
DA:13,0
DA:24,0
DA:51,0
DA:61,0
DA:64,0
DA:69,0
DA:72,0
DA:74,0
LF:10
LH:0
BRDA:61,0,0,0
BRDA:61,0,1,0
BRDA:61,1,0,0
BRDA:61,1,1,0
BRDA:64,2,0,0
BRDA:64,2,1,0
BRDA:64,3,0,0
BRDA:64,3,1,0
BRDA:69,4,0,0
BRDA:69,4,1,0
BRDA:69,5,0,0
BRDA:69,5,1,0
BRDA:69,6,0,0
BRDA:69,6,1,0
BRDA:69,7,0,0
BRDA:69,7,1,0
BRDA:69,8,0,0
BRDA:69,8,1,0
BRDA:69,9,0,0
BRDA:69,9,1,0
BRDA:69,10,0,0
BRDA:69,10,1,0
BRDA:69,11,0,0
BRDA:69,11,1,0
BRDA:74,12,0,0
BRDA:74,12,1,0
BRF:26
BRH:0
end_of_record
TN:
SF:D:\test\renren-fast-vue\src\utils\validate.js
FN:24,isEmail
FN:27,isMobile
FN:30,isPhone
FNF:3
FNH:0
FNDA:0,isEmail
FNDA:0,isMobile
FNDA:0,isPhone
DA:1,0
DA:5,0
DA:13,0
DA:24,0
DA:27,0
DA:30,0
LF:6
LH:0
BRF:0
BRH:0
end_of_record
TN:
SF:D:\test\renren-fast-vue\src\views\config\add-or-update.vue
FN:1,(anonymous_0)
FN:12,_interopRequireDefault
FN:15,data
FN:32,init
FN:37,(anonymous_4)
FN:40,(anonymous_5)
FN:54,dataFormSubmit
FN:57,(anonymous_7)
FN:66,(anonymous_8)
FN:74,onClose
FN:113,render
FN:113,(anonymous_11)
FN:113,(anonymous_12)
FN:113,(anonymous_13)
FN:113,(anonymous_14)
FN:113,(anonymous_15)
FN:113,(anonymous_16)
FN:113,(anonymous_17)
FNF:18
FNH:0
FNDA:0,(anonymous_0)
FNDA:0,_interopRequireDefault
FNDA:0,data
FNDA:0,init
FNDA:0,(anonymous_4)
FNDA:0,(anonymous_5)
FNDA:0,dataFormSubmit
FNDA:0,(anonymous_7)
FNDA:0,(anonymous_8)
FNDA:0,onClose
FNDA:0,render
FNDA:0,(anonymous_11)
FNDA:0,(anonymous_12)
FNDA:0,(anonymous_13)
FNDA:0,(anonymous_14)
FNDA:0,(anonymous_15)
FNDA:0,(anonymous_16)
FNDA:0,(anonymous_17)
DA:1,0
DA:4,0
DA:8,0
DA:10,0
DA:12,0
DA:14,0
DA:16,0
DA:33,0
DA:35,0
DA:36,0
DA:37,0
DA:38,0
DA:39,0
DA:40,0
DA:41,0
DA:43,0
DA:44,0
DA:45,0
DA:46,0
DA:55,0
DA:57,0
DA:58,0
DA:59,0
DA:65,0
DA:66,0
DA:67,0
DA:69,0
DA:70,0
DA:75,0
DA:76,0
DA:80,0
DA:111,0
DA:112,0
DA:113,0
DA:114,0
LF:35
LH:0
BRDA:12,0,0,0
BRDA:12,0,1,0
BRDA:12,1,0,0
BRDA:12,1,1,0
BRDA:35,2,0,0
BRDA:35,2,1,0
BRDA:39,3,0,0
BRDA:39,3,1,0
BRDA:43,4,0,0
BRDA:43,4,1,0
BRDA:43,5,0,0
BRDA:43,5,1,0
BRDA:58,6,0,0
BRDA:58,6,1,0
BRDA:60,7,0,0
BRDA:60,7,1,0
BRDA:65,8,0,0
BRDA:65,8,1,0
BRDA:69,9,0,0
BRDA:69,9,1,0
BRDA:69,10,0,0
BRDA:69,10,1,0
BRDA:111,11,0,0
BRDA:111,11,1,0
BRDA:112,12,0,0
BRDA:112,12,1,0
BRDA:113,13,0,0
BRDA:113,13,1,0
BRDA:113,14,0,0
BRDA:113,14,1,0
BRDA:113,15,0,0
BRDA:113,15,1,0
BRDA:113,16,0,0
BRDA:113,16,1,0
BRF:34
BRH:0
end_of_record
TN:
SF:D:\test\renren-fast-vue\src\views\config\index.vue
FN:1,(anonymous_0)
FN:16,_interopRequireDefault
FN:95,data
FN:113,activated
FN:119,getDataList
FN:128,(anonymous_5)
FN:143,sizeChangeHandle
FN:150,currentChangeHandle
FN:156,selectionChangeHandle
FN:161,addOrUpdateHandle
FN:165,(anonymous_10)
FN:171,deleteHandle
FN:174,(anonymous_12)
FN:181,(anonymous_13)
FN:182,(anonymous_14)
FN:190,onClose
FN:205,render
FN:205,(anonymous_17)
FN:205,(anonymous_18)
FN:205,(anonymous_19)
FN:205,(anonymous_20)
FN:205,(anonymous_21)
FN:205,(anonymous_22)
FN:205,(anonymous_23)
FN:205,(anonymous_24)
FNF:25
FNH:0
FNDA:0,(anonymous_0)
FNDA:0,_interopRequireDefault
FNDA:0,data
FNDA:0,activated
FNDA:0,getDataList
FNDA:0,(anonymous_5)
FNDA:0,sizeChangeHandle
FNDA:0,currentChangeHandle
FNDA:0,selectionChangeHandle
FNDA:0,addOrUpdateHandle
FNDA:0,(anonymous_10)
FNDA:0,deleteHandle
FNDA:0,(anonymous_12)
FNDA:0,(anonymous_13)
FNDA:0,(anonymous_14)
FNDA:0,onClose
FNDA:0,render
FNDA:0,(anonymous_17)
FNDA:0,(anonymous_18)
FNDA:0,(anonymous_19)
FNDA:0,(anonymous_20)
FNDA:0,(anonymous_21)
FNDA:0,(anonymous_22)
FNDA:0,(anonymous_23)
FNDA:0,(anonymous_24)
DA:1,0
DA:4,0
DA:8,0
DA:10,0
DA:12,0
DA:14,0
DA:16,0
DA:94,0
DA:96,0
DA:114,0
DA:120,0
DA:122,0
DA:123,0
DA:128,0
DA:129,0
DA:131,0
DA:132,0
DA:133,0
DA:135,0
DA:136,0
DA:138,0
DA:144,0
DA:145,0
DA:146,0
DA:151,0
DA:152,0
DA:157,0
DA:162,0
DA:164,0
DA:165,0
DA:166,0
DA:172,0
DA:174,0
DA:175,0
DA:177,0
DA:182,0
DA:183,0
DA:185,0
DA:186,0
DA:191,0
DA:195,0
DA:203,0
DA:204,0
DA:205,0
DA:206,0
LF:45
LH:0
BRDA:16,0,0,0
BRDA:16,0,1,0
BRDA:16,1,0,0
BRDA:16,1,1,0
BRDA:131,2,0,0
BRDA:131,2,1,0
BRDA:131,3,0,0
BRDA:131,3,1,0
BRDA:174,4,0,0
BRDA:174,4,1,0
BRDA:177,5,0,0
BRDA:177,5,1,0
BRDA:185,6,0,0
BRDA:185,6,1,0
BRDA:185,7,0,0
BRDA:185,7,1,0
BRDA:203,8,0,0
BRDA:203,8,1,0
BRDA:204,9,0,0
BRDA:204,9,1,0
BRDA:205,10,0,0
BRDA:205,10,1,0
BRDA:205,11,0,0
BRDA:205,11,1,0
BRDA:205,12,0,0
BRDA:205,12,1,0
BRDA:205,13,0,0
BRDA:205,13,1,0
BRF:28
BRH:0
end_of_record
TN:
SF:D:\test\renren-fast-vue\src\views\error\404.vue
FN:1,(anonymous_0)
FN:25,render
FN:25,(anonymous_2)
FN:25,(anonymous_3)
FN:26,render
FNF:5
FNH:0
FNDA:0,(anonymous_0)
FNDA:0,render
FNDA:0,(anonymous_2)
FNDA:0,(anonymous_3)
FNDA:0,render
DA:1,0
DA:4,0
DA:21,0
DA:23,0
DA:24,0
DA:25,0
DA:26,0
LF:7
LH:0
BRDA:23,0,0,0
BRDA:23,0,1,0
BRDA:24,1,0,0
BRDA:24,1,1,0
BRDA:25,2,0,0
BRDA:25,2,1,0
BRDA:26,3,0,0
BRDA:26,3,1,0
BRF:8
BRH:0
end_of_record
TN:
SF:D:\test\renren-fast-vue\src\views\home\index.vue
FN:1,(anonymous_0)
FN:37,data
FN:42,contentViewStyles
FN:55,render
FNF:4
FNH:0
FNDA:0,(anonymous_0)
FNDA:0,data
FNDA:0,contentViewStyles
FNDA:0,render
DA:1,0
DA:4,0
DA:36,0
DA:38,0
DA:43,0
DA:44,0
DA:45,0
DA:46,0
DA:47,0
DA:48,0
DA:53,0
DA:54,0
DA:55,0
DA:56,0
LF:14
LH:0
BRDA:53,0,0,0
BRDA:53,0,1,0
BRDA:54,1,0,0
BRDA:54,1,1,0
BRDA:55,2,0,0
BRDA:55,2,1,0
BRF:6
BRH:0
end_of_record
TN:
SF:D:\test\renren-fast-vue\src\views\layout\content-tabs.vue
FN:1,(anonymous_0)
FN:18,_interopRequireDefault
FN:49,data
FN:55,get
FN:58,set
FN:65,contentViewHeight
FN:77,getNestIframeUrl
FN:82,selectedTabHandle
FN:83,(anonymous_8)
FN:92,removeTabHandle
FN:95,(anonymous_10)
FN:100,(anonymous_11)
FN:111,render
FN:111,(anonymous_13)
FN:111,(anonymous_14)
FNF:15
FNH:0
FNDA:0,(anonymous_0)
FNDA:0,_interopRequireDefault
FNDA:0,data
FNDA:0,get
FNDA:0,set
FNDA:0,contentViewHeight
FNDA:0,getNestIframeUrl
FNDA:0,selectedTabHandle
FNDA:0,(anonymous_8)
FNDA:0,removeTabHandle
FNDA:0,(anonymous_10)
FNDA:0,(anonymous_11)
FNDA:0,render
FNDA:0,(anonymous_13)
FNDA:0,(anonymous_14)
DA:1,0
DA:4,0
DA:8,0
DA:10,0
DA:12,0
DA:14,0
DA:16,0
DA:18,0
DA:48,0
DA:50,0
DA:56,0
DA:59,0
DA:66,0
DA:67,0
DA:68,0
DA:69,0
DA:70,0
DA:71,0
DA:72,0
DA:73,0
DA:78,0
DA:83,0
DA:84,0
DA:86,0
DA:87,0
DA:93,0
DA:95,0
DA:96,0
DA:99,0
DA:100,0
DA:101,0
DA:104,0
DA:109,0
DA:110,0
DA:111,0
DA:112,0
LF:36
LH:0
BRDA:18,0,0,0
BRDA:18,0,1,0
BRDA:18,1,0,0
BRDA:18,1,1,0
BRDA:73,2,0,0
BRDA:73,2,1,0
BRDA:86,3,0,0
BRDA:86,3,1,0
BRDA:99,4,0,0
BRDA:99,4,1,0
BRDA:109,5,0,0
BRDA:109,5,1,0
BRDA:110,6,0,0
BRDA:110,6,1,0
BRDA:111,7,0,0
BRDA:111,7,1,0
BRDA:111,8,0,0
BRDA:111,8,1,0
BRDA:111,9,0,0
BRDA:111,9,1,0
BRF:20
BRH:0
end_of_record
TN:
SF:D:\test\renren-fast-vue\src\views\layout\index.vue
FN:1,(anonymous_0)
FN:30,_interopRequireDefault
FN:33,data
FN:45,siteWarpperClasses
FN:48,siteContentWarpperStyles
FN:52,created
FN:55,mounted
FN:59,(anonymous_7)
FN:66,resetDocumentClientHeight
FN:71,getUserInfo
FN:74,(anonymous_10)
FN:104,render
FNF:12
FNH:0
FNDA:0,(anonymous_0)
FNDA:0,_interopRequireDefault
FNDA:0,data
FNDA:0,siteWarpperClasses
FNDA:0,siteContentWarpperStyles
FNDA:0,created
FNDA:0,mounted
FNDA:0,(anonymous_7)
FNDA:0,resetDocumentClientHeight
FNDA:0,getUserInfo
FNDA:0,(anonymous_10)
FNDA:0,render
DA:1,0
DA:4,0
DA:8,0
DA:10,0
DA:12,0
DA:14,0
DA:16,0
DA:18,0
DA:20,0
DA:22,0
DA:24,0
DA:26,0
DA:28,0
DA:30,0
DA:32,0
DA:34,0
DA:46,0
DA:49,0
DA:53,0
DA:56,0
DA:58,0
DA:59,0
DA:60,0
DA:67,0
DA:72,0
DA:74,0
DA:75,0
DA:77,0
DA:78,0
DA:79,0
DA:80,0
DA:81,0
DA:102,0
DA:103,0
DA:104,0
DA:105,0
LF:36
LH:0
BRDA:30,0,0,0
BRDA:30,0,1,0
BRDA:30,1,0,0
BRDA:30,1,1,0
BRDA:77,2,0,0
BRDA:77,2,1,0
BRDA:77,3,0,0
BRDA:77,3,1,0
BRDA:102,4,0,0
BRDA:102,4,1,0
BRDA:103,5,0,0
BRDA:103,5,1,0
BRDA:104,6,0,0
BRDA:104,6,1,0
BRDA:104,7,0,0
BRDA:104,7,1,0
BRF:16
BRH:0
end_of_record
TN:
SF:D:\test\renren-fast-vue\src\views\layout\sidebar.vue
FN:1,(anonymous_0)
FN:32,_interopRequireDefault
FN:35,data
FN:47,created
FN:50,(anonymous_4)
FN:57,getMenuNavList
FN:60,(anonymous_6)
FN:74,routeHandle
FN:76,(anonymous_8)
FN:101,getMenuNavByRouteName
FN:138,render
FN:138,(anonymous_11)
FN:138,(anonymous_12)
FNF:13
FNH:0
FNDA:0,(anonymous_0)
FNDA:0,_interopRequireDefault
FNDA:0,data
FNDA:0,created
FNDA:0,(anonymous_4)
FNDA:0,getMenuNavList
FNDA:0,(anonymous_6)
FNDA:0,routeHandle
FNDA:0,(anonymous_8)
FNDA:0,getMenuNavByRouteName
FNDA:0,render
FNDA:0,(anonymous_11)
FNDA:0,(anonymous_12)
DA:1,0
DA:4,0
DA:8,0
DA:10,0
DA:12,0
DA:14,0
DA:16,0
DA:18,0
DA:20,0
DA:22,0
DA:24,0
DA:26,0
DA:28,0
DA:30,0
DA:32,0
DA:34,0
DA:36,0
DA:48,0
DA:50,0
DA:51,0
DA:58,0
DA:60,0
DA:61,0
DA:63,0
DA:64,0
DA:65,0
DA:67,0
DA:68,0
DA:75,0
DA:76,0
DA:77,0
DA:80,0
DA:81,0
DA:82,0
DA:83,0
DA:90,0
DA:92,0
DA:95,0
DA:96,0
DA:102,0
DA:103,0
DA:104,0
DA:105,0
DA:106,0
DA:136,0
DA:137,0
DA:138,0
DA:139,0
LF:48
LH:0
BRDA:32,0,0,0
BRDA:32,0,1,0
BRDA:32,1,0,0
BRDA:32,1,1,0
BRDA:63,2,0,0
BRDA:63,2,1,0
BRDA:63,3,0,0
BRDA:63,3,1,0
BRDA:65,4,0,0
BRDA:65,4,1,0
BRDA:75,5,0,0
BRDA:75,5,1,0
BRDA:80,6,0,0
BRDA:80,6,1,0
BRDA:82,7,0,0
BRDA:82,7,1,0
BRDA:87,8,0,0
BRDA:87,8,1,0
BRDA:87,9,0,0
BRDA:87,9,1,0
BRDA:103,10,0,0
BRDA:103,10,1,0
BRDA:103,11,0,0
BRDA:103,11,1,0
BRDA:105,12,0,0
BRDA:105,12,1,0
BRDA:136,13,0,0
BRDA:136,13,1,0
BRDA:137,14,0,0
BRDA:137,14,1,0
BRDA:138,15,0,0
BRDA:138,15,1,0
BRF:32
BRH:0
end_of_record
TN:
SF:D:\test\renren-fast-vue\src\views\layout\topbar.vue
FN:1,(anonymous_0)
FN:22,_interopRequireDefault
FN:25,data
FN:36,switchSidebarCollapseHandle
FN:41,updatePasswordHandle
FN:45,(anonymous_5)
FN:51,logoutHandle
FN:58,(anonymous_7)
FN:59,(anonymous_8)
FN:112,render
FN:112,(anonymous_10)
FN:112,(anonymous_11)
FN:112,(anonymous_12)
FN:112,(anonymous_13)
FNF:14
FNH:0
FNDA:0,(anonymous_0)
FNDA:0,_interopRequireDefault
FNDA:0,data
FNDA:0,switchSidebarCollapseHandle
FNDA:0,updatePasswordHandle
FNDA:0,(anonymous_5)
FNDA:0,logoutHandle
FNDA:0,(anonymous_7)
FNDA:0,(anonymous_8)
FNDA:0,render
FNDA:0,(anonymous_10)
FNDA:0,(anonymous_11)
FNDA:0,(anonymous_12)
FNDA:0,(anonymous_13)
DA:1,0
DA:4,0
DA:8,0
DA:10,0
DA:12,0
DA:14,0
DA:16,0
DA:18,0
DA:20,0
DA:22,0
DA:24,0
DA:26,0
DA:37,0
DA:42,0
DA:44,0
DA:45,0
DA:46,0
DA:52,0
DA:54,0
DA:59,0
DA:60,0
DA:62,0
DA:63,0
DA:64,0
DA:65,0
DA:110,0
DA:111,0
DA:112,0
DA:113,0
LF:29
LH:0
BRDA:22,0,0,0
BRDA:22,0,1,0
BRDA:22,1,0,0
BRDA:22,1,1,0
BRDA:62,2,0,0
BRDA:62,2,1,0
BRDA:62,3,0,0
BRDA:62,3,1,0
BRDA:110,4,0,0
BRDA:110,4,1,0
BRDA:111,5,0,0
BRDA:111,5,1,0
BRDA:112,6,0,0
BRDA:112,6,1,0
BRDA:112,7,0,0
BRDA:112,7,1,0
BRF:16
BRH:0
end_of_record
TN:
SF:D:\test\renren-fast-vue\src\views\layout\update-password.vue
FN:1,(anonymous_0)
FN:18,_interopRequireDefault
FN:48,data
FN:51,validateConfirmPassword
FN:75,init
FN:79,(anonymous_5)
FN:85,dataFormSubmit
FN:88,(anonymous_7)
FN:94,(anonymous_8)
FN:102,onClose
FN:104,(anonymous_10)
FN:123,render
FN:123,(anonymous_12)
FN:123,(anonymous_13)
FN:123,(anonymous_14)
FN:123,(anonymous_15)
FN:123,(anonymous_16)
FN:123,(anonymous_17)
FN:123,(anonymous_18)
FNF:19
FNH:0
FNDA:0,(anonymous_0)
FNDA:0,_interopRequireDefault
FNDA:0,data
FNDA:0,validateConfirmPassword
FNDA:0,init
FNDA:0,(anonymous_5)
FNDA:0,dataFormSubmit
FNDA:0,(anonymous_7)
FNDA:0,(anonymous_8)
FNDA:0,onClose
FNDA:0,(anonymous_10)
FNDA:0,render
FNDA:0,(anonymous_12)
FNDA:0,(anonymous_13)
FNDA:0,(anonymous_14)
FNDA:0,(anonymous_15)
FNDA:0,(anonymous_16)
FNDA:0,(anonymous_17)
FNDA:0,(anonymous_18)
DA:1,0
DA:4,0
DA:8,0
DA:10,0
DA:12,0
DA:14,0
DA:16,0
DA:18,0
DA:47,0
DA:49,0
DA:51,0
DA:52,0
DA:53,0
DA:55,0
DA:58,0
DA:76,0
DA:78,0
DA:79,0
DA:80,0
DA:86,0
DA:88,0
DA:89,0
DA:90,0
DA:94,0
DA:95,0
DA:97,0
DA:98,0
DA:103,0
DA:104,0
DA:105,0
DA:106,0
DA:107,0
DA:112,0
DA:121,0
DA:122,0
DA:123,0
DA:124,0
LF:37
LH:0
BRDA:18,0,0,0
BRDA:18,0,1,0
BRDA:18,1,0,0
BRDA:18,1,1,0
BRDA:52,2,0,0
BRDA:52,2,1,0
BRDA:89,3,0,0
BRDA:89,3,1,0
BRDA:97,4,0,0
BRDA:97,4,1,0
BRDA:97,5,0,0
BRDA:97,5,1,0
BRDA:121,6,0,0
BRDA:121,6,1,0
BRDA:122,7,0,0
BRDA:122,7,1,0
BRDA:123,8,0,0
BRDA:123,8,1,0
BRDA:123,9,0,0
BRDA:123,9,1,0
BRDA:123,10,0,0
BRDA:123,10,1,0
BRF:22
BRH:0
end_of_record
TN:
SF:D:\test\renren-fast-vue\src\views\log\index.vue
FN:1,(anonymous_0)
FN:12,_interopRequireDefault
FN:15,data
FN:28,created
FN:34,getDataList
FN:43,(anonymous_5)
FN:58,sizeChangeHandle
FN:65,currentChangeHandle
FN:156,render
FN:156,(anonymous_9)
FN:156,(anonymous_10)
FN:156,(anonymous_11)
FNF:12
FNH:0
FNDA:0,(anonymous_0)
FNDA:0,_interopRequireDefault
FNDA:0,data
FNDA:0,created
FNDA:0,getDataList
FNDA:0,(anonymous_5)
FNDA:0,sizeChangeHandle
FNDA:0,currentChangeHandle
FNDA:0,render
FNDA:0,(anonymous_9)
FNDA:0,(anonymous_10)
FNDA:0,(anonymous_11)
DA:1,0
DA:4,0
DA:8,0
DA:10,0
DA:12,0
DA:14,0
DA:16,0
DA:29,0
DA:35,0
DA:37,0
DA:38,0
DA:43,0
DA:44,0
DA:46,0
DA:47,0
DA:48,0
DA:50,0
DA:51,0
DA:53,0
DA:59,0
DA:60,0
DA:61,0
DA:66,0
DA:67,0
DA:154,0
DA:155,0
DA:156,0
DA:157,0
LF:28
LH:0
BRDA:12,0,0,0
BRDA:12,0,1,0
BRDA:12,1,0,0
BRDA:12,1,1,0
BRDA:46,2,0,0
BRDA:46,2,1,0
BRDA:46,3,0,0
BRDA:46,3,1,0
BRDA:154,4,0,0
BRDA:154,4,1,0
BRDA:155,5,0,0
BRDA:155,5,1,0
BRDA:156,6,0,0
BRDA:156,6,1,0
BRDA:156,7,0,0
BRDA:156,7,1,0
BRDA:156,8,0,0
BRDA:156,8,1,0
BRF:18
BRH:0
end_of_record
TN:
SF:D:\test\renren-fast-vue\src\views\login\index.vue
FN:1,(anonymous_0)
FN:14,_interopRequireDefault
FN:56,data
FN:72,created
FN:78,dataFormSubmit
FN:81,(anonymous_5)
FN:89,(anonymous_6)
FN:106,getCaptcha
FN:115,render
FN:115,(anonymous_9)
FN:115,(anonymous_10)
FN:115,(anonymous_11)
FN:115,(anonymous_12)
FN:115,(anonymous_13)
FN:115,(anonymous_14)
FN:116,render
FNF:16
FNH:0
FNDA:0,(anonymous_0)
FNDA:0,_interopRequireDefault
FNDA:0,data
FNDA:0,created
FNDA:0,dataFormSubmit
FNDA:0,(anonymous_5)
FNDA:0,(anonymous_6)
FNDA:0,getCaptcha
FNDA:0,render
FNDA:0,(anonymous_9)
FNDA:0,(anonymous_10)
FNDA:0,(anonymous_11)
FNDA:0,(anonymous_12)
FNDA:0,(anonymous_13)
FNDA:0,(anonymous_14)
FNDA:0,render
DA:1,0
DA:4,0
DA:8,0
DA:10,0
DA:12,0
DA:14,0
DA:55,0
DA:57,0
DA:73,0
DA:79,0
DA:81,0
DA:82,0
DA:83,0
DA:89,0
DA:90,0
DA:92,0
DA:93,0
DA:94,0
DA:95,0
DA:97,0
DA:98,0
DA:107,0
DA:108,0
DA:113,0
DA:114,0
DA:115,0
DA:116,0
LF:27
LH:0
BRDA:14,0,0,0
BRDA:14,0,1,0
BRDA:14,1,0,0
BRDA:14,1,1,0
BRDA:82,2,0,0
BRDA:82,2,1,0
BRDA:93,3,0,0
BRDA:93,3,1,0
BRDA:93,4,0,0
BRDA:93,4,1,0
BRDA:94,5,0,0
BRDA:94,5,1,0
BRDA:113,6,0,0
BRDA:113,6,1,0
BRDA:114,7,0,0
BRDA:114,7,1,0
BRDA:115,8,0,0
BRDA:115,8,1,0
BRDA:115,9,0,0
BRDA:115,9,1,0
BRDA:115,10,0,0
BRDA:115,10,1,0
BRDA:116,11,0,0
BRDA:116,11,1,0
BRF:24
BRH:0
end_of_record
TN:
SF:D:\test\renren-fast-vue\src\views\menu\add-or-update.vue
FN:1,(anonymous_0)
FN:14,_interopRequireDefault
FN:86,data
FN:89,validateUrl
FN:123,init
FN:127,(anonymous_5)
FN:131,(anonymous_6)
FN:133,(anonymous_7)
FN:136,(anonymous_8)
FN:142,(anonymous_9)
FN:160,menuListTreeCurrentChangeHandle
FN:166,menuListTreeSetCurrentNode
FN:172,dataFormSubmit
FN:175,(anonymous_13)
FN:188,(anonymous_14)
FN:196,onClose
FN:213,render
FN:213,(anonymous_17)
FN:213,(anonymous_18)
FN:213,(anonymous_19)
FN:213,(anonymous_20)
FN:213,(anonymous_21)
FN:213,(anonymous_22)
FN:213,(anonymous_23)
FN:213,(anonymous_24)
FN:213,(anonymous_25)
FN:213,(anonymous_26)
FN:213,(anonymous_27)
FNF:28
FNH:0
FNDA:0,(anonymous_0)
FNDA:0,_interopRequireDefault
FNDA:0,data
FNDA:0,validateUrl
FNDA:0,init
FNDA:0,(anonymous_5)
FNDA:0,(anonymous_6)
FNDA:0,(anonymous_7)
FNDA:0,(anonymous_8)
FNDA:0,(anonymous_9)
FNDA:0,menuListTreeCurrentChangeHandle
FNDA:0,menuListTreeSetCurrentNode
FNDA:0,dataFormSubmit
FNDA:0,(anonymous_13)
FNDA:0,(anonymous_14)
FNDA:0,onClose
FNDA:0,render
FNDA:0,(anonymous_17)
FNDA:0,(anonymous_18)
FNDA:0,(anonymous_19)
FNDA:0,(anonymous_20)
FNDA:0,(anonymous_21)
FNDA:0,(anonymous_22)
FNDA:0,(anonymous_23)
FNDA:0,(anonymous_24)
FNDA:0,(anonymous_25)
FNDA:0,(anonymous_26)
FNDA:0,(anonymous_27)
DA:1,0
DA:4,0
DA:8,0
DA:10,0
DA:12,0
DA:14,0
DA:85,0
DA:87,0
DA:89,0
DA:90,0
DA:91,0
DA:93,0
DA:96,0
DA:124,0
DA:126,0
DA:127,0
DA:128,0
DA:130,0
DA:132,0
DA:133,0
DA:134,0
DA:137,0
DA:139,0
DA:142,0
DA:143,0
DA:145,0
DA:146,0
DA:147,0
DA:148,0
DA:149,0
DA:150,0
DA:151,0
DA:152,0
DA:153,0
DA:161,0
DA:162,0
DA:167,0
DA:168,0
DA:173,0
DA:175,0
DA:176,0
DA:177,0
DA:187,0
DA:188,0
DA:189,0
DA:191,0
DA:192,0
DA:197,0
DA:198,0
DA:202,0
DA:211,0
DA:212,0
DA:213,0
DA:214,0
LF:54
LH:0
BRDA:14,0,0,0
BRDA:14,0,1,0
BRDA:14,1,0,0
BRDA:14,1,1,0
BRDA:90,2,0,0
BRDA:90,2,1,0
BRDA:90,3,0,0
BRDA:90,3,1,0
BRDA:126,4,0,0
BRDA:126,4,1,0
BRDA:137,5,0,0
BRDA:137,5,1,0
BRDA:168,6,0,0
BRDA:168,6,1,0
BRDA:176,7,0,0
BRDA:176,7,1,0
BRDA:178,8,0,0
BRDA:178,8,1,0
BRDA:187,9,0,0
BRDA:187,9,1,0
BRDA:191,10,0,0
BRDA:191,10,1,0
BRDA:191,11,0,0
BRDA:191,11,1,0
BRDA:211,12,0,0
BRDA:211,12,1,0
BRDA:212,13,0,0
BRDA:212,13,1,0
BRDA:213,14,0,0
BRDA:213,14,1,0
BRDA:213,15,0,0
BRDA:213,15,1,0
BRDA:213,16,0,0
BRDA:213,16,1,0
BRDA:213,17,0,0
BRDA:213,17,1,0
BRDA:213,18,0,0
BRDA:213,18,1,0
BRDA:213,19,0,0
BRDA:213,19,1,0
BRDA:213,20,0,0
BRDA:213,20,1,0
BRDA:213,21,0,0
BRDA:213,21,1,0
BRF:44
BRH:0
end_of_record
TN:
SF:D:\test\renren-fast-vue\src\views\menu\index.vue
FN:1,(anonymous_0)
FN:22,_interopRequireDefault
FN:117,data
FN:130,activated
FN:136,getDataList
FN:140,(anonymous_5)
FN:149,addOrUpdateHandle
FN:153,(anonymous_7)
FN:159,deleteHandle
FN:166,(anonymous_9)
FN:167,(anonymous_10)
FN:175,onClose
FN:190,render
FN:190,(anonymous_13)
FN:190,(anonymous_14)
FN:190,(anonymous_15)
FN:190,(anonymous_16)
FN:190,(anonymous_17)
FN:190,(anonymous_18)
FNF:19
FNH:0
FNDA:0,(anonymous_0)
FNDA:0,_interopRequireDefault
FNDA:0,data
FNDA:0,activated
FNDA:0,getDataList
FNDA:0,(anonymous_5)
FNDA:0,addOrUpdateHandle
FNDA:0,(anonymous_7)
FNDA:0,deleteHandle
FNDA:0,(anonymous_9)
FNDA:0,(anonymous_10)
FNDA:0,onClose
FNDA:0,render
FNDA:0,(anonymous_13)
FNDA:0,(anonymous_14)
FNDA:0,(anonymous_15)
FNDA:0,(anonymous_16)
FNDA:0,(anonymous_17)
FNDA:0,(anonymous_18)
DA:1,0
DA:4,0
DA:8,0
DA:10,0
DA:12,0
DA:14,0
DA:16,0
DA:18,0
DA:20,0
DA:22,0
DA:116,0
DA:118,0
DA:131,0
DA:137,0
DA:139,0
DA:140,0
DA:141,0
DA:143,0
DA:144,0
DA:150,0
DA:152,0
DA:153,0
DA:154,0
DA:160,0
DA:162,0
DA:167,0
DA:168,0
DA:170,0
DA:171,0
DA:176,0
DA:180,0
DA:188,0
DA:189,0
DA:190,0
DA:191,0
LF:35
LH:0
BRDA:22,0,0,0
BRDA:22,0,1,0
BRDA:22,1,0,0
BRDA:22,1,1,0
BRDA:170,2,0,0
BRDA:170,2,1,0
BRDA:170,3,0,0
BRDA:170,3,1,0
BRDA:188,4,0,0
BRDA:188,4,1,0
BRDA:189,5,0,0
BRDA:189,5,1,0
BRDA:190,6,0,0
BRDA:190,6,1,0
BRDA:190,7,0,0
BRDA:190,7,1,0
BRDA:190,8,0,0
BRDA:190,8,1,0
BRDA:190,9,0,0
BRDA:190,9,1,0
BRDA:190,10,0,0
BRDA:190,10,1,0
BRDA:190,11,0,0
BRDA:190,11,1,0
BRDA:190,12,0,0
BRDA:190,12,1,0
BRDA:190,13,0,0
BRDA:190,13,1,0
BRF:28
BRH:0
end_of_record
TN:
SF:D:\test\renren-fast-vue\src\views\oss\config.vue
FN:1,(anonymous_0)
FN:12,_interopRequireDefault
FN:15,data
FN:24,init
FN:28,(anonymous_4)
FN:36,dataFormSubmit
FN:39,(anonymous_6)
FN:41,(anonymous_7)
FN:49,onClose
FN:148,render
FN:148,(anonymous_10)
FN:148,(anonymous_11)
FN:148,(anonymous_12)
FN:148,(anonymous_13)
FN:148,(anonymous_14)
FN:148,(anonymous_15)
FN:148,(anonymous_16)
FN:148,(anonymous_17)
FN:148,(anonymous_18)
FN:148,(anonymous_19)
FN:148,(anonymous_20)
FN:148,(anonymous_21)
FN:148,(anonymous_22)
FN:148,(anonymous_23)
FN:148,(anonymous_24)
FN:148,(anonymous_25)
FN:148,(anonymous_26)
FN:148,(anonymous_27)
FN:148,(anonymous_28)
FN:148,(anonymous_29)
FN:148,(anonymous_30)
FN:148,(anonymous_31)
FN:148,(anonymous_32)
FNF:33
FNH:0
FNDA:0,(anonymous_0)
FNDA:0,_interopRequireDefault
FNDA:0,data
FNDA:0,init
FNDA:0,(anonymous_4)
FNDA:0,dataFormSubmit
FNDA:0,(anonymous_6)
FNDA:0,(anonymous_7)
FNDA:0,onClose
FNDA:0,render
FNDA:0,(anonymous_10)
FNDA:0,(anonymous_11)
FNDA:0,(anonymous_12)
FNDA:0,(anonymous_13)
FNDA:0,(anonymous_14)
FNDA:0,(anonymous_15)
FNDA:0,(anonymous_16)
FNDA:0,(anonymous_17)
FNDA:0,(anonymous_18)
FNDA:0,(anonymous_19)
FNDA:0,(anonymous_20)
FNDA:0,(anonymous_21)
FNDA:0,(anonymous_22)
FNDA:0,(anonymous_23)
FNDA:0,(anonymous_24)
FNDA:0,(anonymous_25)
FNDA:0,(anonymous_26)
FNDA:0,(anonymous_27)
FNDA:0,(anonymous_28)
FNDA:0,(anonymous_29)
FNDA:0,(anonymous_30)
FNDA:0,(anonymous_31)
FNDA:0,(anonymous_32)
DA:1,0
DA:4,0
DA:8,0
DA:10,0
DA:12,0
DA:14,0
DA:16,0
DA:25,0
DA:27,0
DA:28,0
DA:29,0
DA:31,0
DA:37,0
DA:39,0
DA:40,0
DA:41,0
DA:42,0
DA:44,0
DA:45,0
DA:50,0
DA:54,0
DA:146,0
DA:147,0
DA:148,0
DA:149,0
LF:25
LH:0
BRDA:12,0,0,0
BRDA:12,0,1,0
BRDA:12,1,0,0
BRDA:12,1,1,0
BRDA:31,2,0,0
BRDA:31,2,1,0
BRDA:31,3,0,0
BRDA:31,3,1,0
BRDA:40,4,0,0
BRDA:40,4,1,0
BRDA:44,5,0,0
BRDA:44,5,1,0
BRDA:44,6,0,0
BRDA:44,6,1,0
BRDA:146,7,0,0
BRDA:146,7,1,0
BRDA:147,8,0,0
BRDA:147,8,1,0
BRDA:148,9,0,0
BRDA:148,9,1,0
BRDA:148,10,0,0
BRDA:148,10,1,0
BRDA:148,11,0,0
BRDA:148,11,1,0
BRDA:148,12,0,0
BRDA:148,12,1,0
BRDA:148,13,0,0
BRDA:148,13,1,0
BRDA:148,14,0,0
BRDA:148,14,1,0
BRF:30
BRH:0
end_of_record
TN:
SF:D:\test\renren-fast-vue\src\views\oss\index.vue
FN:1,(anonymous_0)
FN:20,_interopRequireDefault
FN:23,data
FN:41,activated
FN:47,getDataList
FN:55,(anonymous_5)
FN:70,sizeChangeHandle
FN:77,currentChangeHandle
FN:83,selectionChangeHandle
FN:88,configHandle
FN:92,(anonymous_10)
FN:98,uploadHandle
FN:102,(anonymous_12)
FN:108,deleteHandle
FN:111,(anonymous_14)
FN:118,(anonymous_15)
FN:119,(anonymous_16)
FN:127,onClose
FN:209,render
FN:209,(anonymous_19)
FN:209,(anonymous_20)
FN:209,(anonymous_21)
FN:209,(anonymous_22)
FN:209,(anonymous_23)
FNF:24
FNH:0
FNDA:0,(anonymous_0)
FNDA:0,_interopRequireDefault
FNDA:0,data
FNDA:0,activated
FNDA:0,getDataList
FNDA:0,(anonymous_5)
FNDA:0,sizeChangeHandle
FNDA:0,currentChangeHandle
FNDA:0,selectionChangeHandle
FNDA:0,configHandle
FNDA:0,(anonymous_10)
FNDA:0,uploadHandle
FNDA:0,(anonymous_12)
FNDA:0,deleteHandle
FNDA:0,(anonymous_14)
FNDA:0,(anonymous_15)
FNDA:0,(anonymous_16)
FNDA:0,onClose
FNDA:0,render
FNDA:0,(anonymous_19)
FNDA:0,(anonymous_20)
FNDA:0,(anonymous_21)
FNDA:0,(anonymous_22)
FNDA:0,(anonymous_23)
DA:1,0
DA:4,0
DA:8,0
DA:10,0
DA:12,0
DA:14,0
DA:16,0
DA:18,0
DA:20,0
DA:22,0
DA:24,0
DA:42,0
DA:48,0
DA:50,0
DA:51,0
DA:55,0
DA:56,0
DA:58,0
DA:59,0
DA:60,0
DA:62,0
DA:63,0
DA:65,0
DA:71,0
DA:72,0
DA:73,0
DA:78,0
DA:79,0
DA:84,0
DA:89,0
DA:91,0
DA:92,0
DA:93,0
DA:99,0
DA:101,0
DA:102,0
DA:103,0
DA:109,0
DA:111,0
DA:112,0
DA:114,0
DA:119,0
DA:120,0
DA:122,0
DA:123,0
DA:128,0
DA:132,0
DA:207,0
DA:208,0
DA:209,0
DA:210,0
LF:51
LH:0
BRDA:20,0,0,0
BRDA:20,0,1,0
BRDA:20,1,0,0
BRDA:20,1,1,0
BRDA:58,2,0,0
BRDA:58,2,1,0
BRDA:58,3,0,0
BRDA:58,3,1,0
BRDA:111,4,0,0
BRDA:111,4,1,0
BRDA:114,5,0,0
BRDA:114,5,1,0
BRDA:122,6,0,0
BRDA:122,6,1,0
BRDA:122,7,0,0
BRDA:122,7,1,0
BRDA:207,8,0,0
BRDA:207,8,1,0
BRDA:208,9,0,0
BRDA:208,9,1,0
BRDA:209,10,0,0
BRDA:209,10,1,0
BRDA:209,11,0,0
BRDA:209,11,1,0
BRDA:209,12,0,0
BRDA:209,12,1,0
BRF:26
BRH:0
end_of_record
TN:
SF:D:\test\renren-fast-vue\src\views\oss\upload.vue
FN:1,(anonymous_0)
FN:12,_interopRequireDefault
FN:15,data
FN:26,init
FN:32,beforeUploadHandle
FN:41,successHandle
FN:52,(anonymous_6)
FN:62,closeHandle
FN:91,render
FN:91,(anonymous_9)
FNF:10
FNH:0
FNDA:0,(anonymous_0)
FNDA:0,_interopRequireDefault
FNDA:0,data
FNDA:0,init
FNDA:0,beforeUploadHandle
FNDA:0,successHandle
FNDA:0,(anonymous_6)
FNDA:0,closeHandle
FNDA:0,render
FNDA:0,(anonymous_9)
DA:1,0
DA:4,0
DA:8,0
DA:10,0
DA:12,0
DA:14,0
DA:16,0
DA:27,0
DA:28,0
DA:33,0
DA:34,0
DA:35,0
DA:37,0
DA:42,0
DA:44,0
DA:45,0
DA:46,0
DA:47,0
DA:48,0
DA:53,0
DA:57,0
DA:63,0
DA:64,0
DA:89,0
DA:90,0
DA:91,0
DA:92,0
LF:27
LH:0
BRDA:12,0,0,0
BRDA:12,0,1,0
BRDA:12,1,0,0
BRDA:12,1,1,0
BRDA:33,2,0,0
BRDA:33,2,1,0
BRDA:33,3,0,0
BRDA:33,3,1,0
BRDA:33,3,2,0
BRDA:33,3,3,0
BRDA:46,4,0,0
BRDA:46,4,1,0
BRDA:46,5,0,0
BRDA:46,5,1,0
BRDA:47,6,0,0
BRDA:47,6,1,0
BRDA:89,7,0,0
BRDA:89,7,1,0
BRDA:90,8,0,0
BRDA:90,8,1,0
BRDA:91,9,0,0
BRDA:91,9,1,0
BRF:22
BRH:0
end_of_record
TN:
SF:D:\test\renren-fast-vue\src\views\role\add-or-update.vue
FN:1,(anonymous_0)
FN:14,_interopRequireDefault
FN:48,data
FN:69,init
FN:73,(anonymous_4)
FN:77,(anonymous_5)
FN:79,(anonymous_6)
FN:83,(anonymous_7)
FN:85,(anonymous_8)
FN:103,dataFormSubmit
FN:106,(anonymous_10)
FN:115,(anonymous_11)
FN:123,onClose
FN:140,render
FN:140,(anonymous_14)
FN:140,(anonymous_15)
FN:140,(anonymous_16)
FN:140,(anonymous_17)
FN:140,(anonymous_18)
FN:140,(anonymous_19)
FNF:20
FNH:0
FNDA:0,(anonymous_0)
FNDA:0,_interopRequireDefault
FNDA:0,data
FNDA:0,init
FNDA:0,(anonymous_4)
FNDA:0,(anonymous_5)
FNDA:0,(anonymous_6)
FNDA:0,(anonymous_7)
FNDA:0,(anonymous_8)
FNDA:0,dataFormSubmit
FNDA:0,(anonymous_10)
FNDA:0,(anonymous_11)
FNDA:0,onClose
FNDA:0,render
FNDA:0,(anonymous_14)
FNDA:0,(anonymous_15)
FNDA:0,(anonymous_16)
FNDA:0,(anonymous_17)
FNDA:0,(anonymous_18)
FNDA:0,(anonymous_19)
DA:1,0
DA:4,0
DA:8,0
DA:10,0
DA:12,0
DA:14,0
DA:47,0
DA:49,0
DA:70,0
DA:72,0
DA:73,0
DA:74,0
DA:76,0
DA:78,0
DA:79,0
DA:80,0
DA:81,0
DA:84,0
DA:85,0
DA:86,0
DA:88,0
DA:89,0
DA:90,0
DA:91,0
DA:92,0
DA:93,0
DA:95,0
DA:104,0
DA:106,0
DA:107,0
DA:108,0
DA:114,0
DA:115,0
DA:116,0
DA:118,0
DA:119,0
DA:124,0
DA:125,0
DA:129,0
DA:138,0
DA:139,0
DA:140,0
DA:141,0
LF:43
LH:0
BRDA:14,0,0,0
BRDA:14,0,1,0
BRDA:14,1,0,0
BRDA:14,1,1,0
BRDA:72,2,0,0
BRDA:72,2,1,0
BRDA:84,3,0,0
BRDA:84,3,1,0
BRDA:88,4,0,0
BRDA:88,4,1,0
BRDA:88,5,0,0
BRDA:88,5,1,0
BRDA:92,6,0,0
BRDA:92,6,1,0
BRDA:107,7,0,0
BRDA:107,7,1,0
BRDA:109,8,0,0
BRDA:109,8,1,0
BRDA:114,9,0,0
BRDA:114,9,1,0
BRDA:118,10,0,0
BRDA:118,10,1,0
BRDA:118,11,0,0
BRDA:118,11,1,0
BRDA:138,12,0,0
BRDA:138,12,1,0
BRDA:139,13,0,0
BRDA:139,13,1,0
BRDA:140,14,0,0
BRDA:140,14,1,0
BRDA:140,15,0,0
BRDA:140,15,1,0
BRDA:140,16,0,0
BRDA:140,16,1,0
BRDA:140,17,0,0
BRDA:140,17,1,0
BRF:36
BRH:0
end_of_record
TN:
SF:D:\test\renren-fast-vue\src\views\role\index.vue
FN:1,(anonymous_0)
FN:16,_interopRequireDefault
FN:96,data
FN:114,activated
FN:120,getDataList
FN:129,(anonymous_5)
FN:144,sizeChangeHandle
FN:151,currentChangeHandle
FN:157,selectionChangeHandle
FN:162,addOrUpdateHandle
FN:166,(anonymous_10)
FN:172,deleteHandle
FN:175,(anonymous_12)
FN:182,(anonymous_13)
FN:183,(anonymous_14)
FN:191,onClose
FN:206,render
FN:206,(anonymous_17)
FN:206,(anonymous_18)
FN:206,(anonymous_19)
FN:206,(anonymous_20)
FN:206,(anonymous_21)
FN:206,(anonymous_22)
FN:206,(anonymous_23)
FN:206,(anonymous_24)
FNF:25
FNH:0
FNDA:0,(anonymous_0)
FNDA:0,_interopRequireDefault
FNDA:0,data
FNDA:0,activated
FNDA:0,getDataList
FNDA:0,(anonymous_5)
FNDA:0,sizeChangeHandle
FNDA:0,currentChangeHandle
FNDA:0,selectionChangeHandle
FNDA:0,addOrUpdateHandle
FNDA:0,(anonymous_10)
FNDA:0,deleteHandle
FNDA:0,(anonymous_12)
FNDA:0,(anonymous_13)
FNDA:0,(anonymous_14)
FNDA:0,onClose
FNDA:0,render
FNDA:0,(anonymous_17)
FNDA:0,(anonymous_18)
FNDA:0,(anonymous_19)
FNDA:0,(anonymous_20)
FNDA:0,(anonymous_21)
FNDA:0,(anonymous_22)
FNDA:0,(anonymous_23)
FNDA:0,(anonymous_24)
DA:1,0
DA:4,0
DA:8,0
DA:10,0
DA:12,0
DA:14,0
DA:16,0
DA:95,0
DA:97,0
DA:115,0
DA:121,0
DA:123,0
DA:124,0
DA:129,0
DA:130,0
DA:132,0
DA:133,0
DA:134,0
DA:136,0
DA:137,0
DA:139,0
DA:145,0
DA:146,0
DA:147,0
DA:152,0
DA:153,0
DA:158,0
DA:163,0
DA:165,0
DA:166,0
DA:167,0
DA:173,0
DA:175,0
DA:176,0
DA:178,0
DA:183,0
DA:184,0
DA:186,0
DA:187,0
DA:192,0
DA:196,0
DA:204,0
DA:205,0
DA:206,0
DA:207,0
LF:45
LH:0
BRDA:16,0,0,0
BRDA:16,0,1,0
BRDA:16,1,0,0
BRDA:16,1,1,0
BRDA:132,2,0,0
BRDA:132,2,1,0
BRDA:132,3,0,0
BRDA:132,3,1,0
BRDA:175,4,0,0
BRDA:175,4,1,0
BRDA:178,5,0,0
BRDA:178,5,1,0
BRDA:186,6,0,0
BRDA:186,6,1,0
BRDA:186,7,0,0
BRDA:186,7,1,0
BRDA:204,8,0,0
BRDA:204,8,1,0
BRDA:205,9,0,0
BRDA:205,9,1,0
BRDA:206,10,0,0
BRDA:206,10,1,0
BRDA:206,11,0,0
BRDA:206,11,1,0
BRDA:206,12,0,0
BRDA:206,12,1,0
BRDA:206,13,0,0
BRDA:206,13,1,0
BRDA:206,14,0,0
BRDA:206,14,1,0
BRDA:206,15,0,0
BRDA:206,15,1,0
BRDA:206,16,0,0
BRDA:206,16,1,0
BRDA:206,17,0,0
BRDA:206,17,1,0
BRF:36
BRH:0
end_of_record
TN:
SF:D:\test\renren-fast-vue\src\views\schedule\add-or-update.vue
FN:1,(anonymous_0)
FN:12,_interopRequireDefault
FN:15,data
FN:36,init
FN:41,(anonymous_4)
FN:44,(anonymous_5)
FN:61,dataFormSubmit
FN:64,(anonymous_7)
FN:76,(anonymous_8)
FN:84,onClose
FN:129,render
FN:129,(anonymous_11)
FN:129,(anonymous_12)
FN:129,(anonymous_13)
FN:129,(anonymous_14)
FN:129,(anonymous_15)
FN:129,(anonymous_16)
FN:129,(anonymous_17)
FN:129,(anonymous_18)
FN:129,(anonymous_19)
FNF:20
FNH:0
FNDA:0,(anonymous_0)
FNDA:0,_interopRequireDefault
FNDA:0,data
FNDA:0,init
FNDA:0,(anonymous_4)
FNDA:0,(anonymous_5)
FNDA:0,dataFormSubmit
FNDA:0,(anonymous_7)
FNDA:0,(anonymous_8)
FNDA:0,onClose
FNDA:0,render
FNDA:0,(anonymous_11)
FNDA:0,(anonymous_12)
FNDA:0,(anonymous_13)
FNDA:0,(anonymous_14)
FNDA:0,(anonymous_15)
FNDA:0,(anonymous_16)
FNDA:0,(anonymous_17)
FNDA:0,(anonymous_18)
FNDA:0,(anonymous_19)
DA:1,0
DA:4,0
DA:8,0
DA:10,0
DA:12,0
DA:14,0
DA:16,0
DA:37,0
DA:39,0
DA:40,0
DA:41,0
DA:42,0
DA:43,0
DA:44,0
DA:45,0
DA:47,0
DA:48,0
DA:49,0
DA:50,0
DA:51,0
DA:52,0
DA:53,0
DA:62,0
DA:64,0
DA:65,0
DA:66,0
DA:75,0
DA:76,0
DA:77,0
DA:79,0
DA:80,0
DA:85,0
DA:86,0
DA:90,0
DA:127,0
DA:128,0
DA:129,0
DA:130,0
LF:38
LH:0
BRDA:12,0,0,0
BRDA:12,0,1,0
BRDA:12,1,0,0
BRDA:12,1,1,0
BRDA:39,2,0,0
BRDA:39,2,1,0
BRDA:43,3,0,0
BRDA:43,3,1,0
BRDA:47,4,0,0
BRDA:47,4,1,0
BRDA:47,5,0,0
BRDA:47,5,1,0
BRDA:65,6,0,0
BRDA:65,6,1,0
BRDA:67,7,0,0
BRDA:67,7,1,0
BRDA:73,8,0,0
BRDA:73,8,1,0
BRDA:75,9,0,0
BRDA:75,9,1,0
BRDA:79,10,0,0
BRDA:79,10,1,0
BRDA:79,11,0,0
BRDA:79,11,1,0
BRDA:127,12,0,0
BRDA:127,12,1,0
BRDA:128,13,0,0
BRDA:128,13,1,0
BRDA:129,14,0,0
BRDA:129,14,1,0
BRDA:129,15,0,0
BRDA:129,15,1,0
BRDA:129,16,0,0
BRDA:129,16,1,0
BRDA:129,17,0,0
BRDA:129,17,1,0
BRF:36
BRH:0
end_of_record
TN:
SF:D:\test\renren-fast-vue\src\views\schedule\index.vue
FN:1,(anonymous_0)
FN:20,_interopRequireDefault
FN:23,data
FN:43,activated
FN:49,getDataList
FN:58,(anonymous_5)
FN:73,sizeChangeHandle
FN:80,currentChangeHandle
FN:86,selectionChangeHandle
FN:91,addOrUpdateHandle
FN:95,(anonymous_10)
FN:101,deleteHandle
FN:104,(anonymous_12)
FN:111,(anonymous_13)
FN:112,(anonymous_14)
FN:120,onClose
FN:132,pauseHandle
FN:135,(anonymous_17)
FN:142,(anonymous_18)
FN:143,(anonymous_19)
FN:151,onClose
FN:163,resumeHandle
FN:166,(anonymous_22)
FN:173,(anonymous_23)
FN:174,(anonymous_24)
FN:182,onClose
FN:194,runHandle
FN:197,(anonymous_27)
FN:204,(anonymous_28)
FN:205,(anonymous_29)
FN:213,onClose
FN:225,logHandle
FN:229,(anonymous_32)
FN:343,render
FN:343,(anonymous_34)
FN:343,(anonymous_35)
FN:343,(anonymous_36)
FN:343,(anonymous_37)
FN:343,(anonymous_38)
FN:343,(anonymous_39)
FN:343,(anonymous_40)
FN:343,(anonymous_41)
FN:343,(anonymous_42)
FN:343,(anonymous_43)
FN:343,(anonymous_44)
FN:343,(anonymous_45)
FN:343,(anonymous_46)
FN:343,(anonymous_47)
FN:343,(anonymous_48)
FN:343,(anonymous_49)
FNF:50
FNH:0
FNDA:0,(anonymous_0)
FNDA:0,_interopRequireDefault
FNDA:0,data
FNDA:0,activated
FNDA:0,getDataList
FNDA:0,(anonymous_5)
FNDA:0,sizeChangeHandle
FNDA:0,currentChangeHandle
FNDA:0,selectionChangeHandle
FNDA:0,addOrUpdateHandle
FNDA:0,(anonymous_10)
FNDA:0,deleteHandle
FNDA:0,(anonymous_12)
FNDA:0,(anonymous_13)
FNDA:0,(anonymous_14)
FNDA:0,onClose
FNDA:0,pauseHandle
FNDA:0,(anonymous_17)
FNDA:0,(anonymous_18)
FNDA:0,(anonymous_19)
FNDA:0,onClose
FNDA:0,resumeHandle
FNDA:0,(anonymous_22)
FNDA:0,(anonymous_23)
FNDA:0,(anonymous_24)
FNDA:0,onClose
FNDA:0,runHandle
FNDA:0,(anonymous_27)
FNDA:0,(anonymous_28)
FNDA:0,(anonymous_29)
FNDA:0,onClose
FNDA:0,logHandle
FNDA:0,(anonymous_32)
FNDA:0,render
FNDA:0,(anonymous_34)
FNDA:0,(anonymous_35)
FNDA:0,(anonymous_36)
FNDA:0,(anonymous_37)
FNDA:0,(anonymous_38)
FNDA:0,(anonymous_39)
FNDA:0,(anonymous_40)
FNDA:0,(anonymous_41)
FNDA:0,(anonymous_42)
FNDA:0,(anonymous_43)
FNDA:0,(anonymous_44)
FNDA:0,(anonymous_45)
FNDA:0,(anonymous_46)
FNDA:0,(anonymous_47)
FNDA:0,(anonymous_48)
FNDA:0,(anonymous_49)
DA:1,0
DA:4,0
DA:8,0
DA:10,0
DA:12,0
DA:14,0
DA:16,0
DA:18,0
DA:20,0
DA:22,0
DA:24,0
DA:44,0
DA:50,0
DA:52,0
DA:53,0
DA:58,0
DA:59,0
DA:61,0
DA:62,0
DA:63,0
DA:65,0
DA:66,0
DA:68,0
DA:74,0
DA:75,0
DA:76,0
DA:81,0
DA:82,0
DA:87,0
DA:92,0
DA:94,0
DA:95,0
DA:96,0
DA:102,0
DA:104,0
DA:105,0
DA:107,0
DA:112,0
DA:113,0
DA:115,0
DA:116,0
DA:121,0
DA:125,0
DA:133,0
DA:135,0
DA:136,0
DA:138,0
DA:143,0
DA:144,0
DA:146,0
DA:147,0
DA:152,0
DA:156,0
DA:164,0
DA:166,0
DA:167,0
DA:169,0
DA:174,0
DA:175,0
DA:177,0
DA:178,0
DA:183,0
DA:187,0
DA:195,0
DA:197,0
DA:198,0
DA:200,0
DA:205,0
DA:206,0
DA:208,0
DA:209,0
DA:214,0
DA:218,0
DA:226,0
DA:228,0
DA:229,0
DA:230,0
DA:341,0
DA:342,0
DA:343,0
DA:344,0
LF:81
LH:0
BRDA:20,0,0,0
BRDA:20,0,1,0
BRDA:20,1,0,0
BRDA:20,1,1,0
BRDA:61,2,0,0
BRDA:61,2,1,0
BRDA:61,3,0,0
BRDA:61,3,1,0
BRDA:104,4,0,0
BRDA:104,4,1,0
BRDA:107,5,0,0
BRDA:107,5,1,0
BRDA:115,6,0,0
BRDA:115,6,1,0
BRDA:115,7,0,0
BRDA:115,7,1,0
BRDA:135,8,0,0
BRDA:135,8,1,0
BRDA:138,9,0,0
BRDA:138,9,1,0
BRDA:146,10,0,0
BRDA:146,10,1,0
BRDA:146,11,0,0
BRDA:146,11,1,0
BRDA:166,12,0,0
BRDA:166,12,1,0
BRDA:169,13,0,0
BRDA:169,13,1,0
BRDA:177,14,0,0
BRDA:177,14,1,0
BRDA:177,15,0,0
BRDA:177,15,1,0
BRDA:197,16,0,0
BRDA:197,16,1,0
BRDA:200,17,0,0
BRDA:200,17,1,0
BRDA:208,18,0,0
BRDA:208,18,1,0
BRDA:208,19,0,0
BRDA:208,19,1,0
BRDA:341,20,0,0
BRDA:341,20,1,0
BRDA:342,21,0,0
BRDA:342,21,1,0
BRDA:343,22,0,0
BRDA:343,22,1,0
BRDA:343,23,0,0
BRDA:343,23,1,0
BRDA:343,24,0,0
BRDA:343,24,1,0
BRDA:343,25,0,0
BRDA:343,25,1,0
BRDA:343,26,0,0
BRDA:343,26,1,0
BRDA:343,27,0,0
BRDA:343,27,1,0
BRDA:343,28,0,0
BRDA:343,28,1,0
BRDA:343,29,0,0
BRDA:343,29,1,0
BRDA:343,30,0,0
BRDA:343,30,1,0
BRDA:343,31,0,0
BRDA:343,31,1,0
BRDA:343,32,0,0
BRDA:343,32,1,0
BRDA:343,33,0,0
BRDA:343,33,1,0
BRDA:343,34,0,0
BRDA:343,34,1,0
BRDA:343,35,0,0
BRDA:343,35,1,0
BRDA:343,36,0,0
BRDA:343,36,1,0
BRDA:343,37,0,0
BRDA:343,37,1,0
BRDA:343,38,0,0
BRDA:343,38,1,0
BRF:78
BRH:0
end_of_record
TN:
SF:D:\test\renren-fast-vue\src\views\schedule\log.vue
FN:1,(anonymous_0)
FN:12,_interopRequireDefault
FN:15,data
FN:30,init
FN:36,getDataList
FN:45,(anonymous_5)
FN:60,sizeChangeHandle
FN:67,currentChangeHandle
FN:73,showErrorInfo
FN:76,(anonymous_9)
FN:178,render
FN:178,(anonymous_11)
FN:178,(anonymous_12)
FN:178,(anonymous_13)
FN:178,(anonymous_14)
FN:178,(anonymous_15)
FN:178,(anonymous_16)
FNF:17
FNH:0
FNDA:0,(anonymous_0)
FNDA:0,_interopRequireDefault
FNDA:0,data
FNDA:0,init
FNDA:0,getDataList
FNDA:0,(anonymous_5)
FNDA:0,sizeChangeHandle
FNDA:0,currentChangeHandle
FNDA:0,showErrorInfo
FNDA:0,(anonymous_9)
FNDA:0,render
FNDA:0,(anonymous_11)
FNDA:0,(anonymous_12)
FNDA:0,(anonymous_13)
FNDA:0,(anonymous_14)
FNDA:0,(anonymous_15)
FNDA:0,(anonymous_16)
DA:1,0
DA:4,0
DA:8,0
DA:10,0
DA:12,0
DA:14,0
DA:16,0
DA:31,0
DA:32,0
DA:37,0
DA:39,0
DA:40,0
DA:45,0
DA:46,0
DA:48,0
DA:49,0
DA:50,0
DA:52,0
DA:53,0
DA:55,0
DA:61,0
DA:62,0
DA:63,0
DA:68,0
DA:69,0
DA:74,0
DA:76,0
DA:77,0
DA:79,0
DA:80,0
DA:82,0
DA:176,0
DA:177,0
DA:178,0
DA:179,0
LF:35
LH:0
BRDA:12,0,0,0
BRDA:12,0,1,0
BRDA:12,1,0,0
BRDA:12,1,1,0
BRDA:48,2,0,0
BRDA:48,2,1,0
BRDA:48,3,0,0
BRDA:48,3,1,0
BRDA:79,4,0,0
BRDA:79,4,1,0
BRDA:79,5,0,0
BRDA:79,5,1,0
BRDA:176,6,0,0
BRDA:176,6,1,0
BRDA:177,7,0,0
BRDA:177,7,1,0
BRDA:178,8,0,0
BRDA:178,8,1,0
BRDA:178,9,0,0
BRDA:178,9,1,0
BRDA:178,10,0,0
BRDA:178,10,1,0
BRDA:178,11,0,0
BRDA:178,11,1,0
BRF:24
BRH:0
end_of_record
TN:
SF:D:\test\renren-fast-vue\src\views\user\add-or-update.vue
FN:1,(anonymous_0)
FN:14,_interopRequireDefault
FN:58,data
FN:61,validatePassword
FN:68,validateComfirmPassword
FN:77,validateEmail
FN:84,validateMobile
FN:116,init
FN:120,(anonymous_8)
FN:124,(anonymous_9)
FN:126,(anonymous_10)
FN:129,(anonymous_11)
FN:131,(anonymous_12)
FN:148,dataFormSubmit
FN:151,(anonymous_14)
FN:164,(anonymous_15)
FN:172,onClose
FN:189,render
FN:189,(anonymous_18)
FN:189,(anonymous_19)
FN:189,(anonymous_20)
FN:189,(anonymous_21)
FN:189,(anonymous_22)
FN:189,(anonymous_23)
FN:189,(anonymous_24)
FN:189,(anonymous_25)
FN:189,(anonymous_26)
FN:189,(anonymous_27)
FN:189,(anonymous_28)
FN:189,(anonymous_29)
FNF:30
FNH:0
FNDA:0,(anonymous_0)
FNDA:0,_interopRequireDefault
FNDA:0,data
FNDA:0,validatePassword
FNDA:0,validateComfirmPassword
FNDA:0,validateEmail
FNDA:0,validateMobile
FNDA:0,init
FNDA:0,(anonymous_8)
FNDA:0,(anonymous_9)
FNDA:0,(anonymous_10)
FNDA:0,(anonymous_11)
FNDA:0,(anonymous_12)
FNDA:0,dataFormSubmit
FNDA:0,(anonymous_14)
FNDA:0,(anonymous_15)
FNDA:0,onClose
FNDA:0,render
FNDA:0,(anonymous_18)
FNDA:0,(anonymous_19)
FNDA:0,(anonymous_20)
FNDA:0,(anonymous_21)
FNDA:0,(anonymous_22)
FNDA:0,(anonymous_23)
FNDA:0,(anonymous_24)
FNDA:0,(anonymous_25)
FNDA:0,(anonymous_26)
FNDA:0,(anonymous_27)
FNDA:0,(anonymous_28)
FNDA:0,(anonymous_29)
DA:1,0
DA:4,0
DA:8,0
DA:10,0
DA:12,0
DA:14,0
DA:57,0
DA:59,0
DA:61,0
DA:62,0
DA:63,0
DA:65,0
DA:68,0
DA:69,0
DA:70,0
DA:71,0
DA:72,0
DA:74,0
DA:77,0
DA:78,0
DA:79,0
DA:81,0
DA:84,0
DA:85,0
DA:86,0
DA:88,0
DA:91,0
DA:117,0
DA:119,0
DA:120,0
DA:121,0
DA:123,0
DA:125,0
DA:126,0
DA:127,0
DA:130,0
DA:131,0
DA:132,0
DA:134,0
DA:135,0
DA:136,0
DA:137,0
DA:138,0
DA:139,0
DA:140,0
DA:149,0
DA:151,0
DA:152,0
DA:153,0
DA:163,0
DA:164,0
DA:165,0
DA:167,0
DA:168,0
DA:173,0
DA:174,0
DA:178,0
DA:187,0
DA:188,0
DA:189,0
DA:190,0
LF:61
LH:0
BRDA:14,0,0,0
BRDA:14,0,1,0
BRDA:14,1,0,0
BRDA:14,1,1,0
BRDA:62,2,0,0
BRDA:62,2,1,0
BRDA:62,3,0,0
BRDA:62,3,1,0
BRDA:69,4,0,0
BRDA:69,4,1,0
BRDA:69,5,0,0
BRDA:69,5,1,0
BRDA:71,6,0,0
BRDA:71,6,1,0
BRDA:78,7,0,0
BRDA:78,7,1,0
BRDA:85,8,0,0
BRDA:85,8,1,0
BRDA:119,9,0,0
BRDA:119,9,1,0
BRDA:123,10,0,0
BRDA:123,10,1,0
BRDA:123,11,0,0
BRDA:123,11,1,0
BRDA:130,12,0,0
BRDA:130,12,1,0
BRDA:134,13,0,0
BRDA:134,13,1,0
BRDA:134,14,0,0
BRDA:134,14,1,0
BRDA:152,15,0,0
BRDA:152,15,1,0
BRDA:154,16,0,0
BRDA:154,16,1,0
BRDA:163,17,0,0
BRDA:163,17,1,0
BRDA:167,18,0,0
BRDA:167,18,1,0
BRDA:167,19,0,0
BRDA:167,19,1,0
BRDA:187,20,0,0
BRDA:187,20,1,0
BRDA:188,21,0,0
BRDA:188,21,1,0
BRDA:189,22,0,0
BRDA:189,22,1,0
BRDA:189,23,0,0
BRDA:189,23,1,0
BRDA:189,24,0,0
BRDA:189,24,1,0
BRDA:189,25,0,0
BRDA:189,25,1,0
BRF:52
BRH:0
end_of_record
TN:
SF:D:\test\renren-fast-vue\src\views\user\index.vue
FN:1,(anonymous_0)
FN:16,_interopRequireDefault
FN:112,data
FN:130,activated
FN:136,getDataList
FN:145,(anonymous_5)
FN:160,sizeChangeHandle
FN:167,currentChangeHandle
FN:173,selectionChangeHandle
FN:178,addOrUpdateHandle
FN:182,(anonymous_10)
FN:188,deleteHandle
FN:191,(anonymous_12)
FN:198,(anonymous_13)
FN:199,(anonymous_14)
FN:207,onClose
FN:222,render
FN:222,(anonymous_17)
FN:222,(anonymous_18)
FN:222,(anonymous_19)
FN:222,(anonymous_20)
FN:222,(anonymous_21)
FN:222,(anonymous_22)
FN:222,(anonymous_23)
FN:222,(anonymous_24)
FN:222,(anonymous_25)
FNF:26
FNH:0
FNDA:0,(anonymous_0)
FNDA:0,_interopRequireDefault
FNDA:0,data
FNDA:0,activated
FNDA:0,getDataList
FNDA:0,(anonymous_5)
FNDA:0,sizeChangeHandle
FNDA:0,currentChangeHandle
FNDA:0,selectionChangeHandle
FNDA:0,addOrUpdateHandle
FNDA:0,(anonymous_10)
FNDA:0,deleteHandle
FNDA:0,(anonymous_12)
FNDA:0,(anonymous_13)
FNDA:0,(anonymous_14)
FNDA:0,onClose
FNDA:0,render
FNDA:0,(anonymous_17)
FNDA:0,(anonymous_18)
FNDA:0,(anonymous_19)
FNDA:0,(anonymous_20)
FNDA:0,(anonymous_21)
FNDA:0,(anonymous_22)
FNDA:0,(anonymous_23)
FNDA:0,(anonymous_24)
FNDA:0,(anonymous_25)
DA:1,0
DA:4,0
DA:8,0
DA:10,0
DA:12,0
DA:14,0
DA:16,0
DA:111,0
DA:113,0
DA:131,0
DA:137,0
DA:139,0
DA:140,0
DA:145,0
DA:146,0
DA:148,0
DA:149,0
DA:150,0
DA:152,0
DA:153,0
DA:155,0
DA:161,0
DA:162,0
DA:163,0
DA:168,0
DA:169,0
DA:174,0
DA:179,0
DA:181,0
DA:182,0
DA:183,0
DA:189,0
DA:191,0
DA:192,0
DA:194,0
DA:199,0
DA:200,0
DA:202,0
DA:203,0
DA:208,0
DA:212,0
DA:220,0
DA:221,0
DA:222,0
DA:223,0
LF:45
LH:0
BRDA:16,0,0,0
BRDA:16,0,1,0
BRDA:16,1,0,0
BRDA:16,1,1,0
BRDA:148,2,0,0
BRDA:148,2,1,0
BRDA:148,3,0,0
BRDA:148,3,1,0
BRDA:191,4,0,0
BRDA:191,4,1,0
BRDA:194,5,0,0
BRDA:194,5,1,0
BRDA:202,6,0,0
BRDA:202,6,1,0
BRDA:202,7,0,0
BRDA:202,7,1,0
BRDA:220,8,0,0
BRDA:220,8,1,0
BRDA:221,9,0,0
BRDA:221,9,1,0
BRDA:222,10,0,0
BRDA:222,10,1,0
BRDA:222,11,0,0
BRDA:222,11,1,0
BRDA:222,12,0,0
BRDA:222,12,1,0
BRDA:222,13,0,0
BRDA:222,13,1,0
BRDA:222,14,0,0
BRDA:222,14,1,0
BRDA:222,15,0,0
BRDA:222,15,1,0
BRDA:222,16,0,0
BRDA:222,16,1,0
BRDA:222,17,0,0
BRDA:222,17,1,0
BRDA:222,18,0,0
BRDA:222,18,1,0
BRF:38
BRH:0
end_of_record
